<?xml version="1.0" encoding="utf-8"?><testsuites name="pytest tests"><testsuite name="pytest" errors="0" failures="1" skipped="0" tests="12" time="6.339" timestamp="2026-02-09T12:38:07.058610+00:00" hostname="agent-env-45fe34e6-3516-43f3-905e-6c313a1e2d69"><testcase classname="backend.tests.test_member_pages_creation.TestMemberPagesAPI" name="test_1_page_types_api" time="0.340" /><testcase classname="backend.tests.test_member_pages_creation.TestMemberPagesAPI" name="test_2_check_slug_availability" time="0.416" /><testcase classname="backend.tests.test_member_pages_creation.TestMemberPagesAPI" name="test_3_create_page_returns_valid_json" time="0.338" /><testcase classname="backend.tests.test_member_pages_creation.TestMemberPagesAPI" name="test_4_get_my_pages" time="0.321" /><testcase classname="backend.tests.test_member_pages_creation.TestMemberPagesAPI" name="test_5_discover_pages" time="0.316" /><testcase classname="backend.tests.test_member_pages_creation.TestMemberPagesAPI" name="test_6_create_and_get_page" time="0.384" /><testcase classname="backend.tests.test_member_pages_creation.TestMemberPagesAPI" name="test_7_update_page" time="0.389" /><testcase classname="backend.tests.test_member_pages_creation.TestMemberPagesAPI" name="test_8_delete_page" time="0.443" /><testcase classname="backend.tests.test_member_pages_creation.TestFollowUnfollow" name="test_1_get_discoverable_pages" time="0.348" /><testcase classname="backend.tests.test_member_pages_creation.TestMultiplePageCreation" name="test_rapid_page_creation" time="2.205" /><testcase classname="backend.tests.test_member_pages_creation.TestResponseBodyIntegrity" name="test_response_is_clean_json" time="0.328"><failure message="AssertionError: Response contains 'clone' error&#10;assert 'clone' not in '{&quot;pages&quot;:[{...ner&quot;:true}]}'&#10;  &#10;  'clone' is contained here:&#10;    {&quot;pages&quot;:[{&quot;page_id&quot;:&quot;mpage_ae3497f388cf&quot;,&quot;owner_id&quot;:&quot;user_ae42559c91e9&quot;,&quot;page_type&quot;:&quot;store&quot;,&quot;name&quot;:&quot;test store&quot;,&quot;slug&quot;:&quot;test-store&quot;,&quot;description&quot;:&quot;my test store&quot;,&quot;category&quot;:&quot;&quot;,&quot;cover_image&quot;:&quot;&quot;,&quot;logo_image&quot;:&quot;&quot;,&quot;theme_color&quot;:&quot;#10b981&quot;,&quot;settings&quot;:{&quot;order_types&quot;:[],&quot;accepts_cash&quot;:true,&quot;accepts_card&quot;:true,&quot;show_referral_link&quot;:true,&quot;enable_reviews&quot;:true,&quot;enable_ratings&quot;:true},&quot;locations&quot;:[],&quot;is_published&quot;:true,&quot;is_verified&quot;:false,&quot;subscriber_count&quot;:2,&quot;total_views&quot;:0,&quot;total_orders&quot;:0,&quot;total_revenue&quot;:0.0,&quot;rating_average&quot;:0.0,&quot;rating_count&quot;:0,&quot;referral_code&quot;:&quot;9bf2b9ee&quot;,&quot;...&#10;  &#10;  ...Full output truncated (2 lines hidden), use '-vv' to show">backend/tests/test_member_pages_creation.py:379: in test_response_is_clean_json
    assert "clone" not in text, "Response contains 'clone' error"
E   AssertionError: Response contains 'clone' error
E   assert 'clone' not in '{"pages":[{...ner":true}]}'
E     
E     'clone' is contained here:
E       {"pages":[{"page_id":"mpage_ae3497f388cf","owner_id":"user_ae42559c91e9","page_type":"store","name":"test store","slug":"test-store","description":"my test store","category":"","cover_image":"","logo_image":"","theme_color":"#10b981","settings":{"order_types":[],"accepts_cash":true,"accepts_card":true,"show_referral_link":true,"enable_reviews":true,"enable_ratings":true},"locations":[],"is_published":true,"is_verified":false,"subscriber_count":2,"total_views":0,"total_orders":0,"total_revenue":0.0,"rating_average":0.0,"rating_count":0,"referral_code":"9bf2b9ee","...
E     
E     ...Full output truncated (2 lines hidden), use '-vv' to show</failure></testcase><testcase classname="backend.tests.test_member_pages_creation.TestResponseBodyIntegrity" name="test_create_page_response_integrity" time="0.411" /></testsuite></testsuites>