<?xml version="1.0" encoding="utf-8"?><testsuites name="pytest tests"><testsuite name="pytest" errors="0" failures="0" skipped="1" tests="17" time="5.621" timestamp="2026-01-29T22:53:35.614788+00:00" hostname="agent-env-4537e4ac-3406-4f00-91f3-a491a55a4f71"><testcase classname="backend.tests.test_bot_battle_unlock.TestBotBattleUnlockSystem" name="test_get_bot_battle_stats" time="0.317" /><testcase classname="backend.tests.test_bot_battle_unlock.TestBotBattleUnlockSystem" name="test_record_easy_bot_win" time="0.392" /><testcase classname="backend.tests.test_bot_battle_unlock.TestBotBattleUnlockSystem" name="test_record_bot_loss" time="0.295" /><testcase classname="backend.tests.test_bot_battle_unlock.TestBotBattleUnlockSystem" name="test_medium_bot_unlock_check" time="0.291" /><testcase classname="backend.tests.test_bot_battle_unlock.TestBotBattleUnlockSystem" name="test_record_medium_bot_win" time="0.299" /><testcase classname="backend.tests.test_bot_battle_unlock.TestBotBattleUnlockSystem" name="test_unlock_bonus_structure" time="0.293" /><testcase classname="backend.tests.test_bot_battle_unlock.TestBotBattleUnlockSystem" name="test_invalid_difficulty_rejected" time="0.342" /><testcase classname="backend.tests.test_bot_battle_unlock.TestBotBattleUnlockSystem" name="test_unauthenticated_request_rejected" time="0.331" /><testcase classname="backend.tests.test_bot_battle_unlock.TestBotBattleStart" name="test_start_easy_bot_battle" time="0.288"><skipped type="pytest.skip" message="No minted photos available for testing">/app/backend/tests/test_bot_battle_unlock.py:243: No minted photos available for testing</skipped></testcase><testcase classname="backend.tests.test_bot_battle_tracking.TestBotBattleTracking" name="test_get_bot_battle_stats" time="0.289" /><testcase classname="backend.tests.test_bot_battle_tracking.TestBotBattleTracking" name="test_start_bot_battle" time="0.336" /><testcase classname="backend.tests.test_bot_battle_tracking.TestBotBattleTracking" name="test_record_bot_battle_result_win" time="0.374" /><testcase classname="backend.tests.test_bot_battle_tracking.TestBotBattleTracking" name="test_record_bot_battle_result_loss" time="0.336" /><testcase classname="backend.tests.test_bot_battle_tracking.TestRoundResultRecording" name="test_record_round_win" time="0.384" /><testcase classname="backend.tests.test_bot_battle_tracking.TestRoundResultRecording" name="test_record_round_loss" time="0.338" /><testcase classname="backend.tests.test_bot_battle_tracking.TestRoundResultRecording" name="test_xp_multiplier_with_subscription" time="0.357" /><testcase classname="backend.tests.test_bot_battle_tracking.TestBattlePhotos" name="test_get_battle_photos" time="0.297" /></testsuite></testsuites>