<?xml version="1.0" encoding="utf-8"?><testsuites name="pytest tests"><testsuite name="pytest" errors="0" failures="1" skipped="0" tests="12" time="9.383" timestamp="2026-02-15T07:47:00.006004+00:00" hostname="agent-env-e83a5e27-6cca-48f7-b57d-4b6c3fce8969"><testcase classname="backend.tests.test_iteration161_bl_coins_subscriptions.TestBLCoinsCheckout" name="test_bl_coins_starter_quantity_1" time="0.877" /><testcase classname="backend.tests.test_iteration161_bl_coins_subscriptions.TestBLCoinsCheckout" name="test_bl_coins_ultimate_quantity_2" time="0.807" /><testcase classname="backend.tests.test_iteration161_bl_coins_subscriptions.TestBLCoinsCheckout" name="test_bl_coins_ultimate_quantity_3" time="0.703" /><testcase classname="backend.tests.test_iteration161_bl_coins_subscriptions.TestBLCoinsCheckout" name="test_bl_coins_price_mismatch_rejected" time="0.536" /><testcase classname="backend.tests.test_iteration161_bl_coins_subscriptions.TestStripeConnectOnboarding" name="test_stripe_connect_onboard" time="0.758" /><testcase classname="backend.tests.test_iteration161_bl_coins_subscriptions.TestStripeConnectOnboarding" name="test_stripe_connect_status" time="0.843" /><testcase classname="backend.tests.test_iteration161_bl_coins_subscriptions.TestSubscriptionCheckout" name="test_subscription_checkout_bronze" time="1.105" /><testcase classname="backend.tests.test_iteration161_bl_coins_subscriptions.TestSubscriptionCheckout" name="test_subscription_checkout_silver" time="1.036" /><testcase classname="backend.tests.test_iteration161_bl_coins_subscriptions.TestSubscriptionCheckout" name="test_subscription_checkout_gold" time="1.014" /><testcase classname="backend.tests.test_iteration161_bl_coins_subscriptions.TestSubscriptionCheckout" name="test_subscription_checkout_diamond" time="1.013" /><testcase classname="backend.tests.test_iteration161_bl_coins_subscriptions.TestSubscriptionTiers" name="test_subscription_tiers_endpoint" time="0.117"><failure message="AttributeError: 'str' object has no attribute 'get'">backend/tests/test_iteration161_bl_coins_subscriptions.py:273: in test_subscription_tiers_endpoint
    tier_names = [t.get("name", "").lower() for t in tiers if t.get("name")]
                 ^^^^^^^^^^^^^^^^^^^^^^^^^^^^^^^^^^^^^^^^^^^^^^^^^^^^^^^^^^^
backend/tests/test_iteration161_bl_coins_subscriptions.py:273: in &lt;listcomp&gt;
    tier_names = [t.get("name", "").lower() for t in tiers if t.get("name")]
                                                              ^^^^^
E   AttributeError: 'str' object has no attribute 'get'</failure></testcase><testcase classname="backend.tests.test_iteration161_bl_coins_subscriptions.TestWalletAPI" name="test_wallet_balance" time="0.497" /></testsuite></testsuites>