<?xml version="1.0" encoding="utf-8"?><testsuites name="pytest tests"><testsuite name="pytest" errors="0" failures="0" skipped="0" tests="8" time="1.452" timestamp="2026-02-01T08:24:03.501152+00:00" hostname="agent-env-52baa645-5327-425c-967d-ea20bd6bd2bf"><testcase classname="backend.tests.test_photo_progression_system.TestMintingConfig" name="test_minting_config_returns_200_bl_cost" time="0.072" /><testcase classname="backend.tests.test_photo_progression_system.TestMintingConfig" name="test_minting_config_endpoint_alternate" time="0.031" /><testcase classname="backend.tests.test_photo_progression_system.TestPhotoFullStats" name="test_full_stats_returns_all_new_fields" time="0.305" /><testcase classname="backend.tests.test_photo_progression_system.TestPhotoFullStats" name="test_xp_progress_calculation" time="0.311" /><testcase classname="backend.tests.test_photo_progression_system.TestPhotoFullStats" name="test_dollar_value_totals_with_bonuses" time="0.309" /><testcase classname="backend.tests.test_photo_progression_system.TestLevelBonuses" name="test_level_bonuses_endpoint" time="0.037" /><testcase classname="backend.tests.test_photo_progression_system.TestRatingCriteria" name="test_rating_criteria_endpoint" time="0.035" /><testcase classname="backend.tests.test_photo_progression_system.TestMintStatus" name="test_mint_status_shows_200_bl_cost" time="0.300" /></testsuite></testsuites>