<?xml version="1.0" encoding="utf-8"?><testsuites name="pytest tests"><testsuite name="pytest" errors="0" failures="0" skipped="0" tests="28" time="9.895" timestamp="2026-01-19T19:46:21.281436+00:00" hostname="agent-env-530785ea-3f1b-4253-a990-58b219a8a6c0"><testcase classname="tests.test_photo_editor_iteration38.TestPhotoEditorBackgrounds" name="test_get_backgrounds_returns_200" time="0.063" /><testcase classname="tests.test_photo_editor_iteration38.TestPhotoEditorBackgrounds" name="test_get_backgrounds_has_categories" time="0.039" /><testcase classname="tests.test_photo_editor_iteration38.TestPhotoEditorBackgrounds" name="test_get_backgrounds_solid_colors" time="0.036" /><testcase classname="tests.test_photo_editor_iteration38.TestPhotoEditorBackgrounds" name="test_get_backgrounds_gradients" time="0.041" /><testcase classname="tests.test_photo_editor_iteration38.TestPhotoEditorUpload" name="test_upload_requires_auth" time="0.039" /><testcase classname="tests.test_photo_editor_iteration38.TestPhotoEditorUpload" name="test_upload_empty_photos_returns_400" time="0.342" /><testcase classname="tests.test_photo_editor_iteration38.TestPhotoEditorUpload" name="test_upload_single_photo_success" time="0.044" /><testcase classname="tests.test_photo_editor_iteration38.TestPhotoEditorUpload" name="test_upload_multiple_photos_success" time="0.040" /><testcase classname="tests.test_photo_editor_iteration38.TestPhotoEditorPhotos" name="test_get_photos_requires_auth" time="0.034" /><testcase classname="tests.test_photo_editor_iteration38.TestPhotoEditorPhotos" name="test_get_photos_returns_list" time="0.043" /><testcase classname="tests.test_photo_editor_iteration38.TestPhotoEditorRemoveBackground" name="test_remove_background_requires_auth" time="0.033" /><testcase classname="tests.test_photo_editor_iteration38.TestPhotoEditorRemoveBackground" name="test_remove_background_invalid_photo_returns_404" time="0.044" /><testcase classname="tests.test_photo_editor_iteration38.TestPhotoEditorRemoveBackground" name="test_remove_background_success" time="2.613" /><testcase classname="tests.test_photo_editor_iteration38.TestPhotoEditorAdjust" name="test_adjust_requires_auth" time="0.036" /><testcase classname="tests.test_photo_editor_iteration38.TestPhotoEditorAdjust" name="test_adjust_brightness_success" time="0.068" /><testcase classname="tests.test_photo_editor_iteration38.TestPhotoEditorAdjust" name="test_adjust_all_parameters" time="0.078" /><testcase classname="tests.test_photo_editor_iteration38.TestPhotoEditorApplyBackground" name="test_apply_background_requires_auth" time="0.032" /><testcase classname="tests.test_photo_editor_iteration38.TestPhotoEditorApplyBackground" name="test_apply_solid_background_success" time="1.934" /><testcase classname="tests.test_photo_editor_iteration38.TestPhotoEditorApplyBackground" name="test_apply_gradient_background_success" time="1.891" /><testcase classname="tests.test_photo_editor_iteration38.TestPhotoEditorApplyBackground" name="test_apply_pattern_background_success" time="1.856" /><testcase classname="tests.test_photo_editor_iteration38.TestPhotoEditorResetUndo" name="test_reset_photo_success" time="0.106" /><testcase classname="tests.test_photo_editor_iteration38.TestPhotoEditorResetUndo" name="test_undo_edit_success" time="0.115" /><testcase classname="tests.test_photo_editor_iteration38.TestPhotoEditorPreferences" name="test_save_preference_requires_auth" time="0.033" /><testcase classname="tests.test_photo_editor_iteration38.TestPhotoEditorPreferences" name="test_save_preference_success" time="0.039" /><testcase classname="tests.test_photo_editor_iteration38.TestPhotoEditorPreferences" name="test_get_preference_success" time="0.036" /><testcase classname="tests.test_photo_editor_iteration38.TestPhotoEditorDelete" name="test_delete_photo_success" time="0.073" /><testcase classname="tests.test_photo_editor_iteration38.TestPhotoEditorDelete" name="test_delete_invalid_photo_returns_404" time="0.038" /><testcase classname="tests.test_photo_editor_iteration38.TestPhotoEditorFinalize" name="test_finalize_photos_success" time="0.076" /></testsuite></testsuites>