<?xml version="1.0" encoding="utf-8"?><testsuites name="pytest tests"><testsuite name="pytest" errors="0" failures="1" skipped="0" tests="26" time="1.567" timestamp="2026-01-18T19:10:09.742881+00:00" hostname="agent-env-f6bae7d3-7c85-40f7-b8fb-3cd646f5c64e"><testcase classname="tests.test_mobile_api_iteration30.TestPhotoGameConfig" name="test_get_config" time="0.075" /><testcase classname="tests.test_mobile_api_iteration30.TestPhotoGameStats" name="test_get_my_stats_authenticated" time="0.301" /><testcase classname="tests.test_mobile_api_iteration30.TestPhotoGameStats" name="test_get_my_stats_unauthenticated" time="0.035" /><testcase classname="tests.test_mobile_api_iteration30.TestPhotoGamePvP" name="test_get_queue_status" time="0.040" /><testcase classname="tests.test_mobile_api_iteration30.TestPhotoGamePvP" name="test_check_match_status_authenticated" time="0.037" /><testcase classname="tests.test_mobile_api_iteration30.TestPhotoGamePvP" name="test_cancel_matchmaking_authenticated" time="0.036" /><testcase classname="tests.test_mobile_api_iteration30.TestPhotoGameLeaderboards" name="test_wins_leaderboard_default" time="0.038" /><testcase classname="tests.test_mobile_api_iteration30.TestPhotoGameLeaderboards" name="test_wins_leaderboard_periods" time="0.153" /><testcase classname="tests.test_mobile_api_iteration30.TestPhotoGameLeaderboards" name="test_photos_leaderboard" time="0.038" /><testcase classname="tests.test_mobile_api_iteration30.TestPhotoGameSessions" name="test_get_active_sessions_authenticated" time="0.037" /><testcase classname="tests.test_mobile_api_iteration30.TestPhotoGameSessions" name="test_get_game_history_authenticated" time="0.044" /><testcase classname="tests.test_mobile_api_iteration30.TestMintingConfig" name="test_get_config" time="0.034" /><testcase classname="tests.test_mobile_api_iteration30.TestMintingStatus" name="test_get_status_authenticated" time="0.038" /><testcase classname="tests.test_mobile_api_iteration30.TestMintingStatus" name="test_get_status_unauthenticated" time="0.036" /><testcase classname="tests.test_mobile_api_iteration30.TestMintingPhotos" name="test_get_my_photos_authenticated" time="0.037" /><testcase classname="tests.test_mobile_api_iteration30.TestMintingPhotos" name="test_get_feed" time="0.037" /><testcase classname="tests.test_mobile_api_iteration30.TestMarketplaceConfig" name="test_get_config" time="0.039" /><testcase classname="tests.test_mobile_api_iteration30.TestMarketplaceListings" name="test_get_listings" time="0.039" /><testcase classname="tests.test_mobile_api_iteration30.TestMarketplaceListings" name="test_get_listings_with_category_filter" time="0.039" /><testcase classname="tests.test_mobile_api_iteration30.TestMarketplaceListings" name="test_get_listing_by_id" time="0.079"><failure message="assert 404 == 200&#10; +  where 404 = &lt;Response [404]&gt;.status_code">tests/test_mobile_api_iteration30.py:379: in test_get_listing_by_id
    assert response.status_code == 200
E   assert 404 == 200
E    +  where 404 = &lt;Response [404]&gt;.status_code</failure></testcase><testcase classname="tests.test_mobile_api_iteration30.TestMarketplaceStats" name="test_get_stats_authenticated" time="0.048" /><testcase classname="tests.test_mobile_api_iteration30.TestMarketplaceOffers" name="test_get_received_offers_authenticated" time="0.042" /><testcase classname="tests.test_mobile_api_iteration30.TestMarketplaceOffers" name="test_get_sent_offers_authenticated" time="0.038" /><testcase classname="tests.test_mobile_api_iteration30.TestMarketplaceSalesHistory" name="test_get_sales_history_as_seller" time="0.038" /><testcase classname="tests.test_mobile_api_iteration30.TestMarketplaceSalesHistory" name="test_get_sales_history_as_buyer" time="0.036" /><testcase classname="tests.test_mobile_api_iteration30.TestHealthCheck" name="test_health" time="0.034" /></testsuite></testsuites>