<?xml version="1.0" encoding="utf-8"?><testsuites name="pytest tests"><testsuite name="pytest" errors="0" failures="1" skipped="4" tests="14" time="2.250" timestamp="2026-02-10T17:17:25.999496+00:00" hostname="agent-env-5939bbc8-8286-4ae0-a0a3-5e30f8abda71"><testcase classname="backend.tests.test_stripe_payments.TestStripeCheckoutSession" name="test_create_checkout_session_existing_order" time="0.698" /><testcase classname="backend.tests.test_stripe_payments.TestStripeCheckoutSession" name="test_create_checkout_session_missing_order_id" time="0.043" /><testcase classname="backend.tests.test_stripe_payments.TestStripeCheckoutSession" name="test_create_checkout_session_invalid_order" time="0.043" /><testcase classname="backend.tests.test_stripe_payments.TestStripeCheckoutStatus" name="test_get_checkout_status_existing_session" time="0.303" /><testcase classname="backend.tests.test_stripe_payments.TestStripeCheckoutStatus" name="test_get_checkout_status_invalid_session" time="0.241"><failure message="AssertionError: Unexpected status for invalid session: 520&#10;assert 520 in [404, 500]&#10; +  where 520 = &lt;Response [520]&gt;.status_code">backend/tests/test_stripe_payments.py:160: in test_get_checkout_status_invalid_session
    assert response.status_code in [404, 500], f"Unexpected status for invalid session: {response.status_code}"
E   AssertionError: Unexpected status for invalid session: 520
E   assert 520 in [404, 500]
E    +  where 520 = &lt;Response [520]&gt;.status_code</failure></testcase><testcase classname="backend.tests.test_stripe_payments.TestStripeRefund" name="test_refund_endpoint_exists" time="0.042" /><testcase classname="backend.tests.test_stripe_payments.TestStripeRefund" name="test_refund_missing_order_id" time="0.039" /><testcase classname="backend.tests.test_stripe_payments.TestStripeRefund" name="test_refund_unpaid_order" time="0.420"><skipped type="pytest.skip" message="Could not create test order: 200">/app/backend/tests/test_stripe_payments.py:246: Could not create test order: 200</skipped></testcase><testcase classname="backend.tests.test_stripe_payments.TestStripeRefund" name="test_refund_with_partial_amount" time="0.047" /><testcase classname="backend.tests.test_stripe_payments.TestGuestOrderPaymentFlow" name="test_create_guest_order_and_stripe_session" time="0.065"><skipped type="pytest.skip" message="Could not create guest order for testing">/app/backend/tests/test_stripe_payments.py:309: Could not create guest order for testing</skipped></testcase><testcase classname="backend.tests.test_stripe_payments.TestGuestOrderPaymentFlow" name="test_verify_payment_transaction_record" time="0.070"><skipped type="pytest.skip" message="Could not create test order">/app/backend/tests/test_stripe_payments.py:370: Could not create test order</skipped></testcase><testcase classname="backend.tests.test_stripe_payments.TestPlatformFeeCalculation" name="test_platform_fee_in_checkout_metadata" time="0.066"><skipped type="pytest.skip" message="Could not create test order">/app/backend/tests/test_stripe_payments.py:432: Could not create test order</skipped></testcase><testcase classname="backend.tests.test_stripe_payments.TestWebhookEndpoint" name="test_webhook_endpoint_exists" time="0.038" /><testcase classname="backend.tests.test_stripe_payments.TestWebhookEndpoint" name="test_stripe_payments_webhook_endpoint" time="0.038" /></testsuite></testsuites>