<?xml version="1.0" encoding="utf-8"?><testsuites name="pytest tests"><testsuite name="pytest" errors="0" failures="0" skipped="0" tests="21" time="4.208" timestamp="2026-01-20T05:45:14.374545+00:00" hostname="agent-env-c11a5589-ee0d-4924-8929-c6e802f52c6c"><testcase classname="tests.test_marketplace_checkout_iteration45.TestMarketplaceCategories" name="test_categories_endpoint" time="0.052" /><testcase classname="tests.test_marketplace_checkout_iteration45.TestMarketplaceCategories" name="test_digital_goods_category_exists" time="0.035" /><testcase classname="tests.test_marketplace_checkout_iteration45.TestShippoShippingEstimate" name="test_shipping_estimate_endpoint" time="2.096" /><testcase classname="tests.test_marketplace_checkout_iteration45.TestShippoShippingEstimate" name="test_digital_goods_no_shipping" time="0.037" /><testcase classname="tests.test_marketplace_checkout_iteration45.TestShippoShippingEstimate" name="test_missing_weight_requires_seller_info" time="0.036" /><testcase classname="tests.test_marketplace_checkout_iteration45.TestCartEndpoints" name="test_cart_get_guest" time="0.036" /><testcase classname="tests.test_marketplace_checkout_iteration45.TestCartEndpoints" name="test_cart_add_guest" time="0.061" /><testcase classname="tests.test_marketplace_checkout_iteration45.TestSocialEngagementNotifications" name="test_like_requires_auth" time="0.105" /><testcase classname="tests.test_marketplace_checkout_iteration45.TestSocialEngagementNotifications" name="test_like_with_auth" time="0.319" /><testcase classname="tests.test_marketplace_checkout_iteration45.TestSocialEngagementNotifications" name="test_share_tracking" time="0.073" /><testcase classname="tests.test_marketplace_checkout_iteration45.TestSocialEngagementNotifications" name="test_comment_requires_auth" time="0.065" /><testcase classname="tests.test_marketplace_checkout_iteration45.TestSocialEngagementNotifications" name="test_comment_with_auth" time="0.320" /><testcase classname="tests.test_marketplace_checkout_iteration45.TestSocialEngagementNotifications" name="test_get_listing_comments" time="0.064" /><testcase classname="tests.test_marketplace_checkout_iteration45.TestCheckoutFlow" name="test_checkout_endpoint_exists" time="0.267" /><testcase classname="tests.test_marketplace_checkout_iteration45.TestCheckoutFlow" name="test_checkout_requires_customer_info" time="0.031" /><testcase classname="tests.test_marketplace_checkout_iteration45.TestSellerOrdersEndpoint" name="test_seller_orders_requires_auth" time="0.072" /><testcase classname="tests.test_marketplace_checkout_iteration45.TestSellerOrdersEndpoint" name="test_seller_orders_with_auth" time="0.285" /><testcase classname="tests.test_marketplace_checkout_iteration45.TestShippingLabelEndpoint" name="test_create_label_requires_auth" time="0.034" /><testcase classname="tests.test_marketplace_checkout_iteration45.TestShippingLabelEndpoint" name="test_carriers_endpoint" time="0.033" /><testcase classname="tests.test_marketplace_checkout_iteration45.TestListingDetailEndpoint" name="test_get_listing_detail" time="0.061" /><testcase classname="tests.test_marketplace_checkout_iteration45.TestListingDetailEndpoint" name="test_listing_not_found" time="0.071" /></testsuite></testsuites>