<?xml version="1.0" encoding="utf-8"?><testsuites name="pytest tests"><testsuite name="pytest" errors="0" failures="0" skipped="3" tests="19" time="40.183" timestamp="2026-02-14T17:22:14.640655+00:00" hostname="agent-env-8e8f0726-2f20-4e40-9763-679ff23376d9"><testcase classname="backend.tests.test_admin_membership_features.TestAdminMembershipTiers" name="test_get_membership_tiers" time="27.506"><skipped type="pytest.skip" message="No admin token available">/app/backend/tests/test_admin_membership_features.py:67: No admin token available</skipped></testcase><testcase classname="backend.tests.test_admin_membership_features.TestAdminMembershipTiers" name="test_tiers_without_auth_returns_401" time="0.072" /><testcase classname="backend.tests.test_admin_membership_features.TestAdminPromoCodes" name="test_get_promo_codes" time="4.157"><skipped type="pytest.skip" message="User is not admin - cannot access admin endpoints">/app/backend/tests/test_admin_membership_features.py:126: User is not admin - cannot access admin endpoints</skipped></testcase><testcase classname="backend.tests.test_admin_membership_features.TestAdminPromoCodes" name="test_promo_codes_without_auth_returns_401" time="0.075" /><testcase classname="backend.tests.test_admin_membership_features.TestAdminTransactions" name="test_get_transactions" time="5.618"><skipped type="pytest.skip" message="User is not admin - cannot access admin endpoints">/app/backend/tests/test_admin_membership_features.py:159: User is not admin - cannot access admin endpoints</skipped></testcase><testcase classname="backend.tests.test_admin_membership_features.TestAdminTransactions" name="test_transactions_without_auth_returns_401" time="0.066" /><testcase classname="backend.tests.test_admin_membership_features.TestBLCoinsFromBalance" name="test_purchase_coins_from_balance_requires_auth" time="0.152" /><testcase classname="backend.tests.test_admin_membership_features.TestBLCoinsFromBalance" name="test_purchase_coins_with_insufficient_balance" time="0.411" /><testcase classname="backend.tests.test_admin_membership_features.TestSubscriptionFromBalance" name="test_subscribe_from_balance_requires_auth" time="0.131" /><testcase classname="backend.tests.test_admin_membership_features.TestSubscriptionFromBalance" name="test_subscribe_invalid_tier" time="0.467" /><testcase classname="backend.tests.test_admin_membership_features.TestCurrentSubscription" name="test_get_current_subscription_requires_auth" time="0.184" /><testcase classname="backend.tests.test_admin_membership_features.TestCurrentSubscription" name="test_get_current_subscription_with_auth" time="0.377" /><testcase classname="backend.tests.test_admin_membership_features.TestAPIEndpointsAccessibility" name="test_api_health" time="0.145" /><testcase classname="backend.tests.test_admin_membership_features.TestAPIEndpointsAccessibility" name="test_admin_membership_tiers_endpoint_exists" time="0.136" /><testcase classname="backend.tests.test_admin_membership_features.TestAPIEndpointsAccessibility" name="test_admin_promo_codes_endpoint_exists" time="0.124" /><testcase classname="backend.tests.test_admin_membership_features.TestAPIEndpointsAccessibility" name="test_admin_transactions_endpoint_exists" time="0.117" /><testcase classname="backend.tests.test_admin_membership_features.TestAPIEndpointsAccessibility" name="test_bl_coins_purchase_endpoint_exists" time="0.129" /><testcase classname="backend.tests.test_admin_membership_features.TestAPIEndpointsAccessibility" name="test_subscribe_from_balance_endpoint_exists" time="0.128" /><testcase classname="backend.tests.test_admin_membership_features.TestAPIEndpointsAccessibility" name="test_current_subscription_endpoint_exists" time="0.121" /></testsuite></testsuites>