<?xml version="1.0" encoding="utf-8"?><testsuites name="pytest tests"><testsuite name="pytest" errors="0" failures="0" skipped="0" tests="8" time="1.151" timestamp="2026-01-20T04:06:51.934681+00:00" hostname="agent-env-c11a5589-ee0d-4924-8929-c6e802f52c6c"><testcase classname="tests.test_marketplace_social_iteration44.TestMarketplaceCategories" name="test_categories_endpoint_returns_list" time="0.059" /><testcase classname="tests.test_marketplace_social_iteration44.TestMarketplaceCategories" name="test_categories_contains_digital_goods_nfts" time="0.076" /><testcase classname="tests.test_marketplace_social_iteration44.TestMarketplaceCategories" name="test_categories_contains_new_categories" time="0.033" /><testcase classname="tests.test_marketplace_social_iteration44.TestMarketplaceLikeEndpoint" name="test_like_endpoint_requires_auth" time="0.072" /><testcase classname="tests.test_marketplace_social_iteration44.TestMarketplaceLikeEndpoint" name="test_like_endpoint_works_with_auth" time="0.373" /><testcase classname="tests.test_marketplace_social_iteration44.TestMarketplaceLikeEndpoint" name="test_like_toggle_works" time="0.365" /><testcase classname="tests.test_marketplace_social_iteration44.TestMarketplaceListings" name="test_listings_endpoint_returns_list" time="0.034" /><testcase classname="tests.test_marketplace_social_iteration44.TestMarketplaceListings" name="test_listings_have_seller_info" time="0.038" /></testsuite></testsuites>