<?xml version="1.0" encoding="utf-8"?><testsuites name="pytest tests"><testsuite name="pytest" errors="0" failures="0" skipped="0" tests="12" time="7.951" timestamp="2026-02-15T11:15:38.047614+00:00" hostname="agent-env-e83a5e27-6cca-48f7-b57d-4b6c3fce8969"><testcase classname="backend.tests.test_stripe_stale_id_fix.TestStripeConnectOnboardRedirect" name="test_connect_onboard_redirect_returns_302" time="1.580" /><testcase classname="backend.tests.test_stripe_stale_id_fix.TestStripeConnectOnboardRedirect" name="test_connect_onboard_redirect_invalid_token" time="0.124" /><testcase classname="backend.tests.test_stripe_stale_id_fix.TestStripeConnectOnboardRedirect" name="test_connect_onboard_post_returns_json" time="0.724" /><testcase classname="backend.tests.test_stripe_stale_id_fix.TestSubscriptionCheckoutRedirect" name="test_checkout_redirect_tiers[bronze-$4.99]" time="0.865" /><testcase classname="backend.tests.test_stripe_stale_id_fix.TestSubscriptionCheckoutRedirect" name="test_checkout_redirect_tiers[silver-$9.99]" time="0.856" /><testcase classname="backend.tests.test_stripe_stale_id_fix.TestSubscriptionCheckoutRedirect" name="test_checkout_redirect_tiers[gold-$14.99]" time="0.863" /><testcase classname="backend.tests.test_stripe_stale_id_fix.TestSubscriptionCheckoutRedirect" name="test_checkout_redirect_tiers[diamond-$29.99]" time="1.104" /><testcase classname="backend.tests.test_stripe_stale_id_fix.TestSubscriptionCheckoutRedirect" name="test_checkout_redirect_invalid_tier" time="0.112" /><testcase classname="backend.tests.test_stripe_stale_id_fix.TestSubscriptionCheckoutRedirect" name="test_checkout_redirect_missing_token" time="0.112" /><testcase classname="backend.tests.test_stripe_stale_id_fix.TestSubscriptionCheckoutPost" name="test_checkout_post_returns_json" time="0.877" /><testcase classname="backend.tests.test_stripe_stale_id_fix.TestStripeConnectStatus" name="test_connect_status" time="0.563" /><testcase classname="backend.tests.test_stripe_stale_id_fix.TestSubscriptionTiers" name="test_get_subscription_tiers" time="0.098" /></testsuite></testsuites>