<?xml version="1.0" encoding="utf-8"?><testsuites name="pytest tests"><testsuite name="pytest" errors="0" failures="6" skipped="5" tests="29" time="4.433" timestamp="2026-01-08T07:49:44.055527+00:00" hostname="agent-env-a121437e-2c71-4639-b192-36cefd089ffc"><testcase classname="tests.test_social_feed.TestSocialFeedAuth" name="test_login_success" time="0.317" /><testcase classname="tests.test_social_feed.TestSocialPosts" name="test_get_social_feed" time="0.303" /><testcase classname="tests.test_social_feed.TestSocialPosts" name="test_create_text_post_public" time="0.037" /><testcase classname="tests.test_social_feed.TestSocialPosts" name="test_create_image_post_public_earns_coins" time="0.049" /><testcase classname="tests.test_social_feed.TestSocialPosts" name="test_create_video_post_public_earns_coins" time="0.037" /><testcase classname="tests.test_social_feed.TestSocialPosts" name="test_create_audio_post_public_earns_coins" time="0.039" /><testcase classname="tests.test_social_feed.TestSocialPosts" name="test_create_private_post_no_coins" time="0.038" /><testcase classname="tests.test_social_feed.TestSocialPosts" name="test_get_single_post" time="0.111" /><testcase classname="tests.test_social_feed.TestReactions" name="test_cannot_react_to_own_post" time="0.333" /><testcase classname="tests.test_social_feed.TestReactions" name="test_golden_thumbs_up_awards_both_users" time="0.061"><skipped type="pytest.skip" message="Could not create second user for reaction tests">/app/tests/test_social_feed.py:238: Could not create second user for reaction tests</skipped></testcase><testcase classname="tests.test_social_feed.TestReactions" name="test_silver_thumbs_down_awards_only_reactor" time="0.000"><skipped type="pytest.skip" message="Could not create second user for reaction tests">/app/tests/test_social_feed.py:261: Could not create second user for reaction tests</skipped></testcase><testcase classname="tests.test_social_feed.TestReactions" name="test_reactions_are_permanent" time="0.000"><skipped type="pytest.skip" message="Could not create second user for reaction tests">/app/tests/test_social_feed.py:284: Could not create second user for reaction tests</skipped></testcase><testcase classname="tests.test_social_feed.TestComments" name="test_first_comment_earns_coins" time="0.294"><skipped type="pytest.skip" message="Could not create second user for comment tests">/app/tests/test_social_feed.py:338: Could not create second user for comment tests</skipped></testcase><testcase classname="tests.test_social_feed.TestComments" name="test_second_comment_no_coins" time="0.000"><skipped type="pytest.skip" message="Could not create second user for comment tests">/app/tests/test_social_feed.py:359: Could not create second user for comment tests</skipped></testcase><testcase classname="tests.test_social_feed.TestComments" name="test_owner_comment_no_coins" time="0.074"><failure message="assert 520 == 200&#10; +  where 520 = &lt;Response [520]&gt;.status_code">tests/test_social_feed.py:398: in test_owner_comment_no_coins
    assert response.status_code == 200
E   assert 520 == 200
E    +  where 520 = &lt;Response [520]&gt;.status_code</failure></testcase><testcase classname="tests.test_social_feed.TestComments" name="test_get_comments" time="0.110" /><testcase classname="tests.test_social_feed.TestSharePost" name="test_share_post_earns_coins" time="0.372"><failure message="AssertionError: Share failed: Internal Server Error&#10;assert 520 == 200&#10; +  where 520 = &lt;Response [520]&gt;.status_code">tests/test_social_feed.py:455: in test_share_post_earns_coins
    assert response.status_code == 200, f"Share failed: {response.text}"
E   AssertionError: Share failed: Internal Server Error
E   assert 520 == 200
E    +  where 520 = &lt;Response [520]&gt;.status_code</failure></testcase><testcase classname="tests.test_social_feed.TestStories" name="test_get_stories" time="0.290" /><testcase classname="tests.test_social_feed.TestStories" name="test_create_story" time="0.047"><failure message="AssertionError: Create story failed: Internal Server Error&#10;assert 520 == 200&#10; +  where 520 = &lt;Response [520]&gt;.status_code">tests/test_social_feed.py:492: in test_create_story
    assert response.status_code == 200, f"Create story failed: {response.text}"
E   AssertionError: Create story failed: Internal Server Error
E   assert 520 == 200
E    +  where 520 = &lt;Response [520]&gt;.status_code</failure></testcase><testcase classname="tests.test_social_feed.TestFriends" name="test_get_friends_list" time="0.296" /><testcase classname="tests.test_social_feed.TestFriends" name="test_get_friend_requests" time="0.037" /><testcase classname="tests.test_social_feed.TestGroups" name="test_get_groups" time="0.294" /><testcase classname="tests.test_social_feed.TestGroups" name="test_create_group" time="0.051"><failure message="AssertionError: Create group failed: Internal Server Error&#10;assert 520 == 200&#10; +  where 520 = &lt;Response [520]&gt;.status_code">tests/test_social_feed.py:558: in test_create_group
    assert response.status_code == 200, f"Create group failed: {response.text}"
E   AssertionError: Create group failed: Internal Server Error
E   assert 520 == 200
E    +  where 520 = &lt;Response [520]&gt;.status_code</failure></testcase><testcase classname="tests.test_social_feed.TestPages" name="test_get_pages" time="0.291" /><testcase classname="tests.test_social_feed.TestPages" name="test_create_page" time="0.047"><failure message="AssertionError: Create page failed: Internal Server Error&#10;assert 520 == 200&#10; +  where 520 = &lt;Response [520]&gt;.status_code">tests/test_social_feed.py:593: in test_create_page
    assert response.status_code == 200, f"Create page failed: {response.text}"
E   AssertionError: Create page failed: Internal Server Error
E   assert 520 == 200
E    +  where 520 = &lt;Response [520]&gt;.status_code</failure></testcase><testcase classname="tests.test_social_feed.TestEvents" name="test_get_events" time="0.331" /><testcase classname="tests.test_social_feed.TestEvents" name="test_create_event" time="0.045"><failure message="AssertionError: Create event failed: Internal Server Error&#10;assert 520 == 200&#10; +  where 520 = &lt;Response [520]&gt;.status_code">tests/test_social_feed.py:630: in test_create_event
    assert response.status_code == 200, f"Create event failed: {response.text}"
E   AssertionError: Create event failed: Internal Server Error
E   assert 520 == 200
E    +  where 520 = &lt;Response [520]&gt;.status_code</failure></testcase><testcase classname="tests.test_social_feed.TestAIMedia" name="test_estimate_cost_image" time="0.291" /><testcase classname="tests.test_social_feed.TestAIMedia" name="test_estimate_cost_video" time="0.032" /></testsuite></testsuites>