<?xml version="1.0" encoding="utf-8"?><testsuites name="pytest tests"><testsuite name="pytest" errors="0" failures="0" skipped="2" tests="23" time="3.655" timestamp="2026-01-30T20:48:55.489265+00:00" hostname="agent-env-6a1c2030-e9ea-437e-86cf-f7ba277fe88a"><testcase classname="backend.tests.test_unified_photo_features.TestAuthentication" name="test_login_success" time="0.302" /><testcase classname="backend.tests.test_unified_photo_features.TestFullStatsEndpoint" name="test_full_stats_endpoint_exists" time="0.336" /><testcase classname="backend.tests.test_unified_photo_features.TestFullStatsEndpoint" name="test_full_stats_contains_required_fields" time="0.042" /><testcase classname="backend.tests.test_unified_photo_features.TestFullStatsEndpoint" name="test_full_stats_scenery_data" time="0.044" /><testcase classname="backend.tests.test_unified_photo_features.TestFullStatsEndpoint" name="test_full_stats_subscription_multiplier" time="0.044" /><testcase classname="backend.tests.test_unified_photo_features.TestFullStatsEndpoint" name="test_full_stats_invalid_mint_id" time="0.042" /><testcase classname="backend.tests.test_unified_photo_features.TestSelfieMatchEndpoint" name="test_selfie_match_endpoint_exists" time="0.291"><skipped type="pytest.skip" message="No photo with face available for testing">/app/backend/tests/test_unified_photo_features.py:237: No photo with face available for testing</skipped></testcase><testcase classname="backend.tests.test_unified_photo_features.TestSelfieMatchEndpoint" name="test_selfie_match_requires_face" time="0.081" /><testcase classname="backend.tests.test_unified_photo_features.TestProfilePictureEndpoint" name="test_profile_picture_update_endpoint" time="0.330" /><testcase classname="backend.tests.test_unified_photo_features.TestProfilePictureEndpoint" name="test_profile_picture_requires_image_url" time="0.035" /><testcase classname="backend.tests.test_unified_photo_features.TestProfilePictureEndpoint" name="test_profile_picture_validates_mint_id" time="0.037" /><testcase classname="backend.tests.test_unified_photo_features.TestPVPWebSocketPrefix" name="test_pvp_game_start_returns_websocket_url" time="0.323" /><testcase classname="backend.tests.test_unified_photo_features.TestPhotoStatsSynchronization" name="test_stats_consistency_between_endpoints" time="0.329" /><testcase classname="backend.tests.test_p1_integration.TestP1Integration" name="test_minted_photos_endpoint_returns_photos" time="0.297" /><testcase classname="backend.tests.test_p1_integration.TestP1Integration" name="test_full_stats_returns_all_unified_card_fields" time="0.034" /><testcase classname="backend.tests.test_p1_integration.TestP1Integration" name="test_photo_has_face_field_for_face_match_button" time="0.000" /><testcase classname="backend.tests.test_p1_integration.TestP1Integration" name="test_photo_has_selfie_match_completed_field" time="0.035" /><testcase classname="backend.tests.test_p1_integration.TestP1Integration" name="test_scenery_type_values_are_valid" time="0.000" /><testcase classname="backend.tests.test_p1_integration.TestP1Integration" name="test_stamina_values_are_valid" time="0.000" /><testcase classname="backend.tests.test_p1_integration.TestFaceMatchEndpoint" name="test_selfie_match_requires_face_detection" time="0.336" /><testcase classname="backend.tests.test_p1_integration.TestFaceMatchEndpoint" name="test_selfie_match_with_face_photo" time="0.034"><skipped type="pytest.skip" message="No photo with face detection available">/app/backend/tests/test_p1_integration.py:227: No photo with face detection available</skipped></testcase><testcase classname="backend.tests.test_p1_integration.TestAuthenticityStatus" name="test_authenticity_status_endpoint" time="0.325" /><testcase classname="backend.tests.test_p1_integration.TestPhotoGameArenaIntegration" name="test_battle_photos_endpoint" time="0.296" /></testsuite></testsuites>