<?xml version="1.0" encoding="utf-8"?><testsuites name="pytest tests"><testsuite name="pytest" errors="0" failures="0" skipped="0" tests="26" time="3.266" timestamp="2026-01-28T05:20:23.340204+00:00" hostname="agent-env-ad020409-bb6e-4a9c-8692-7c78369def79"><testcase classname="backend.tests.test_pvp_matchmaking.TestPVPMatchmakingSetup" name="test_base_url_configured" time="0.000" /><testcase classname="backend.tests.test_pvp_matchmaking.TestGameConfig" name="test_get_game_config" time="0.052" /><testcase classname="backend.tests.test_pvp_matchmaking.TestOpenGamesAPI" name="test_list_open_games_requires_auth" time="0.040" /><testcase classname="backend.tests.test_pvp_matchmaking.TestOpenGamesAPI" name="test_list_open_games_with_auth" time="0.343" /><testcase classname="backend.tests.test_pvp_matchmaking.TestOpenGamesAPI" name="test_create_open_game_requires_5_photos" time="0.302" /><testcase classname="backend.tests.test_pvp_matchmaking.TestOpenGamesAPI" name="test_create_open_game_validates_photo_ownership" time="0.290" /><testcase classname="backend.tests.test_pvp_matchmaking.TestOpenGamesAPI" name="test_join_game_requires_auth" time="0.040" /><testcase classname="backend.tests.test_pvp_matchmaking.TestOpenGamesAPI" name="test_join_nonexistent_game" time="0.295" /><testcase classname="backend.tests.test_pvp_matchmaking.TestOpenGamesAPI" name="test_ready_requires_auth" time="0.037" /><testcase classname="backend.tests.test_pvp_matchmaking.TestOpenGamesAPI" name="test_get_game_details_requires_auth" time="0.032" /><testcase classname="backend.tests.test_pvp_matchmaking.TestOpenGamesAPI" name="test_get_nonexistent_game_details" time="0.300" /><testcase classname="backend.tests.test_pvp_matchmaking.TestOpenGamesAPI" name="test_cancel_game_requires_auth" time="0.035" /><testcase classname="backend.tests.test_pvp_matchmaking.TestBattlePhotosAPI" name="test_get_battle_photos_requires_auth" time="0.035" /><testcase classname="backend.tests.test_pvp_matchmaking.TestBattlePhotosAPI" name="test_get_battle_photos_with_auth" time="0.294" /><testcase classname="backend.tests.test_pvp_matchmaking.TestPhotoStaminaAPI" name="test_get_photo_stamina_requires_auth" time="0.038" /><testcase classname="backend.tests.test_pvp_matchmaking.TestPhotoStaminaAPI" name="test_get_nonexistent_photo_stamina" time="0.294" /><testcase classname="backend.tests.test_pvp_matchmaking.TestLeaderboardAPI" name="test_get_wins_leaderboard" time="0.034" /><testcase classname="backend.tests.test_pvp_matchmaking.TestLeaderboardAPI" name="test_get_wins_leaderboard_with_period" time="0.034" /><testcase classname="backend.tests.test_pvp_matchmaking.TestLeaderboardAPI" name="test_get_wins_leaderboard_invalid_period" time="0.036" /><testcase classname="backend.tests.test_pvp_matchmaking.TestLeaderboardAPI" name="test_get_photos_leaderboard" time="0.167" /><testcase classname="backend.tests.test_pvp_matchmaking.TestPVPMatchmakingAPI" name="test_find_match_requires_auth" time="0.032" /><testcase classname="backend.tests.test_pvp_matchmaking.TestPVPMatchmakingAPI" name="test_match_status_requires_auth" time="0.032" /><testcase classname="backend.tests.test_pvp_matchmaking.TestPVPMatchmakingAPI" name="test_cancel_matchmaking_requires_auth" time="0.042" /><testcase classname="backend.tests.test_pvp_matchmaking.TestPVPMatchmakingAPI" name="test_queue_status_public" time="0.033" /><testcase classname="backend.tests.test_pvp_matchmaking.TestGameStatsAPI" name="test_get_my_stats_requires_auth" time="0.039" /><testcase classname="backend.tests.test_pvp_matchmaking.TestGameStatsAPI" name="test_get_my_stats_with_auth" time="0.299" /></testsuite></testsuites>