<?xml version="1.0" encoding="utf-8"?><testsuites name="pytest tests"><testsuite name="pytest" errors="0" failures="1" skipped="0" tests="3" time="2.131" timestamp="2026-02-01T02:19:20.157135+00:00" hostname="agent-env-270426b2-d932-4140-8c0a-f9d675df1a83"><testcase classname="backend.tests.test_pvp_photo_selection_fix.TestPVPPhotoSelectionFix" name="test_full_pvp_flow_with_photo_selection_fix" time="1.420"><failure message="AssertionError: User 1 my_taps should be 30, got 1&#10;assert 1 == 30&#10; +  where 1 = &lt;built-in method get of dict object at 0xffb008660680&gt;('my_taps')&#10; +    where &lt;built-in method get of dict object at 0xffb008660680&gt; = {'current_round': 1, 'my_dollar': 8900000.0, 'my_taps': 1, 'opponent_dollar': 6040000.0, ...}.get">backend/tests/test_pvp_photo_selection_fix.py:250: in test_full_pvp_flow_with_photo_selection_fix
    assert state1.get("my_taps") == 30, f"User 1 my_taps should be 30, got {state1.get('my_taps')}"
E   AssertionError: User 1 my_taps should be 30, got 1
E   assert 1 == 30
E    +  where 1 = &lt;built-in method get of dict object at 0xffb008660680&gt;('my_taps')
E    +    where &lt;built-in method get of dict object at 0xffb008660680&gt; = {'current_round': 1, 'my_dollar': 8900000.0, 'my_taps': 1, 'opponent_dollar': 6040000.0, ...}.get</failure></testcase><testcase classname="backend.tests.test_pvp_photo_selection_fix.TestPhotoSelectionEdgeCases" name="test_cannot_select_opponent_photo" time="0.284" /><testcase classname="backend.tests.test_pvp_photo_selection_fix.TestPhotoSelectionEdgeCases" name="test_session_status_transitions" time="0.326" /></testsuite></testsuites>