<?xml version="1.0" encoding="utf-8"?><testsuites name="pytest tests"><testsuite name="pytest" errors="0" failures="0" skipped="0" tests="7" time="1.179" timestamp="2026-02-10T00:43:15.816149+00:00" hostname="agent-env-b99e1c07-f752-4b2a-99a3-873f0f4bea40"><testcase classname="tests.test_photo_game.TestPhotoGameConfig" name="test_config_returns_correct_values" time="0.086" /><testcase classname="tests.test_photo_game.TestAuthenticatedEndpoints" name="test_open_games_list" time="0.309" /><testcase classname="tests.test_photo_game.TestAuthenticatedEndpoints" name="test_player_stats" time="0.304" /><testcase classname="tests.test_photo_game.TestAuthenticatedEndpoints" name="test_leaderboard_wins" time="0.039" /><testcase classname="tests.test_photo_game.TestAuthenticatedEndpoints" name="test_xp_level_info" time="0.036" /><testcase classname="tests.test_photo_game.TestAuthenticatedEndpoints" name="test_match_history" time="0.315" /><testcase classname="tests.test_photo_game.TestPhotoGameConstants" name="test_config_constants_match" time="0.040" /></testsuite></testsuites>