<?xml version="1.0" encoding="utf-8"?><testsuites name="pytest tests"><testsuite name="pytest" errors="0" failures="0" skipped="0" tests="27" time="4.081" timestamp="2026-01-18T20:08:56.327239+00:00" hostname="agent-env-f6bae7d3-7c85-40f7-b8fb-3cd646f5c64e"><testcase classname="tests.test_push_ai_subscription_iteration32.TestHealthAndBasics" name="test_health_check" time="0.092" /><testcase classname="tests.test_push_ai_subscription_iteration32.TestAuthentication" name="test_login_success" time="0.258" /><testcase classname="tests.test_push_ai_subscription_iteration32.TestPushNotifications" name="test_push_register_requires_auth" time="0.039" /><testcase classname="tests.test_push_ai_subscription_iteration32.TestPushNotifications" name="test_push_register_with_auth" time="0.296" /><testcase classname="tests.test_push_ai_subscription_iteration32.TestPushNotifications" name="test_push_test_requires_auth" time="0.039" /><testcase classname="tests.test_push_ai_subscription_iteration32.TestPushNotifications" name="test_push_test_with_auth" time="0.353" /><testcase classname="tests.test_push_ai_subscription_iteration32.TestPushNotifications" name="test_push_unregister_with_auth" time="0.297" /><testcase classname="tests.test_push_ai_subscription_iteration32.TestSubscriptionTiers" name="test_get_subscription_tiers" time="0.038" /><testcase classname="tests.test_push_ai_subscription_iteration32.TestSubscriptionTiers" name="test_get_ranked_leaderboard" time="0.041" /><testcase classname="tests.test_push_ai_subscription_iteration32.TestSubscriptionTiers" name="test_get_ranked_leaderboard_with_limit" time="0.039" /><testcase classname="tests.test_push_ai_subscription_iteration32.TestSubscriptionTiers" name="test_get_my_subscription" time="0.297" /><testcase classname="tests.test_push_ai_subscription_iteration32.TestSubscriptionTiers" name="test_get_ranked_profile" time="0.293" /><testcase classname="tests.test_push_ai_subscription_iteration32.TestMintingSystem" name="test_get_minting_config" time="0.038" /><testcase classname="tests.test_push_ai_subscription_iteration32.TestMintingSystem" name="test_get_minting_status" time="0.301" /><testcase classname="tests.test_push_ai_subscription_iteration32.TestMintingSystem" name="test_get_minting_feed" time="0.034" /><testcase classname="tests.test_push_ai_subscription_iteration32.TestMintingSystem" name="test_get_my_photos" time="0.297" /><testcase classname="tests.test_push_ai_subscription_iteration32.TestPhotoGameAPIs" name="test_get_photo_game_config" time="0.036" /><testcase classname="tests.test_push_ai_subscription_iteration32.TestPhotoGameAPIs" name="test_get_photo_game_stats" time="0.298" /><testcase classname="tests.test_push_ai_subscription_iteration32.TestPhotoGameAPIs" name="test_get_pvp_queue_status" time="0.038" /><testcase classname="tests.test_push_ai_subscription_iteration32.TestPhotoGameAPIs" name="test_get_wins_leaderboard" time="0.039" /><testcase classname="tests.test_push_ai_subscription_iteration32.TestPhotoGameAPIs" name="test_get_photos_leaderboard" time="0.035" /><testcase classname="tests.test_push_ai_subscription_iteration32.TestMarketplaceAPIs" name="test_get_marketplace_config" time="0.039" /><testcase classname="tests.test_push_ai_subscription_iteration32.TestMarketplaceAPIs" name="test_get_marketplace_listings" time="0.038" /><testcase classname="tests.test_push_ai_subscription_iteration32.TestTournamentAPIs" name="test_get_tournaments" time="0.040" /><testcase classname="tests.test_push_ai_subscription_iteration32.TestCasinoAPIs" name="test_get_daily_spin_status" time="0.295" /><testcase classname="tests.test_push_ai_subscription_iteration32.TestCasinoAPIs" name="test_get_casino_stats" time="0.342" /><testcase classname="tests.test_push_ai_subscription_iteration32.TestWebSocketStatus" name="test_get_ws_status" time="0.038" /></testsuite></testsuites>