<?xml version="1.0" encoding="utf-8"?><testsuites name="pytest tests"><testsuite name="pytest" errors="0" failures="0" skipped="0" tests="11" time="9.478" timestamp="2026-02-15T08:31:19.320999+00:00" hostname="agent-env-e83a5e27-6cca-48f7-b57d-4b6c3fce8969"><testcase classname="backend.tests.test_iteration162_body_stream_fix.TestBodyStreamFix" name="test_stripe_connect_onboard_returns_url" time="1.463" /><testcase classname="backend.tests.test_iteration162_body_stream_fix.TestBodyStreamFix" name="test_stripe_connect_status" time="0.937" /><testcase classname="backend.tests.test_iteration162_body_stream_fix.TestBodyStreamFix" name="test_subscription_checkout_bronze" time="0.992" /><testcase classname="backend.tests.test_iteration162_body_stream_fix.TestBodyStreamFix" name="test_subscription_checkout_silver" time="0.986" /><testcase classname="backend.tests.test_iteration162_body_stream_fix.TestBodyStreamFix" name="test_subscription_checkout_gold" time="0.979" /><testcase classname="backend.tests.test_iteration162_body_stream_fix.TestBodyStreamFix" name="test_subscription_checkout_diamond" time="1.015" /><testcase classname="backend.tests.test_iteration162_body_stream_fix.TestBodyStreamFix" name="test_subscription_tiers_info" time="0.418" /><testcase classname="backend.tests.test_iteration162_body_stream_fix.TestBodyStreamFix" name="test_wallet_balance" time="0.503" /><testcase classname="backend.tests.test_iteration162_body_stream_fix.TestBodyStreamFix" name="test_current_subscription" time="0.431" /><testcase classname="backend.tests.test_iteration162_body_stream_fix.TestResponseBodyHandling" name="test_stripe_connect_response_is_valid_json" time="0.685" /><testcase classname="backend.tests.test_iteration162_body_stream_fix.TestResponseBodyHandling" name="test_subscription_checkout_response_is_valid_json" time="1.001" /></testsuite></testsuites>