<?xml version="1.0" encoding="utf-8"?><testsuites name="pytest tests"><testsuite name="pytest" errors="0" failures="0" skipped="0" tests="22" time="2.699" timestamp="2026-01-28T06:55:07.183015+00:00" hostname="agent-env-19b8676c-8c5d-487e-927b-e4db0b270532"><testcase classname="backend.tests.test_profile_medal_features.TestProfilePictureSelection" name="test_profile_picture_endpoint_exists" time="0.334" /><testcase classname="backend.tests.test_profile_medal_features.TestProfilePictureSelection" name="test_profile_picture_requires_image_url" time="0.036" /><testcase classname="backend.tests.test_profile_medal_features.TestProfilePictureSelection" name="test_profile_picture_update_success" time="0.037" /><testcase classname="backend.tests.test_profile_medal_features.TestProfilePictureSelection" name="test_profile_picture_invalid_mint_id" time="0.037" /><testcase classname="backend.tests.test_profile_medal_features.TestProfilePictureSelection" name="test_profile_picture_requires_auth" time="0.033" /><testcase classname="backend.tests.test_profile_medal_features.TestMedalShowcase" name="test_medal_showcase_get_endpoint_exists" time="0.581" /><testcase classname="backend.tests.test_profile_medal_features.TestMedalShowcase" name="test_medal_showcase_returns_correct_structure" time="0.034" /><testcase classname="backend.tests.test_profile_medal_features.TestMedalShowcase" name="test_medal_showcase_empty_state" time="0.035" /><testcase classname="backend.tests.test_profile_medal_features.TestMedalShowcase" name="test_medal_showcase_put_endpoint_exists" time="0.039" /><testcase classname="backend.tests.test_profile_medal_features.TestMedalShowcase" name="test_medal_showcase_update_success" time="0.035" /><testcase classname="backend.tests.test_profile_medal_features.TestMedalShowcase" name="test_medal_showcase_max_5_photos" time="0.038" /><testcase classname="backend.tests.test_profile_medal_features.TestMedalShowcase" name="test_medal_showcase_requires_auth" time="0.033" /><testcase classname="backend.tests.test_profile_medal_features.TestMedalShowcase" name="test_medal_showcase_public_access" time="0.034" /><testcase classname="backend.tests.test_profile_medal_features.TestMedalShowcase" name="test_medal_showcase_invalid_user" time="0.034" /><testcase classname="backend.tests.test_profile_medal_features.TestMedalBonusAndCelebration" name="test_record_round_result_endpoint_exists" time="0.288" /><testcase classname="backend.tests.test_profile_medal_features.TestMedalBonusAndCelebration" name="test_record_round_result_requires_auth" time="0.031" /><testcase classname="backend.tests.test_profile_medal_features.TestMedalBonusAndCelebration" name="test_record_round_result_invalid_photo" time="0.032" /><testcase classname="backend.tests.test_profile_medal_features.TestMedalBonusAndCelebration" name="test_record_round_result_response_structure" time="0.031" /><testcase classname="backend.tests.test_profile_medal_features.TestBattlePhotosWithMedals" name="test_battle_photos_endpoint" time="0.291" /><testcase classname="backend.tests.test_profile_medal_features.TestBattlePhotosWithMedals" name="test_photo_stamina_includes_medals" time="0.033" /><testcase classname="backend.tests.test_profile_medal_features.TestProfileShowsProfilePicture" name="test_auth_me_returns_profile_picture" time="0.291" /><testcase classname="backend.tests.test_profile_medal_features.TestProfileShowsProfilePicture" name="test_user_profile_endpoint" time="0.291" /></testsuite></testsuites>