<?xml version="1.0" encoding="utf-8"?><testsuites name="pytest tests"><testsuite name="pytest" errors="0" failures="0" skipped="0" tests="7" time="0.619" timestamp="2026-01-30T21:42:11.185160+00:00" hostname="agent-env-6a1c2030-e9ea-437e-86cf-f7ba277fe88a"><testcase classname="backend.tests.test_p1_face_match.TestMintingPhotosEndpoint" name="test_get_minted_photos_list" time="0.331" /><testcase classname="backend.tests.test_p1_face_match.TestMintingPhotosEndpoint" name="test_photos_have_face_detection_fields" time="0.041" /><testcase classname="backend.tests.test_p1_face_match.TestFullStatsEndpoint" name="test_full_stats_returns_all_fields" time="0.046" /><testcase classname="backend.tests.test_p1_face_match.TestFullStatsEndpoint" name="test_full_stats_face_detection_values" time="0.039" /><testcase classname="backend.tests.test_p1_face_match.TestFullStatsEndpoint" name="test_full_stats_authenticity_calculation" time="0.039" /><testcase classname="backend.tests.test_p1_face_match.TestAuthenticityStatusEndpoint" name="test_authenticity_status" time="0.039" /><testcase classname="backend.tests.test_p1_face_match.TestProfileMintedPhotos" name="test_profile_can_fetch_minted_photos" time="0.035" /></testsuite></testsuites>