<?xml version="1.0" encoding="utf-8"?><testsuites name="pytest tests"><testsuite name="pytest" errors="0" failures="0" skipped="3" tests="22" time="5.229" timestamp="2026-01-29T00:07:40.412630+00:00" hostname="agent-env-19b8676c-8c5d-487e-927b-e4db0b270532"><testcase classname="backend.tests.test_phase3_reactions_birthday.TestPhase3ReactionsBirthday" name="test_react_to_photo_without_mint_id" time="0.334" /><testcase classname="backend.tests.test_phase3_reactions_birthday.TestPhase3ReactionsBirthday" name="test_remove_reaction_without_mint_id" time="0.281" /><testcase classname="backend.tests.test_phase3_reactions_birthday.TestPhase3ReactionsBirthday" name="test_react_endpoint_requires_auth" time="0.301" /><testcase classname="backend.tests.test_phase3_reactions_birthday.TestPhase3ReactionsBirthday" name="test_remove_reaction_endpoint_requires_auth" time="0.302" /><testcase classname="backend.tests.test_phase3_reactions_birthday.TestPhase3ReactionsBirthday" name="test_full_value_endpoint_with_invalid_mint_id" time="0.282" /><testcase classname="backend.tests.test_phase3_reactions_birthday.TestPhase3ReactionsBirthday" name="test_full_value_endpoint_structure" time="0.279"><skipped type="pytest.skip" message="Test user has no minted photos - cannot test full-value endpoint structure">/app/backend/tests/test_phase3_reactions_birthday.py:120: Test user has no minted photos - cannot test full-value endpoint structure</skipped></testcase><testcase classname="backend.tests.test_phase3_reactions_birthday.TestPhase3ReactionsBirthday" name="test_check_birthday_with_invalid_mint_id" time="0.274" /><testcase classname="backend.tests.test_phase3_reactions_birthday.TestPhase3ReactionsBirthday" name="test_claim_birthday_bonus_with_invalid_mint_id" time="0.272" /><testcase classname="backend.tests.test_phase3_reactions_birthday.TestPhase3ReactionsBirthday" name="test_check_birthday_requires_auth" time="0.301" /><testcase classname="backend.tests.test_phase3_reactions_birthday.TestPhase3ReactionsBirthday" name="test_claim_birthday_bonus_requires_auth" time="0.305" /><testcase classname="backend.tests.test_phase3_reactions_birthday.TestPhase3ReactionsBirthday" name="test_check_birthday_structure" time="0.311"><skipped type="pytest.skip" message="Test user has no minted photos - cannot test check-birthday structure">/app/backend/tests/test_phase3_reactions_birthday.py:199: Test user has no minted photos - cannot test check-birthday structure</skipped></testcase><testcase classname="backend.tests.test_phase3_reactions_birthday.TestPhase3ReactionsBirthday" name="test_claim_birthday_not_on_anniversary" time="0.273"><skipped type="pytest.skip" message="Test user has no minted photos - cannot test claim-birthday">/app/backend/tests/test_phase3_reactions_birthday.py:235: Test user has no minted photos - cannot test claim-birthday</skipped></testcase><testcase classname="backend.tests.test_phase3_reactions_birthday.TestPhase3ReactionsBirthday" name="test_minting_config_endpoint" time="0.273" /><testcase classname="backend.tests.test_phase3_reactions_birthday.TestPhase3ReactionsBirthday" name="test_level_bonuses_endpoint" time="0.266" /><testcase classname="backend.tests.test_phase3_reactions_birthday.TestPhase3ReactionsBirthday" name="test_rating_criteria_endpoint" time="0.272" /><testcase classname="backend.tests.test_phase3_reactions_birthday.TestPhase3ReactionsBirthday" name="test_get_user_photos" time="0.273" /><testcase classname="backend.tests.test_phase3_reactions_birthday.TestPhase3ReactionsBirthday" name="test_minting_status" time="0.281" /><testcase classname="backend.tests.test_phase3_reactions_birthday.TestPhase3Constants" name="test_reaction_bonus_threshold" time="0.000" /><testcase classname="backend.tests.test_phase3_reactions_birthday.TestPhase3Constants" name="test_reaction_bonus_value" time="0.000" /><testcase classname="backend.tests.test_phase3_reactions_birthday.TestPhase3Constants" name="test_monthly_growth_value" time="0.000" /><testcase classname="backend.tests.test_phase3_reactions_birthday.TestPhase3Constants" name="test_birthday_bonus_bl" time="0.000" /><testcase classname="backend.tests.test_phase3_reactions_birthday.TestPhase3Authentication" name="test_login_with_test_credentials" time="0.260" /></testsuite></testsuites>