<?xml version="1.0" encoding="utf-8"?><testsuites name="pytest tests"><testsuite name="pytest" errors="0" failures="0" skipped="0" tests="21" time="10.852" timestamp="2026-01-10T05:46:53.710891+00:00" hostname="agent-env-588a4406-bbdc-4378-a810-41a32800dbe2"><testcase classname="tests.test_album_ai_listing_iteration11.TestAlbumSystem" name="test_album_create_requires_auth" time="0.351" /><testcase classname="tests.test_album_ai_listing_iteration11.TestAlbumSystem" name="test_album_create_success" time="0.333" /><testcase classname="tests.test_album_ai_listing_iteration11.TestAlbumSystem" name="test_album_create_private" time="0.333" /><testcase classname="tests.test_album_ai_listing_iteration11.TestAlbumSystem" name="test_get_my_albums" time="0.375" /><testcase classname="tests.test_album_ai_listing_iteration11.TestAlbumSystem" name="test_get_album_detail" time="0.377" /><testcase classname="tests.test_album_ai_listing_iteration11.TestAlbumSystem" name="test_get_album_not_found" time="0.337" /><testcase classname="tests.test_album_ai_listing_iteration11.TestAlbumSystem" name="test_delete_album" time="0.410" /><testcase classname="tests.test_album_ai_listing_iteration11.TestAlbumSystem" name="test_delete_album_not_found" time="0.355" /><testcase classname="tests.test_album_ai_listing_iteration11.TestAlbumMediaUpload" name="test_upload_image_to_album" time="0.370" /><testcase classname="tests.test_album_ai_listing_iteration11.TestAlbumMediaUpload" name="test_upload_requires_auth" time="0.369" /><testcase classname="tests.test_album_ai_listing_iteration11.TestVideoThumbnailGeneration" name="test_generate_thumbnail_requires_auth" time="0.299" /><testcase classname="tests.test_album_ai_listing_iteration11.TestVideoThumbnailGeneration" name="test_generate_thumbnail_video_not_found" time="0.297" /><testcase classname="tests.test_album_ai_listing_iteration11.TestThumbnailFileServing" name="test_thumbnail_not_found" time="0.032" /><testcase classname="tests.test_album_ai_listing_iteration11.TestThumbnailFileServing" name="test_thumbnail_endpoint_exists" time="0.036" /><testcase classname="tests.test_album_ai_listing_iteration11.TestAIListingCreator" name="test_ai_analyze_listing_requires_auth" time="0.290" /><testcase classname="tests.test_album_ai_listing_iteration11.TestAIListingCreator" name="test_ai_price_suggestions_requires_auth" time="0.288" /><testcase classname="tests.test_album_ai_listing_iteration11.TestAIListingCreator" name="test_ai_analyze_listing_endpoint_exists" time="0.313" /><testcase classname="tests.test_album_ai_listing_iteration11.TestAIListingCreator" name="test_ai_price_suggestions_endpoint_exists" time="4.694" /><testcase classname="tests.test_album_ai_listing_iteration11.TestExistingAlbum" name="test_get_existing_album" time="0.309" /><testcase classname="tests.test_album_ai_listing_iteration11.TestMarketplaceListingCreation" name="test_create_listing_requires_auth" time="0.303" /><testcase classname="tests.test_album_ai_listing_iteration11.TestMarketplaceListingCreation" name="test_create_listing_success" time="0.290" /></testsuite></testsuites>