<?xml version="1.0" encoding="utf-8"?><testsuites name="pytest tests"><testsuite name="pytest" errors="0" failures="1" skipped="0" tests="15" time="2.524" timestamp="2026-02-06T04:20:13.705713+00:00" hostname="agent-env-f102a490-374a-4447-9a89-0b000bb60732"><testcase classname="backend.tests.test_pvp_round_transition.TestPVPRoundTransition" name="test_01_health_check" time="0.077" /><testcase classname="backend.tests.test_pvp_round_transition.TestPVPRoundTransition" name="test_02_user1_login" time="0.347" /><testcase classname="backend.tests.test_pvp_round_transition.TestPVPRoundTransition" name="test_03_user2_login" time="0.266" /><testcase classname="backend.tests.test_pvp_round_transition.TestPVPRoundTransition" name="test_04_submit_round_result_api_endpoint_exists" time="0.287" /><testcase classname="backend.tests.test_pvp_round_transition.TestPVPRoundTransition" name="test_05_pvp_session_endpoint" time="0.313" /><testcase classname="backend.tests.test_pvp_round_transition.TestPVPRoundTransition" name="test_06_pvp_tap_endpoint" time="0.293" /><testcase classname="backend.tests.test_pvp_round_transition.TestPVPRoundTransition" name="test_07_pvp_tap_state_endpoint" time="0.283" /><testcase classname="backend.tests.test_pvp_round_transition.TestPVPRoundTransition" name="test_08_pvp_finish_round_endpoint" time="0.285"><failure message="assert 422 == 404&#10; +  where 422 = &lt;Response [422]&gt;.status_code">backend/tests/test_pvp_round_transition.py:149: in test_08_pvp_finish_round_endpoint
    assert response.status_code == 404
E   assert 422 == 404
E    +  where 422 = &lt;Response [422]&gt;.status_code</failure></testcase><testcase classname="backend.tests.test_pvp_round_transition.TestPVPRoundTransition" name="test_09_pvp_next_round_endpoint" time="0.282" /><testcase classname="backend.tests.test_pvp_round_transition.TestPVPRoundTransition" name="test_10_round_types_sequence" time="0.000" /><testcase classname="backend.tests.test_pvp_round_transition.TestPVPScoreCalculation" name="test_score_calculation_player1_wins" time="0.000" /><testcase classname="backend.tests.test_pvp_round_transition.TestPVPScoreCalculation" name="test_score_calculation_player2_wins" time="0.000" /><testcase classname="backend.tests.test_pvp_round_transition.TestPVPScoreCalculation" name="test_score_calculation_opponent_wins_as_player1" time="0.000" /><testcase classname="backend.tests.test_pvp_round_transition.TestPVPScoreCalculation" name="test_score_calculation_opponent_wins_as_player2" time="0.000" /><testcase classname="backend.tests.test_pvp_round_transition.TestPVPWebSocketConstants" name="test_websocket_endpoint_accessible" time="0.000" /></testsuite></testsuites>