<?xml version="1.0" encoding="utf-8"?><testsuites name="pytest tests"><testsuite name="pytest" errors="0" failures="0" skipped="0" tests="19" time="2.668" timestamp="2026-01-07T05:42:24.651456+00:00" hostname="agent-env-70ad286d-74e7-40d5-89f8-c6d81f206554"><testcase classname="tests.test_blendlink_auth.TestHealthCheck" name="test_health_endpoint" time="0.077" /><testcase classname="tests.test_blendlink_auth.TestHealthCheck" name="test_root_endpoint" time="0.035" /><testcase classname="tests.test_blendlink_auth.TestEmailAuth" name="test_login_with_valid_credentials" time="0.261" /><testcase classname="tests.test_blendlink_auth.TestEmailAuth" name="test_login_with_invalid_credentials" time="0.260" /><testcase classname="tests.test_blendlink_auth.TestEmailAuth" name="test_login_with_nonexistent_user" time="0.074" /><testcase classname="tests.test_blendlink_auth.TestEmailAuth" name="test_register_new_user" time="0.259" /><testcase classname="tests.test_blendlink_auth.TestEmailAuth" name="test_register_duplicate_email" time="0.077" /><testcase classname="tests.test_blendlink_auth.TestGoogleOAuth" name="test_google_auth_new_user" time="0.038" /><testcase classname="tests.test_blendlink_auth.TestGoogleOAuth" name="test_google_auth_existing_user" time="0.075" /><testcase classname="tests.test_blendlink_auth.TestAuthenticatedEndpoints" name="test_get_profile" time="0.337" /><testcase classname="tests.test_blendlink_auth.TestAuthenticatedEndpoints" name="test_get_wallet_balance" time="0.296" /><testcase classname="tests.test_blendlink_auth.TestAuthenticatedEndpoints" name="test_get_wallet_transactions" time="0.291" /><testcase classname="tests.test_blendlink_auth.TestAuthenticatedEndpoints" name="test_get_posts_feed" time="0.291" /><testcase classname="tests.test_blendlink_auth.TestAuthenticatedEndpoints" name="test_unauthorized_access" time="0.036" /><testcase classname="tests.test_blendlink_auth.TestPublicEndpoints" name="test_marketplace_listings" time="0.043" /><testcase classname="tests.test_blendlink_auth.TestPublicEndpoints" name="test_marketplace_categories" time="0.036" /><testcase classname="tests.test_blendlink_auth.TestPublicEndpoints" name="test_services_list" time="0.034" /><testcase classname="tests.test_blendlink_auth.TestPublicEndpoints" name="test_rentals_properties" time="0.037" /><testcase classname="tests.test_blendlink_auth.TestPublicEndpoints" name="test_raffles_list" time="0.035" /></testsuite></testsuites>