<?xml version="1.0" encoding="utf-8"?><testsuites name="pytest tests"><testsuite name="pytest" errors="0" failures="0" skipped="0" tests="22" time="6.045" timestamp="2026-01-14T06:49:51.583765+00:00" hostname="agent-env-30bec051-1915-4388-a25f-b72b0f9e93aa"><testcase classname="tests.test_blendlink_iteration22.TestAdminAuthentication" name="test_admin_login_step1" time="0.290" /><testcase classname="tests.test_blendlink_iteration22.TestAdminAuthentication" name="test_admin_login_invalid_credentials" time="0.038" /><testcase classname="tests.test_blendlink_iteration22.TestAdminOrphansAPI" name="test_get_orphans_list" time="0.305" /><testcase classname="tests.test_blendlink_iteration22.TestAdminOrphansAPI" name="test_get_orphan_stats" time="0.335" /><testcase classname="tests.test_blendlink_iteration22.TestAdminOrphansAPI" name="test_get_potential_parents" time="0.336" /><testcase classname="tests.test_blendlink_iteration22.TestAdminDiamondLeadersAPI" name="test_get_diamond_leaders" time="0.296" /><testcase classname="tests.test_blendlink_iteration22.TestAdminDiamondLeadersAPI" name="test_get_diamond_candidates" time="0.300" /><testcase classname="tests.test_blendlink_iteration22.TestAdminDiamondLeadersAPI" name="test_get_diamond_stats" time="0.297" /><testcase classname="tests.test_blendlink_iteration22.TestReactionsAPI" name="test_react_to_item" time="0.295" /><testcase classname="tests.test_blendlink_iteration22.TestReactionsAPI" name="test_get_item_reactions" time="0.293" /><testcase classname="tests.test_blendlink_iteration22.TestReactionsAPI" name="test_get_user_reaction_stats" time="0.334" /><testcase classname="tests.test_blendlink_iteration22.TestWalletAPI" name="test_get_wallet_balance" time="0.291" /><testcase classname="tests.test_blendlink_iteration22.TestWalletAPI" name="test_get_wallet_transactions" time="0.337" /><testcase classname="tests.test_blendlink_iteration22.TestWalletAPI" name="test_daily_claim" time="0.294" /><testcase classname="tests.test_blendlink_iteration22.TestPKOPokerAPI" name="test_list_tournaments" time="0.295" /><testcase classname="tests.test_blendlink_iteration22.TestPKOPokerAPI" name="test_get_poker_lobby" time="0.307" /><testcase classname="tests.test_blendlink_iteration22.TestAdminPanelPages" name="test_admin_dashboard" time="0.299" /><testcase classname="tests.test_blendlink_iteration22.TestAdminPanelPages" name="test_admin_genealogy_tree" time="0.307" /><testcase classname="tests.test_blendlink_iteration22.TestAdminPanelPages" name="test_admin_analytics" time="0.297" /><testcase classname="tests.test_blendlink_iteration22.TestAdminPanelPages" name="test_admin_themes" time="0.314" /><testcase classname="tests.test_blendlink_iteration22.TestHealthAndBasicEndpoints" name="test_health_check" time="0.080" /><testcase classname="tests.test_blendlink_iteration22.TestHealthAndBasicEndpoints" name="test_root_endpoint" time="0.033" /></testsuite></testsuites>