<?xml version="1.0" encoding="utf-8"?><testsuites name="pytest tests"><testsuite name="pytest" errors="0" failures="0" skipped="0" tests="14" time="3.940" timestamp="2026-02-03T11:11:50.704871+00:00" hostname="agent-env-5157fafe-dcbd-4acc-a84b-4e828f8f1430"><testcase classname="backend.tests.test_admin_wallet_management.TestAdminLogin" name="test_admin_login_success" time="0.332" /><testcase classname="backend.tests.test_admin_wallet_management.TestAdminLogin" name="test_admin_login_invalid_credentials" time="0.039" /><testcase classname="backend.tests.test_admin_wallet_management.TestAdminUserSearch" name="test_user_search_by_email" time="0.311" /><testcase classname="backend.tests.test_admin_wallet_management.TestAdminUserSearch" name="test_user_search_returns_bl_coins" time="0.308" /><testcase classname="backend.tests.test_admin_wallet_management.TestAdminUserSearch" name="test_user_search_unauthorized" time="0.034" /><testcase classname="backend.tests.test_admin_wallet_management.TestAdminBalanceAdjustment" name="test_credit_bl_coins_success" time="0.393" /><testcase classname="backend.tests.test_admin_wallet_management.TestAdminBalanceAdjustment" name="test_credit_large_amount" time="0.343" /><testcase classname="backend.tests.test_admin_wallet_management.TestAdminBalanceAdjustment" name="test_credit_negative_amount_fails" time="0.379" /><testcase classname="backend.tests.test_admin_wallet_management.TestAdminBalanceAdjustment" name="test_credit_without_reason_fails" time="0.343" /><testcase classname="backend.tests.test_admin_wallet_management.TestAdminBalanceAdjustment" name="test_credit_unauthorized" time="0.383" /><testcase classname="backend.tests.test_admin_wallet_management.TestRecentAdjustments" name="test_get_recent_adjustments" time="0.356" /><testcase classname="backend.tests.test_admin_wallet_management.TestRecentAdjustments" name="test_recent_adjustments_contains_audit_info" time="0.306" /><testcase classname="backend.tests.test_admin_wallet_management.TestRecentAdjustments" name="test_recent_adjustments_unauthorized" time="0.035" /><testcase classname="backend.tests.test_admin_wallet_management.TestAdminFinanceOverview" name="test_get_finance_overview" time="0.306" /></testsuite></testsuites>