<?xml version="1.0" encoding="utf-8"?><testsuites name="pytest tests"><testsuite name="pytest" errors="0" failures="1" skipped="0" tests="18" time="2.905" timestamp="2026-02-02T06:29:08.205337+00:00" hostname="agent-env-2d24d05c-ba53-4b18-8000-1897c19f7f75"><testcase classname="backend.tests.test_pvp_sync_timers_upgrade_iteration99.TestAuth" name="test_user1_login" time="0.306" /><testcase classname="backend.tests.test_pvp_sync_timers_upgrade_iteration99.TestAuth" name="test_user2_login" time="0.267" /><testcase classname="backend.tests.test_pvp_sync_timers_upgrade_iteration99.TestPVPFinishRoundIdempotency" name="test_finish_round_endpoint_exists" time="0.382" /><testcase classname="backend.tests.test_pvp_sync_timers_upgrade_iteration99.TestPVPFinishRoundIdempotency" name="test_finish_round_requires_auth" time="0.042" /><testcase classname="backend.tests.test_pvp_sync_timers_upgrade_iteration99.TestMintingDailyLimit" name="test_minting_status_returns_daily_limit" time="0.302" /><testcase classname="backend.tests.test_pvp_sync_timers_upgrade_iteration99.TestMintingDailyLimit" name="test_daily_limit_is_10_for_free_users" time="0.037" /><testcase classname="backend.tests.test_pvp_sync_timers_upgrade_iteration99.TestMintingDailyLimit" name="test_minting_status_has_mints_today" time="0.040" /><testcase classname="backend.tests.test_pvp_sync_timers_upgrade_iteration99.TestPhotoUpgradeEndpoint" name="test_upgrade_endpoint_exists" time="0.408" /><testcase classname="backend.tests.test_pvp_sync_timers_upgrade_iteration99.TestPhotoUpgradeEndpoint" name="test_upgrade_requires_valid_amount" time="0.038" /><testcase classname="backend.tests.test_pvp_sync_timers_upgrade_iteration99.TestGameConfig" name="test_game_config_returns_max_taps" time="0.074"><failure message="AssertionError: Expected max_taps_per_second=30, got 25&#10;assert 25 == 30">backend/tests/test_pvp_sync_timers_upgrade_iteration99.py:232: in test_game_config_returns_max_taps
    assert max_tps == 30, f"Expected max_taps_per_second=30, got {max_tps}"
E   AssertionError: Expected max_taps_per_second=30, got 25
E   assert 25 == 30</failure></testcase><testcase classname="backend.tests.test_pvp_sync_timers_upgrade_iteration99.TestGameConfig" name="test_game_config_returns_stamina_info" time="0.036" /><testcase classname="backend.tests.test_pvp_sync_timers_upgrade_iteration99.TestPVPTapEndpoints" name="test_tap_state_endpoint_exists" time="0.303" /><testcase classname="backend.tests.test_pvp_sync_timers_upgrade_iteration99.TestPVPTapEndpoints" name="test_tap_submit_endpoint_exists" time="0.036" /><testcase classname="backend.tests.test_pvp_sync_timers_upgrade_iteration99.TestPVPTapEndpoints" name="test_select_photo_endpoint_exists" time="0.046" /><testcase classname="backend.tests.test_pvp_sync_timers_upgrade_iteration99.TestOpenGamesAPI" name="test_list_open_games" time="0.377" /><testcase classname="backend.tests.test_pvp_sync_timers_upgrade_iteration99.TestOpenGamesAPI" name="test_create_open_game_requires_5_photos" time="0.041" /><testcase classname="backend.tests.test_pvp_sync_timers_upgrade_iteration99.TestXPLevelSystem" name="test_xp_level_info_endpoint" time="0.038" /><testcase classname="backend.tests.test_pvp_sync_timers_upgrade_iteration99.TestMintingConfig" name="test_minting_config_endpoint" time="0.039" /></testsuite></testsuites>