<?xml version="1.0" encoding="utf-8"?><testsuites name="pytest tests"><testsuite name="pytest" errors="0" failures="1" skipped="0" tests="24" time="3.633" timestamp="2026-01-11T02:47:58.458289+00:00" hostname="agent-env-3526cf1d-fd5a-4938-8720-bfe25e0d1f67"><testcase classname="tests.test_ab_testing_realtime_iteration15.TestAdminAuth" name="test_admin_login" time="0.292" /><testcase classname="tests.test_ab_testing_realtime_iteration15.TestABTestingEndpoints" name="test_list_ab_tests" time="0.304" /><testcase classname="tests.test_ab_testing_realtime_iteration15.TestABTestingEndpoints" name="test_list_ab_tests_requires_auth" time="0.041" /><testcase classname="tests.test_ab_testing_realtime_iteration15.TestABTestingEndpoints" name="test_create_ab_test" time="0.062" /><testcase classname="tests.test_ab_testing_realtime_iteration15.TestABTestingEndpoints" name="test_create_ab_test_invalid_percentages" time="0.038" /><testcase classname="tests.test_ab_testing_realtime_iteration15.TestABTestingEndpoints" name="test_create_ab_test_all_types" time="0.224" /><testcase classname="tests.test_ab_testing_realtime_iteration15.TestABTestingEndpoints" name="test_get_ab_test_by_id" time="0.075" /><testcase classname="tests.test_ab_testing_realtime_iteration15.TestABTestingEndpoints" name="test_update_test_status" time="0.178" /><testcase classname="tests.test_ab_testing_realtime_iteration15.TestABTestingEndpoints" name="test_delete_ab_test" time="0.154" /><testcase classname="tests.test_ab_testing_realtime_iteration15.TestABTestingEndpoints" name="test_delete_nonexistent_test" time="0.035" /><testcase classname="tests.test_ab_testing_realtime_iteration15.TestABTestingEndpoints" name="test_filter_tests_by_status" time="0.037" /><testcase classname="tests.test_ab_testing_realtime_iteration15.TestABTestingEndpoints" name="test_get_active_tests_for_user" time="0.036" /><testcase classname="tests.test_ab_testing_realtime_iteration15.TestRealtimeMetrics" name="test_get_realtime_metrics" time="0.321" /><testcase classname="tests.test_ab_testing_realtime_iteration15.TestRealtimeMetrics" name="test_realtime_metrics_requires_admin" time="0.035" /><testcase classname="tests.test_ab_testing_realtime_iteration15.TestRealtimeMetrics" name="test_user_heartbeat" time="0.036" /><testcase classname="tests.test_ab_testing_realtime_iteration15.TestBiometricAuth" name="test_register_biometric" time="0.319" /><testcase classname="tests.test_ab_testing_realtime_iteration15.TestBiometricAuth" name="test_register_biometric_update_existing" time="0.035" /><testcase classname="tests.test_ab_testing_realtime_iteration15.TestBiometricAuth" name="test_get_biometric_challenge" time="0.056" /><testcase classname="tests.test_ab_testing_realtime_iteration15.TestBiometricAuth" name="test_list_biometric_credentials" time="0.077" /><testcase classname="tests.test_ab_testing_realtime_iteration15.TestBiometricAuth" name="test_revoke_biometric_credential" time="0.106" /><testcase classname="tests.test_ab_testing_realtime_iteration15.TestAdminSettings" name="test_get_admin_settings" time="0.292" /><testcase classname="tests.test_ab_testing_realtime_iteration15.TestAdminSettings" name="test_update_admin_settings" time="0.039"><failure message="AssertionError: Unexpected status: 520&#10;assert 520 in [200, 404, 422]&#10; +  where 520 = &lt;Response [520]&gt;.status_code">tests/test_ab_testing_realtime_iteration15.py:419: in test_update_admin_settings
    assert response.status_code in [200, 404, 422], f"Unexpected status: {response.status_code}"
E   AssertionError: Unexpected status: 520
E   assert 520 in [200, 404, 422]
E    +  where 520 = &lt;Response [520]&gt;.status_code</failure></testcase><testcase classname="tests.test_ab_testing_realtime_iteration15.TestAdminSettings" name="test_admin_dashboard" time="0.037" /><testcase classname="tests.test_ab_testing_realtime_iteration15.TestCleanup" name="test_cleanup_test_ab_tests" time="0.591" /></testsuite></testsuites>