<?xml version="1.0" encoding="utf-8"?><testsuites name="pytest tests"><testsuite name="pytest" errors="0" failures="1" skipped="0" tests="14" time="52.545" timestamp="2026-02-14T17:50:02.898096+00:00" hostname="agent-env-54ae5085-6d20-4676-8844-ca57d1b15126"><testcase classname="backend.tests.test_monetization_features.TestSubscriptionScheduler" name="test_scheduler_status_endpoint_returns_running" time="50.691" /><testcase classname="backend.tests.test_monetization_features.TestAdminMembershipTiers" name="test_membership_tiers_requires_auth" time="0.211" /><testcase classname="backend.tests.test_monetization_features.TestAdminMembershipTiers" name="test_membership_tiers_with_invalid_token" time="0.123" /><testcase classname="backend.tests.test_monetization_features.TestAdminPromoCodes" name="test_promo_codes_requires_auth" time="0.119" /><testcase classname="backend.tests.test_monetization_features.TestAdminPromoCodes" name="test_promo_codes_create_requires_auth" time="0.127" /><testcase classname="backend.tests.test_monetization_features.TestAdminTransactionMonitor" name="test_transactions_requires_auth" time="0.145" /><testcase classname="backend.tests.test_monetization_features.TestAdminTransactionMonitor" name="test_flagged_transactions_requires_auth" time="0.168" /><testcase classname="backend.tests.test_monetization_features.TestStripeConnectStatus" name="test_stripe_connect_status_requires_auth" time="0.118" /><testcase classname="backend.tests.test_monetization_features.TestBLCoinsPurchase" name="test_bl_coins_purchase_from_balance_requires_auth" time="0.118" /><testcase classname="backend.tests.test_monetization_features.TestMembershipSubscription" name="test_subscribe_from_balance_requires_auth" time="0.163" /><testcase classname="backend.tests.test_monetization_features.TestMembershipSubscription" name="test_subscribe_validates_tier" time="0.118" /><testcase classname="backend.tests.test_monetization_features.TestMembershipSubscription" name="test_current_subscription_requires_auth" time="0.136" /><testcase classname="backend.tests.test_monetization_features.TestMarketplaceListingEndpoints" name="test_my_listings_requires_auth" time="0.104"><failure message="AssertionError: Expected 401/403, got 404&#10;assert 404 in [401, 403]&#10; +  where 404 = &lt;Response [404]&gt;.status_code">backend/tests/test_monetization_features.py:176: in test_my_listings_requires_auth
    assert response.status_code in [401, 403], f"Expected 401/403, got {response.status_code}"
E   AssertionError: Expected 401/403, got 404
E   assert 404 in [401, 403]
E    +  where 404 = &lt;Response [404]&gt;.status_code</failure></testcase><testcase classname="backend.tests.test_monetization_features.TestWalletEndpoints" name="test_wallet_balance_requires_auth" time="0.117" /></testsuite></testsuites>