<?xml version="1.0" encoding="utf-8"?><testsuites name="pytest tests"><testsuite name="pytest" errors="0" failures="0" skipped="1" tests="14" time="75.352" timestamp="2026-02-14T17:53:26.575429+00:00" hostname="agent-env-54ae5085-6d20-4676-8844-ca57d1b15126"><testcase classname="backend.tests.test_monetization_features.TestSubscriptionScheduler" name="test_scheduler_status_endpoint_returns_running" time="49.967" /><testcase classname="backend.tests.test_monetization_features.TestAdminMembershipTiers" name="test_membership_tiers_requires_auth" time="0.204" /><testcase classname="backend.tests.test_monetization_features.TestAdminMembershipTiers" name="test_membership_tiers_with_invalid_token" time="0.121" /><testcase classname="backend.tests.test_monetization_features.TestAdminPromoCodes" name="test_promo_codes_requires_auth" time="0.118" /><testcase classname="backend.tests.test_monetization_features.TestAdminPromoCodes" name="test_promo_codes_create_requires_auth" time="0.112" /><testcase classname="backend.tests.test_monetization_features.TestAdminTransactionMonitor" name="test_transactions_requires_auth" time="0.131" /><testcase classname="backend.tests.test_monetization_features.TestAdminTransactionMonitor" name="test_flagged_transactions_requires_auth" time="0.110" /><testcase classname="backend.tests.test_monetization_features.TestStripeConnectStatus" name="test_stripe_connect_status_requires_auth" time="0.125" /><testcase classname="backend.tests.test_monetization_features.TestBLCoinsPurchase" name="test_bl_coins_purchase_from_balance_requires_auth" time="0.111" /><testcase classname="backend.tests.test_monetization_features.TestMembershipSubscription" name="test_subscribe_from_balance_requires_auth" time="0.123" /><testcase classname="backend.tests.test_monetization_features.TestMembershipSubscription" name="test_subscribe_validates_tier" time="4.231" /><testcase classname="backend.tests.test_monetization_features.TestMembershipSubscription" name="test_current_subscription_requires_auth" time="19.716" /><testcase classname="backend.tests.test_monetization_features.TestMarketplaceListingEndpoints" name="test_my_listings_requires_auth" time="0.000"><skipped type="pytest.skip" message="Route conflict - /listings/my caught by /listing/{id}">/app/backend/tests/test_monetization_features.py:172: Route conflict - /listings/my caught by /listing/{id}</skipped></testcase><testcase classname="backend.tests.test_monetization_features.TestWalletEndpoints" name="test_wallet_balance_requires_auth" time="0.218" /></testsuite></testsuites>