<?xml version="1.0" encoding="utf-8"?><testsuites name="pytest tests"><testsuite name="pytest" errors="0" failures="0" skipped="0" tests="23" time="12.517" timestamp="2026-02-05T23:02:11.293170+00:00" hostname="agent-env-f102a490-374a-4447-9a89-0b000bb60732"><testcase classname="tests.test_pvp_bidding_battle.TestPVPBiddingBattle" name="test_user1_login" time="8.125" /><testcase classname="tests.test_pvp_bidding_battle.TestPVPBiddingBattle" name="test_user2_login" time="0.293" /><testcase classname="tests.test_pvp_bidding_battle.TestPVPBiddingBattle" name="test_game_config_endpoint" time="0.035" /><testcase classname="tests.test_pvp_bidding_battle.TestPVPBiddingBattle" name="test_list_open_games" time="0.295" /><testcase classname="tests.test_pvp_bidding_battle.TestPVPBiddingBattle" name="test_create_open_game_requires_5_photos" time="0.478" /><testcase classname="tests.test_pvp_bidding_battle.TestPVPBiddingBattle" name="test_pvp_session_state_endpoint" time="0.386" /><testcase classname="tests.test_pvp_bidding_battle.TestPVPBiddingBattle" name="test_tap_state_endpoint_requires_auth" time="0.033" /><testcase classname="tests.test_pvp_bidding_battle.TestPVPBiddingBattle" name="test_tap_state_endpoint_returns_correct_fields" time="0.269" /><testcase classname="tests.test_pvp_bidding_battle.TestPVPBiddingBattle" name="test_tap_endpoint_requires_auth" time="0.036" /><testcase classname="tests.test_pvp_bidding_battle.TestPVPBiddingBattle" name="test_tap_endpoint_validates_session" time="0.350" /><testcase classname="tests.test_pvp_bidding_battle.TestPVPBiddingBattle" name="test_finish_round_endpoint_requires_auth" time="0.037" /><testcase classname="tests.test_pvp_bidding_battle.TestPVPBiddingBattle" name="test_finish_round_endpoint_validates_session" time="0.266" /><testcase classname="tests.test_pvp_bidding_battle.TestPVPBiddingBattle" name="test_select_photo_endpoint_requires_auth" time="0.036" /><testcase classname="tests.test_pvp_bidding_battle.TestPVPBiddingBattle" name="test_select_photo_endpoint_validates_session" time="0.267" /><testcase classname="tests.test_pvp_bidding_battle.TestPVPBiddingBattle" name="test_battle_photos_endpoint" time="0.297" /><testcase classname="tests.test_pvp_bidding_battle.TestPVPBiddingBattle" name="test_next_round_endpoint_requires_auth" time="0.035" /><testcase classname="tests.test_pvp_bidding_battle.TestPVPBiddingBattle" name="test_next_round_endpoint_validates_session" time="0.268" /><testcase classname="tests.test_pvp_bidding_battle.TestPVPWebSocketManager" name="test_disconnect_forfeit_timeout_constant" time="0.170" /><testcase classname="tests.test_pvp_bidding_battle.TestPVPWebSocketManager" name="test_auction_round_duration_constant" time="0.000" /><testcase classname="tests.test_pvp_bidding_battle.TestPVPWebSocketManager" name="test_pvp_game_room_has_tap_tracking_fields" time="0.000" /><testcase classname="tests.test_pvp_bidding_battle.TestPVPWebSocketManager" name="test_pvp_game_room_has_round_winner_determined_flag" time="0.000" /><testcase classname="tests.test_pvp_bidding_battle.TestPVPWebSocketManager" name="test_pvp_game_room_has_disconnect_tracking" time="0.000" /><testcase classname="tests.test_pvp_bidding_battle.TestPVPIntegration" name="test_full_pvp_game_creation_flow" time="0.753" /></testsuite></testsuites>