<?xml version="1.0" encoding="utf-8"?><testsuites name="pytest tests"><testsuite name="pytest" errors="0" failures="0" skipped="20" tests="20" time="38.546" timestamp="2026-02-13T16:46:30.580509+00:00" hostname="agent-env-4cd1e098-d21a-4364-b556-b7da0989dae6"><testcase classname="backend.tests.test_orphan_trends.TestOrphanTrendsEndpoint" name="test_trends_returns_200" time="34.859"><skipped type="pytest.skip" message="Could not authenticate as admin: 404">/app/backend/tests/test_orphan_trends.py:50: Could not authenticate as admin: 404</skipped></testcase><testcase classname="backend.tests.test_orphan_trends.TestOrphanTrendsEndpoint" name="test_trends_has_required_fields" time="0.220"><skipped type="pytest.skip" message="Could not authenticate as admin: 404">/app/backend/tests/test_orphan_trends.py:59: Could not authenticate as admin: 404</skipped></testcase><testcase classname="backend.tests.test_orphan_trends.TestOrphanTrendsEndpoint" name="test_summary_has_all_metrics" time="0.168"><skipped type="pytest.skip" message="Could not authenticate as admin: 404">/app/backend/tests/test_orphan_trends.py:77: Could not authenticate as admin: 404</skipped></testcase><testcase classname="backend.tests.test_orphan_trends.TestOrphanTrendsEndpoint" name="test_summary_success_rate_is_percentage" time="0.173"><skipped type="pytest.skip" message="Could not authenticate as admin: 404">/app/backend/tests/test_orphan_trends.py:99: Could not authenticate as admin: 404</skipped></testcase><testcase classname="backend.tests.test_orphan_trends.TestOrphanTrendsEndpoint" name="test_pool_status_has_required_fields" time="0.281"><skipped type="pytest.skip" message="Could not authenticate as admin: 404">/app/backend/tests/test_orphan_trends.py:115: Could not authenticate as admin: 404</skipped></testcase><testcase classname="backend.tests.test_orphan_trends.TestOrphanTrendsEndpoint" name="test_pool_health_is_valid_value" time="0.226"><skipped type="pytest.skip" message="Could not authenticate as admin: 404">/app/backend/tests/test_orphan_trends.py:132: Could not authenticate as admin: 404</skipped></testcase><testcase classname="backend.tests.test_orphan_trends.TestOrphanTrendsEndpoint" name="test_tier_distribution_has_11_tiers" time="0.225"><skipped type="pytest.skip" message="Could not authenticate as admin: 404">/app/backend/tests/test_orphan_trends.py:147: Could not authenticate as admin: 404</skipped></testcase><testcase classname="backend.tests.test_orphan_trends.TestOrphanTrendsEndpoint" name="test_date_range_has_required_fields" time="0.390"><skipped type="pytest.skip" message="Could not authenticate as admin: 404">/app/backend/tests/test_orphan_trends.py:166: Could not authenticate as admin: 404</skipped></testcase><testcase classname="backend.tests.test_orphan_trends.TestOrphanTrendsEndpoint" name="test_default_date_range_is_30_days" time="0.214"><skipped type="pytest.skip" message="Could not authenticate as admin: 404">/app/backend/tests/test_orphan_trends.py:182: Could not authenticate as admin: 404</skipped></testcase><testcase classname="backend.tests.test_orphan_trends.TestOrphanTrendsEndpoint" name="test_custom_start_date" time="0.133"><skipped type="pytest.skip" message="Could not authenticate as admin: 404">/app/backend/tests/test_orphan_trends.py:198: Could not authenticate as admin: 404</skipped></testcase><testcase classname="backend.tests.test_orphan_trends.TestOrphanTrendsEndpoint" name="test_custom_end_date" time="0.147"><skipped type="pytest.skip" message="Could not authenticate as admin: 404">/app/backend/tests/test_orphan_trends.py:216: Could not authenticate as admin: 404</skipped></testcase><testcase classname="backend.tests.test_orphan_trends.TestOrphanTrendsEndpoint" name="test_custom_date_range" time="0.119"><skipped type="pytest.skip" message="Could not authenticate as admin: 404">/app/backend/tests/test_orphan_trends.py:228: Could not authenticate as admin: 404</skipped></testcase><testcase classname="backend.tests.test_orphan_trends.TestOrphanTrendsEndpoint" name="test_granularity_day" time="0.247"><skipped type="pytest.skip" message="Could not authenticate as admin: 404">/app/backend/tests/test_orphan_trends.py:248: Could not authenticate as admin: 404</skipped></testcase><testcase classname="backend.tests.test_orphan_trends.TestOrphanTrendsEndpoint" name="test_granularity_week" time="0.122"><skipped type="pytest.skip" message="Could not authenticate as admin: 404">/app/backend/tests/test_orphan_trends.py:261: Could not authenticate as admin: 404</skipped></testcase><testcase classname="backend.tests.test_orphan_trends.TestOrphanTrendsEndpoint" name="test_granularity_month" time="0.190"><skipped type="pytest.skip" message="Could not authenticate as admin: 404">/app/backend/tests/test_orphan_trends.py:274: Could not authenticate as admin: 404</skipped></testcase><testcase classname="backend.tests.test_orphan_trends.TestOrphanTrendsEndpoint" name="test_timeline_entries_have_required_fields" time="0.123"><skipped type="pytest.skip" message="Could not authenticate as admin: 404">/app/backend/tests/test_orphan_trends.py:289: Could not authenticate as admin: 404</skipped></testcase><testcase classname="backend.tests.test_orphan_trends.TestOrphanTrendsEndpoint" name="test_timeline_dates_are_ordered" time="0.138"><skipped type="pytest.skip" message="Could not authenticate as admin: 404">/app/backend/tests/test_orphan_trends.py:316: Could not authenticate as admin: 404</skipped></testcase><testcase classname="backend.tests.test_orphan_trends.TestOrphanTrendsEndpoint" name="test_combined_parameters" time="0.146"><skipped type="pytest.skip" message="Could not authenticate as admin: 404">/app/backend/tests/test_orphan_trends.py:338: Could not authenticate as admin: 404</skipped></testcase><testcase classname="backend.tests.test_orphan_trends.TestOrphanTrendsEndpoint" name="test_invalid_granularity_defaults" time="0.138"><skipped type="pytest.skip" message="Could not authenticate as admin: 404">/app/backend/tests/test_orphan_trends.py:359: Could not authenticate as admin: 404</skipped></testcase><testcase classname="backend.tests.test_orphan_trends.TestOrphanTrendsEndpoint" name="test_invalid_date_format_handled" time="0.197"><skipped type="pytest.skip" message="Could not authenticate as admin: 404">/app/backend/tests/test_orphan_trends.py:368: Could not authenticate as admin: 404</skipped></testcase></testsuite></testsuites>