<?xml version="1.0" encoding="utf-8"?><testsuites name="pytest tests"><testsuite name="pytest" errors="1" failures="5" skipped="0" tests="14" time="6.384" timestamp="2026-02-14T23:44:53.536570+00:00" hostname="agent-env-5f253046-fae6-46bb-a01e-675f9819a9f7"><testcase classname="tests.test_blendlink_live_stripe_iteration159.TestHealthAndBasics" name="test_api_health" time="0.248" /><testcase classname="tests.test_blendlink_live_stripe_iteration159.TestAuthentication" name="test_user_login" time="0.358" /><testcase classname="tests.test_blendlink_live_stripe_iteration159.TestAuthentication" name="test_admin_login" time="0.399"><error message="failed on setup with &quot;AssertionError: No token in admin response: {'success': True, 'requires_2fa': False, 'admin_token': 'eyJhbGciOiJIUzI1NiIsInR5cCI6IkpXVCJ9.eyJzdWIiOiJ1c2VyXzVlOTgxOGI2ODk5NyIsInVzZXJfaWQiOiJ1c2VyXzVlOTgxOGI2ODk5NyIsImV4cCI6MTc3MTEyNzA5NH0.Sa4mZeouwNT197V1s806NHapSTTo4PzDXBlwKnayNuQ', 'admin': {'admin_id': 'admin_450d1ca5c5c3', 'user_id': 'user_5e9818b68997', 'email': 'blendlinknet@gmail.com', 'name': 'Blendlink Admin', 'role': 'super_admin', 'permissions': {'view_users': True, 'edit_users': True, 'suspend_users': True, 'ban_users': True, 'delete_users': True, 'reset_user_passwords': True, 'force_logout_users': True, 'view_balances': True, 'adjust_bl_coins': True, 'adjust_usd_balance': True, 'view_transactions': True, 'approve_withdrawals': True, 'reject_withdrawals': True, 'adjust_commissions': True, 'view_genealogy': True, 'edit_genealogy': True, 'reassign_downlines': True, 'manage_orphans': True, 'view_public_content': True, 'view_private_content': True, 'delete_content': True, 'restore_content': True, 'manage_reports': True, 'manage_themes': True, 'manage_pages': True, 'manage_settings': True, 'view_admins': True, 'create_admins': True, 'edit_admins': True, 'delete_admins': True, 'manage_permissions': True, 'view_audit_logs': True, 'view_analytics': True, 'view_system_health': True, 'use_ai_assistant': True}, 'totp_enabled': False}, 'message': 'Login successful'}&#10;assert 'token' in {'admin': {'admin_id': 'admin_450d1ca5c5c3', 'email': 'blendlinknet@gmail.com', 'name': 'Blendlink Admin', 'permissions': {'adjust_bl_coins': True, 'adjust_commissions': True, 'adjust_usd_balance': True, 'approve_withdrawals': True, ...}, ...}, 'admin_token': 'eyJhbGciOiJIUzI1NiIsInR5cCI6IkpXVCJ9.eyJzdWIiOiJ1c2VyXzVlOTgxOGI2ODk5NyIsInVzZXJfaWQiOiJ1c2VyXzVlOTgxOGI2ODk5NyIsImV4cCI6MTc3MTEyNzA5NH0.Sa4mZeouwNT197V1s806NHapSTTo4PzDXBlwKnayNuQ', 'message': 'Login successful', 'requires_2fa': False, ...}&quot;">tests/test_blendlink_live_stripe_iteration159.py:57: in admin_token
    assert "token" in data, f"No token in admin response: {data}"
E   AssertionError: No token in admin response: {'success': True, 'requires_2fa': False, 'admin_token': 'eyJhbGciOiJIUzI1NiIsInR5cCI6IkpXVCJ9.eyJzdWIiOiJ1c2VyXzVlOTgxOGI2ODk5NyIsInVzZXJfaWQiOiJ1c2VyXzVlOTgxOGI2ODk5NyIsImV4cCI6MTc3MTEyNzA5NH0.Sa4mZeouwNT197V1s806NHapSTTo4PzDXBlwKnayNuQ', 'admin': {'admin_id': 'admin_450d1ca5c5c3', 'user_id': 'user_5e9818b68997', 'email': 'blendlinknet@gmail.com', 'name': 'Blendlink Admin', 'role': 'super_admin', 'permissions': {'view_users': True, 'edit_users': True, 'suspend_users': True, 'ban_users': True, 'delete_users': True, 'reset_user_passwords': True, 'force_logout_users': True, 'view_balances': True, 'adjust_bl_coins': True, 'adjust_usd_balance': True, 'view_transactions': True, 'approve_withdrawals': True, 'reject_withdrawals': True, 'adjust_commissions': True, 'view_genealogy': True, 'edit_genealogy': True, 'reassign_downlines': True, 'manage_orphans': True, 'view_public_content': True, 'view_private_content': True, 'delete_content': True, 'restore_content': True, 'manage_reports': True, 'manage_themes': True, 'manage_pages': True, 'manage_settings': True, 'view_admins': True, 'create_admins': True, 'edit_admins': True, 'delete_admins': True, 'manage_permissions': True, 'view_audit_logs': True, 'view_analytics': True, 'view_system_health': True, 'use_ai_assistant': True}, 'totp_enabled': False}, 'message': 'Login successful'}
E   assert 'token' in {'admin': {'admin_id': 'admin_450d1ca5c5c3', 'email': 'blendlinknet@gmail.com', 'name': 'Blendlink Admin', 'permissions': {'adjust_bl_coins': True, 'adjust_commissions': True, 'adjust_usd_balance': True, 'approve_withdrawals': True, ...}, ...}, 'admin_token': 'eyJhbGciOiJIUzI1NiIsInR5cCI6IkpXVCJ9.eyJzdWIiOiJ1c2VyXzVlOTgxOGI2ODk5NyIsInVzZXJfaWQiOiJ1c2VyXzVlOTgxOGI2ODk5NyIsImV4cCI6MTc3MTEyNzA5NH0.Sa4mZeouwNT197V1s806NHapSTTo4PzDXBlwKnayNuQ', 'message': 'Login successful', 'requires_2fa': False, ...}</error></testcase><testcase classname="tests.test_blendlink_live_stripe_iteration159.TestStripeCheckoutLiveMode" name="test_subscription_checkout_uses_live_stripe" time="1.272" /><testcase classname="tests.test_blendlink_live_stripe_iteration159.TestStripeCheckoutLiveMode" name="test_bl_coins_checkout_uses_live_stripe" time="0.780" /><testcase classname="tests.test_blendlink_live_stripe_iteration159.TestAdminWebSocket" name="test_websocket_endpoint_exists_at_correct_path" time="0.115" /><testcase classname="tests.test_blendlink_live_stripe_iteration159.TestAdminWebSocket" name="test_old_websocket_path_no_longer_exists" time="0.223" /><testcase classname="tests.test_blendlink_live_stripe_iteration159.TestSubscriptionTiers" name="test_subscription_tiers_returns_all_four_tiers" time="0.141"><failure message="AssertionError: Missing tier: bronze. Available: ['tiers', 'ranked_tiers']&#10;assert 'bronze' in ['tiers', 'ranked_tiers']">tests/test_blendlink_live_stripe_iteration159.py:230: in test_subscription_tiers_returns_all_four_tiers
    assert tier in tiers_lower, f"Missing tier: {tier}. Available: {tiers}"
E   AssertionError: Missing tier: bronze. Available: ['tiers', 'ranked_tiers']
E   assert 'bronze' in ['tiers', 'ranked_tiers']</failure></testcase><testcase classname="tests.test_blendlink_live_stripe_iteration159.TestRouteConflicts" name="test_my_listings_route" time="0.468"><failure message="AssertionError: My listings route failed: {&quot;detail&quot;:&quot;Listing not found&quot;}&#10;assert 404 == 200&#10; +  where 404 = &lt;Response [404]&gt;.status_code">tests/test_blendlink_live_stripe_iteration159.py:256: in test_my_listings_route
    assert response.status_code == 200, f"My listings route failed: {response.text}"
E   AssertionError: My listings route failed: {"detail":"Listing not found"}
E   assert 404 == 200
E    +  where 404 = &lt;Response [404]&gt;.status_code</failure></testcase><testcase classname="tests.test_blendlink_live_stripe_iteration159.TestRouteConflicts" name="test_listing_by_id_route" time="0.670" /><testcase classname="tests.test_blendlink_live_stripe_iteration159.TestWalletPage" name="test_user_balance" time="0.509"><failure message="AssertionError: Get user failed: {&quot;detail&quot;:&quot;User not found&quot;}&#10;assert 404 == 200&#10; +  where 404 = &lt;Response [404]&gt;.status_code">tests/test_blendlink_live_stripe_iteration159.py:296: in test_user_balance
    assert response.status_code == 200, f"Get user failed: {response.text}"
E   AssertionError: Get user failed: {"detail":"User not found"}
E   assert 404 == 200
E    +  where 404 = &lt;Response [404]&gt;.status_code</failure></testcase><testcase classname="tests.test_blendlink_live_stripe_iteration159.TestWalletPage" name="test_stripe_connect_status" time="0.495" /><testcase classname="tests.test_blendlink_live_stripe_iteration159.TestAdminPanel" name="test_admin_dashboard" time="0.476"><failure message="AssertionError: Admin dashboard failed: {&quot;detail&quot;:&quot;Invalid token&quot;}&#10;assert 401 == 200&#10; +  where 401 = &lt;Response [401]&gt;.status_code">tests/test_blendlink_live_stripe_iteration159.py:337: in test_admin_dashboard
    assert response.status_code == 200, f"Admin dashboard failed: {response.text}"
E   AssertionError: Admin dashboard failed: {"detail":"Invalid token"}
E   assert 401 == 200
E    +  where 401 = &lt;Response [401]&gt;.status_code</failure></testcase><testcase classname="tests.test_blendlink_live_stripe_iteration159.TestPushNotificationService" name="test_push_notification_service_initialized" time="0.117"><failure message="AssertionError: Push route not found: 405&#10;assert 405 in [401, 403, 422]&#10; +  where 405 = &lt;Response [405]&gt;.status_code">tests/test_blendlink_live_stripe_iteration159.py:353: in test_push_notification_service_initialized
    assert response.status_code in [401, 403, 422], f"Push route not found: {response.status_code}"
E   AssertionError: Push route not found: 405
E   assert 405 in [401, 403, 422]
E    +  where 405 = &lt;Response [405]&gt;.status_code</failure></testcase></testsuite></testsuites>