<?xml version="1.0" encoding="utf-8"?><testsuites name="pytest tests"><testsuite name="pytest" errors="0" failures="0" skipped="0" tests="13" time="4.079" timestamp="2026-01-19T23:57:59.386656+00:00" hostname="agent-env-530785ea-3f1b-4253-a990-58b219a8a6c0"><testcase classname="tests.test_bug_fixes_iteration42.TestAuthentication" name="test_login_success" time="0.293" /><testcase classname="tests.test_bug_fixes_iteration42.TestAuthentication" name="test_login_invalid_credentials" time="0.035" /><testcase classname="tests.test_bug_fixes_iteration42.TestSellerDashboard" name="test_seller_stats" time="0.298" /><testcase classname="tests.test_bug_fixes_iteration42.TestSellerDashboard" name="test_seller_performance" time="0.463" /><testcase classname="tests.test_bug_fixes_iteration42.TestSellerDashboard" name="test_seller_stats_requires_auth" time="0.031" /><testcase classname="tests.test_bug_fixes_iteration42.TestSellerDashboard" name="test_seller_performance_requires_auth" time="0.032" /><testcase classname="tests.test_bug_fixes_iteration42.TestPhotoEditor" name="test_get_photos" time="0.294" /><testcase classname="tests.test_bug_fixes_iteration42.TestPhotoEditor" name="test_remove_background_returns_has_transparency" time="2.054" /><testcase classname="tests.test_bug_fixes_iteration42.TestPhotoEditor" name="test_auto_enhance_returns_adjustments" time="0.332" /><testcase classname="tests.test_bug_fixes_iteration42.TestPhotoEditor" name="test_photo_editor_requires_auth" time="0.138" /><testcase classname="tests.test_bug_fixes_iteration42.TestCodeReview" name="test_photo_editor_modal_default_tab_is_edit" time="0.000" /><testcase classname="tests.test_bug_fixes_iteration42.TestCodeReview" name="test_ai_listing_creator_uses_user_location_zip" time="0.000" /><testcase classname="tests.test_bug_fixes_iteration42.TestCodeReview" name="test_seller_dashboard_datetime_fix" time="0.000" /></testsuite></testsuites>