<?xml version="1.0" encoding="utf-8"?><testsuites name="pytest tests"><testsuite name="pytest" errors="0" failures="0" skipped="0" tests="23" time="6.088" timestamp="2026-01-07T06:50:19.588792+00:00" hostname="agent-env-a121437e-2c71-4639-b192-36cefd089ffc"><testcase classname="tests.test_blendlink_full.TestHealthAndRoot" name="test_health_endpoint" time="0.062" /><testcase classname="tests.test_blendlink_full.TestHealthAndRoot" name="test_root_endpoint" time="0.036" /><testcase classname="tests.test_blendlink_full.TestAuthentication" name="test_login_success" time="0.297" /><testcase classname="tests.test_blendlink_full.TestAuthentication" name="test_login_invalid_credentials" time="0.076" /><testcase classname="tests.test_blendlink_full.TestAuthentication" name="test_get_profile_with_token" time="0.330" /><testcase classname="tests.test_blendlink_full.TestAuthentication" name="test_get_profile_without_token" time="0.034" /><testcase classname="tests.test_blendlink_full.TestMarketplace" name="test_get_listings" time="0.289" /><testcase classname="tests.test_blendlink_full.TestMarketplace" name="test_get_categories" time="0.327" /><testcase classname="tests.test_blendlink_full.TestRentals" name="test_get_properties" time="0.287" /><testcase classname="tests.test_blendlink_full.TestServices" name="test_get_services" time="0.289" /><testcase classname="tests.test_blendlink_full.TestServices" name="test_get_service_categories" time="0.290" /><testcase classname="tests.test_blendlink_full.TestWallet" name="test_get_balance" time="0.374" /><testcase classname="tests.test_blendlink_full.TestWallet" name="test_get_transactions" time="0.291" /><testcase classname="tests.test_blendlink_full.TestReferrals" name="test_get_referral_stats" time="0.339" /><testcase classname="tests.test_blendlink_full.TestReferrals" name="test_get_referral_network" time="0.298" /><testcase classname="tests.test_blendlink_full.TestEarningsAndWithdrawals" name="test_get_commissions" time="0.289" /><testcase classname="tests.test_blendlink_full.TestEarningsAndWithdrawals" name="test_get_diamond_status" time="0.295" /><testcase classname="tests.test_blendlink_full.TestEarningsAndWithdrawals" name="test_get_withdrawal_eligibility" time="0.293" /><testcase classname="tests.test_blendlink_full.TestAdminDashboard" name="test_admin_dashboard" time="0.298" /><testcase classname="tests.test_blendlink_full.TestAdminDashboard" name="test_admin_analytics" time="0.316" /><testcase classname="tests.test_blendlink_full.TestUserRegistration" name="test_register_new_user" time="0.268" /><testcase classname="tests.test_blendlink_full.TestUserRegistration" name="test_register_with_referral_code" time="0.585" /><testcase classname="tests.test_blendlink_full.TestUserRegistration" name="test_register_duplicate_email" time="0.032" /></testsuite></testsuites>