<?xml version="1.0" encoding="utf-8"?><testsuites name="pytest tests"><testsuite name="pytest" errors="0" failures="0" skipped="0" tests="18" time="2.132" timestamp="2026-01-21T02:12:24.246771+00:00" hostname="agent-env-e493649f-e029-4558-a5c9-4c2a44e40436"><testcase classname="tests.test_auction_system_iteration48.TestAuctionSystemSetup" name="test_api_health" time="0.069" /><testcase classname="tests.test_auction_system_iteration48.TestAuctionSystemSetup" name="test_authentication" time="0.237" /><testcase classname="tests.test_auction_system_iteration48.TestAuctionListingCreation" name="test_create_auction_listing" time="0.276" /><testcase classname="tests.test_auction_system_iteration48.TestAuctionListingCreation" name="test_create_fixed_price_listing" time="0.015" /><testcase classname="tests.test_auction_system_iteration48.TestAuctionEndpoints" name="test_get_active_auctions" time="0.039" /><testcase classname="tests.test_auction_system_iteration48.TestAuctionEndpoints" name="test_get_active_auctions_ending_soon" time="0.014" /><testcase classname="tests.test_auction_system_iteration48.TestAuctionEndpoints" name="test_get_auction_status" time="0.338" /><testcase classname="tests.test_auction_system_iteration48.TestAuctionEndpoints" name="test_get_auction_bids" time="0.018" /><testcase classname="tests.test_auction_system_iteration48.TestAuctionEndpoints" name="test_get_auction_status_non_auction_listing" time="0.066" /><testcase classname="tests.test_auction_system_iteration48.TestAuctionEndpoints" name="test_get_auction_status_not_found" time="0.010" /><testcase classname="tests.test_auction_system_iteration48.TestAuctionBidding" name="test_place_bid_requires_auth" time="0.031" /><testcase classname="tests.test_auction_system_iteration48.TestAuctionBidding" name="test_place_bid_on_nonexistent_listing" time="0.240" /><testcase classname="tests.test_auction_system_iteration48.TestAuctionBidding" name="test_get_my_bids_without_auth" time="0.031" /><testcase classname="tests.test_auction_system_iteration48.TestAuctionBidding" name="test_get_my_bids" time="0.007" /><testcase classname="tests.test_auction_system_iteration48.TestAuctionBidding" name="test_get_my_bids_with_status_filter" time="0.122" /><testcase classname="tests.test_auction_system_iteration48.TestAuctionDurationValidation" name="test_valid_duration_options" time="0.526" /><testcase classname="tests.test_auction_system_iteration48.TestAuctionDurationValidation" name="test_invalid_duration" time="0.012" /><testcase classname="tests.test_auction_system_iteration48.TestAuctionWebSocket" name="test_websocket_endpoint_documented" time="0.000" /></testsuite></testsuites>