<?xml version="1.0" encoding="utf-8"?><testsuites name="pytest tests"><testsuite name="pytest" errors="0" failures="1" skipped="0" tests="13" time="1.524" timestamp="2026-02-11T05:46:58.679134+00:00" hostname="agent-env-3717014a-0480-40c1-8f89-ccc4456aa6ed"><testcase classname="tests.test_stripe_live_mode.TestStripeConfiguration" name="test_backend_env_has_live_secret_key" time="0.001"><failure message="AssertionError: STRIPE_API_KEY should start with 'sk_live_' but got: sk_test_em...&#10;assert False&#10; +  where False = &lt;built-in method startswith of str object at 0xfc289f776150&gt;('sk_live_')&#10; +    where &lt;built-in method startswith of str object at 0xfc289f776150&gt; = 'sk_test_emergent'.startswith">tests/test_stripe_live_mode.py:28: in test_backend_env_has_live_secret_key
    assert stripe_api_key.startswith('sk_live_'), f"STRIPE_API_KEY should start with 'sk_live_' but got: {stripe_api_key[:10]}..."
E   AssertionError: STRIPE_API_KEY should start with 'sk_live_' but got: sk_test_em...
E   assert False
E    +  where False = &lt;built-in method startswith of str object at 0xfc289f776150&gt;('sk_live_')
E    +    where &lt;built-in method startswith of str object at 0xfc289f776150&gt; = 'sk_test_emergent'.startswith</failure></testcase><testcase classname="tests.test_stripe_live_mode.TestStripeConfiguration" name="test_frontend_env_has_live_publishable_key" time="0.000" /><testcase classname="tests.test_stripe_live_mode.TestStripeConfiguration" name="test_backend_stripe_secret_key_also_live" time="0.000" /><testcase classname="tests.test_stripe_live_mode.TestStripeConfiguration" name="test_backend_stripe_publishable_key_live" time="0.000" /><testcase classname="tests.test_stripe_live_mode.TestPaymentRoutes" name="test_health_endpoint" time="0.809" /><testcase classname="tests.test_stripe_live_mode.TestPaymentRoutes" name="test_stripe_checkout_endpoint_exists" time="0.043" /><testcase classname="tests.test_stripe_live_mode.TestPaymentRoutes" name="test_stripe_checkout_status_endpoint_exists" time="0.257" /><testcase classname="tests.test_stripe_live_mode.TestPublicPageRoutes" name="test_public_page_loads" time="0.085" /><testcase classname="tests.test_stripe_live_mode.TestPaymentSuccessRoutes" name="test_payment_success_frontend_route" time="0.036" /><testcase classname="tests.test_stripe_live_mode.TestPaymentSuccessRoutes" name="test_payment_cancelled_frontend_route" time="0.040" /><testcase classname="tests.test_stripe_live_mode.TestStripeCheckoutSessionCreation" name="test_checkout_session_requires_order_id" time="0.042" /><testcase classname="tests.test_stripe_live_mode.TestStripeCheckoutSessionCreation" name="test_checkout_session_returns_404_for_invalid_order" time="0.130" /><testcase classname="tests.test_stripe_live_mode.TestMakeOfferModalConfig" name="test_no_hardcoded_test_key_in_makeoffer_modal" time="0.000" /></testsuite></testsuites>