<?xml version="1.0" encoding="utf-8"?><testsuites name="pytest tests"><testsuite name="pytest" errors="0" failures="0" skipped="0" tests="18" time="4.452" timestamp="2026-01-28T05:46:00.935033+00:00" hostname="agent-env-ad020409-bb6e-4a9c-8692-7c78369def79"><testcase classname="backend.tests.test_match_history.TestMatchHistoryFeature" name="test_match_history_endpoint_returns_200" time="0.308" /><testcase classname="backend.tests.test_match_history.TestMatchHistoryFeature" name="test_match_history_response_structure" time="0.284" /><testcase classname="backend.tests.test_match_history.TestMatchHistoryFeature" name="test_match_history_with_limit_param" time="0.311" /><testcase classname="backend.tests.test_match_history.TestMatchHistoryFeature" name="test_match_history_with_skip_param" time="0.274" /><testcase classname="backend.tests.test_match_history.TestMatchHistoryFeature" name="test_match_history_requires_auth" time="0.293" /><testcase classname="backend.tests.test_match_history.TestMatchHistoryFeature" name="test_battle_endpoint_returns_404_for_invalid_session" time="0.275" /><testcase classname="backend.tests.test_match_history.TestMatchHistoryFeature" name="test_battle_endpoint_is_public" time="0.300" /><testcase classname="backend.tests.test_match_history.TestMatchHistoryFeature" name="test_stats_endpoint_returns_200" time="0.268" /><testcase classname="backend.tests.test_match_history.TestMatchHistoryFeature" name="test_stats_response_structure" time="0.262" /><testcase classname="backend.tests.test_match_history.TestMatchHistoryFeature" name="test_stats_requires_auth" time="0.294" /><testcase classname="backend.tests.test_match_history.TestMatchHistoryFeature" name="test_game_config_endpoint" time="0.267" /><testcase classname="backend.tests.test_match_history.TestMatchHistoryFeature" name="test_battle_photos_endpoint" time="0.268" /><testcase classname="backend.tests.test_match_history.TestMatchHistoryEmptyState" name="test_empty_match_history_returns_empty_array" time="0.304" /><testcase classname="backend.tests.test_match_history.TestMatchHistoryEmptyState" name="test_stats_for_new_user_has_zero_values" time="0.264" /><testcase classname="backend.tests.test_match_history.TestLeaderboards" name="test_wins_leaderboard_endpoint" time="0.038" /><testcase classname="backend.tests.test_match_history.TestLeaderboards" name="test_wins_leaderboard_with_period" time="0.150" /><testcase classname="backend.tests.test_match_history.TestLeaderboards" name="test_wins_leaderboard_invalid_period" time="0.035" /><testcase classname="backend.tests.test_match_history.TestLeaderboards" name="test_photos_leaderboard_endpoint" time="0.176" /></testsuite></testsuites>