<?xml version="1.0" encoding="utf-8"?><testsuites name="pytest tests"><testsuite name="pytest" errors="0" failures="1" skipped="0" tests="10" time="1.547" timestamp="2026-02-14T14:16:01.572093+00:00" hostname="agent-env-b9da0134-5ce4-4a1c-b53c-b7720207ff87"><testcase classname="backend.tests.test_commission_withdrawal_features.TestSubscriptionTiers" name="test_get_subscription_tiers" time="0.276" /><testcase classname="backend.tests.test_commission_withdrawal_features.TestSubscriptionTiers" name="test_tier_features" time="0.156" /><testcase classname="backend.tests.test_commission_withdrawal_features.TestStripeConnectEndpoints" name="test_stripe_connect_status_unauthorized" time="0.153" /><testcase classname="backend.tests.test_commission_withdrawal_features.TestStripeConnectEndpoints" name="test_stripe_connect_onboard_unauthorized" time="0.161" /><testcase classname="backend.tests.test_commission_withdrawal_features.TestStripeConnectEndpoints" name="test_stripe_withdraw_unauthorized" time="0.110" /><testcase classname="backend.tests.test_commission_withdrawal_features.TestWithdrawalValidation" name="test_withdrawal_minimum_amount_message" time="0.116" /><testcase classname="backend.tests.test_commission_withdrawal_features.TestPageCreationFee" name="test_social_page_create_endpoint_exists" time="0.140"><failure message="AssertionError: Expected 200/401/403, got 404&#10;assert 404 in [200, 401, 403]&#10; +  where 404 = &lt;Response [404]&gt;.status_code">backend/tests/test_commission_withdrawal_features.py:134: in test_social_page_create_endpoint_exists
    assert response.status_code in [200, 401, 403], f"Expected 200/401/403, got {response.status_code}"
E   AssertionError: Expected 200/401/403, got 404
E   assert 404 in [200, 401, 403]
E    +  where 404 = &lt;Response [404]&gt;.status_code</failure></testcase><testcase classname="backend.tests.test_commission_withdrawal_features.TestPageCreationFee" name="test_member_pages_endpoint_exists" time="0.124" /><testcase classname="backend.tests.test_commission_withdrawal_features.TestHealthCheck" name="test_api_health" time="0.113" /><testcase classname="backend.tests.test_commission_withdrawal_features.TestHealthCheck" name="test_referral_constants_from_backend" time="0.117" /></testsuite></testsuites>