<?xml version="1.0" encoding="utf-8"?><testsuites name="pytest tests"><testsuite name="pytest" errors="0" failures="0" skipped="13" tests="15" time="56.427" timestamp="2026-02-17T05:09:25.702234+00:00" hostname="agent-env-e83a5e27-6cca-48f7-b57d-4b6c3fce8969"><testcase classname="tests.test_orphan_admin_features_iteration172.TestOrphanAdminFeatures" name="test_rerun_toggle_status_endpoint_returns_state" time="54.642"><skipped type="pytest.skip" message="Login failed: 404 - {&quot;detail&quot;:&quot;Not Found&quot;}">/app/backend/tests/test_orphan_admin_features_iteration172.py:50: Login failed: 404 - {"detail":"Not Found"}</skipped></testcase><testcase classname="tests.test_orphan_admin_features_iteration172.TestOrphanAdminFeatures" name="test_rerun_toggle_enable" time="0.155"><skipped type="pytest.skip" message="Login failed: 404 - {&quot;detail&quot;:&quot;Not Found&quot;}">/app/backend/tests/test_orphan_admin_features_iteration172.py:70: Login failed: 404 - {"detail":"Not Found"}</skipped></testcase><testcase classname="tests.test_orphan_admin_features_iteration172.TestOrphanAdminFeatures" name="test_rerun_toggle_disable" time="0.237"><skipped type="pytest.skip" message="Login failed: 404 - {&quot;detail&quot;:&quot;Not Found&quot;}">/app/backend/tests/test_orphan_admin_features_iteration172.py:91: Login failed: 404 - {"detail":"Not Found"}</skipped></testcase><testcase classname="tests.test_orphan_admin_features_iteration172.TestOrphanAdminFeatures" name="test_rerun_execute_blocked_when_toggle_off" time="0.123"><skipped type="pytest.skip" message="Login failed: 404 - {&quot;detail&quot;:&quot;Not Found&quot;}">/app/backend/tests/test_orphan_admin_features_iteration172.py:113: Login failed: 404 - {"detail":"Not Found"}</skipped></testcase><testcase classname="tests.test_orphan_admin_features_iteration172.TestOrphanAdminFeatures" name="test_rerun_execute_allowed_when_toggle_on" time="0.102"><skipped type="pytest.skip" message="Login failed: 404 - {&quot;detail&quot;:&quot;Not Found&quot;}">/app/backend/tests/test_orphan_admin_features_iteration172.py:134: Login failed: 404 - {"detail":"Not Found"}</skipped></testcase><testcase classname="tests.test_orphan_admin_features_iteration172.TestOrphanAdminFeatures" name="test_unassign_nonexistent_user_returns_404" time="0.124"><skipped type="pytest.skip" message="Login failed: 404 - {&quot;detail&quot;:&quot;Not Found&quot;}">/app/backend/tests/test_orphan_admin_features_iteration172.py:164: Login failed: 404 - {"detail":"Not Found"}</skipped></testcase><testcase classname="tests.test_orphan_admin_features_iteration172.TestOrphanAdminFeatures" name="test_unassign_user_no_upline_returns_400" time="0.122"><skipped type="pytest.skip" message="Login failed: 404 - {&quot;detail&quot;:&quot;Not Found&quot;}">/app/backend/tests/test_orphan_admin_features_iteration172.py:177: Login failed: 404 - {"detail":"Not Found"}</skipped></testcase><testcase classname="tests.test_orphan_admin_features_iteration172.TestOrphanAdminFeatures" name="test_unassign_user_success" time="0.153"><skipped type="pytest.skip" message="Login failed: 404 - {&quot;detail&quot;:&quot;Not Found&quot;}">/app/backend/tests/test_orphan_admin_features_iteration172.py:208: Login failed: 404 - {"detail":"Not Found"}</skipped></testcase><testcase classname="tests.test_orphan_admin_features_iteration172.TestOrphanAdminFeatures" name="test_self_assignment_blocked_in_manual_assign" time="0.157"><skipped type="pytest.skip" message="Login failed: 404 - {&quot;detail&quot;:&quot;Not Found&quot;}">/app/backend/tests/test_orphan_admin_features_iteration172.py:251: Login failed: 404 - {"detail":"Not Found"}</skipped></testcase><testcase classname="tests.test_orphan_admin_features_iteration172.TestOrphanAdminFeatures" name="test_orphan_stats_endpoint" time="0.124"><skipped type="pytest.skip" message="Login failed: 404 - {&quot;detail&quot;:&quot;Not Found&quot;}">/app/backend/tests/test_orphan_admin_features_iteration172.py:285: Login failed: 404 - {"detail":"Not Found"}</skipped></testcase><testcase classname="tests.test_orphan_admin_features_iteration172.TestOrphanAdminFeatures" name="test_orphan_list_endpoint" time="0.143"><skipped type="pytest.skip" message="Login failed: 404 - {&quot;detail&quot;:&quot;Not Found&quot;}">/app/backend/tests/test_orphan_admin_features_iteration172.py:307: Login failed: 404 - {"detail":"Not Found"}</skipped></testcase><testcase classname="tests.test_orphan_admin_features_iteration172.TestOrphanAdminFeatures" name="test_potential_parents_endpoint" time="0.120"><skipped type="pytest.skip" message="Login failed: 404 - {&quot;detail&quot;:&quot;Not Found&quot;}">/app/backend/tests/test_orphan_admin_features_iteration172.py:319: Login failed: 404 - {"detail":"Not Found"}</skipped></testcase><testcase classname="tests.test_orphan_admin_features_iteration172.TestOrphanAdminFeatures" name="test_assignment_log_endpoint" time="0.136"><skipped type="pytest.skip" message="Login failed: 404 - {&quot;detail&quot;:&quot;Not Found&quot;}">/app/backend/tests/test_orphan_admin_features_iteration172.py:342: Login failed: 404 - {"detail":"Not Found"}</skipped></testcase><testcase classname="tests.test_orphan_admin_features_iteration172.TestCodeReviewSelfAssignmentBlock" name="test_assign_orphan_to_recipient_has_self_block" time="0.000" /><testcase classname="tests.test_orphan_admin_features_iteration172.TestCodeReviewSelfAssignmentBlock" name="test_auto_assign_single_orphan_has_self_block" time="0.000" /></testsuite></testsuites>