<?xml version="1.0" encoding="utf-8"?><testsuites name="pytest tests"><testsuite name="pytest" errors="0" failures="1" skipped="3" tests="10" time="2.936" timestamp="2026-01-22T07:17:01.452539+00:00" hostname="agent-env-fd9ef904-fe3a-44f7-b04e-0ff4734efb6f"><testcase classname="tests.test_minting_photo_display_iteration56.TestMintingPhotoDisplay" name="test_01_minting_config_endpoint" time="0.333" /><testcase classname="tests.test_minting_photo_display_iteration56.TestMintingPhotoDisplay" name="test_02_minting_status_endpoint" time="0.306"><failure message="AssertionError: Should have bl_coins field&#10;assert 'bl_coins' in {'can_mint': False, 'daily_limit': 3, 'mints_today': 3, 'reason': 'Daily limit reached (3 mints). Resets at midnight UTC.'}">tests/test_minting_photo_display_iteration56.py:70: in test_02_minting_status_endpoint
    assert "bl_coins" in data, "Should have bl_coins field"
E   AssertionError: Should have bl_coins field
E   assert 'bl_coins' in {'can_mint': False, 'daily_limit': 3, 'mints_today': 3, 'reason': 'Daily limit reached (3 mints). Resets at midnight UTC.'}</failure></testcase><testcase classname="tests.test_minting_photo_display_iteration56.TestMintingPhotoDisplay" name="test_03_get_user_photos_endpoint" time="0.267" /><testcase classname="tests.test_minting_photo_display_iteration56.TestMintingPhotoDisplay" name="test_04_photo_minting_upload_flow" time="0.264"><skipped type="pytest.skip" message="Cannot mint: Daily limit reached (3 mints). Resets at midnight UTC.">/app/tests/test_minting_photo_display_iteration56.py:106: Cannot mint: Daily limit reached (3 mints). Resets at midnight UTC.</skipped></testcase><testcase classname="tests.test_minting_photo_display_iteration56.TestMintingPhotoDisplay" name="test_05_verify_minted_photo_in_list" time="0.257"><skipped type="pytest.skip" message="No photo minted in previous test">/app/tests/test_minting_photo_display_iteration56.py:172: No photo minted in previous test</skipped></testcase><testcase classname="tests.test_minting_photo_display_iteration56.TestMintingPhotoDisplay" name="test_06_get_single_photo_details" time="0.260"><skipped type="pytest.skip" message="No photo minted in previous test">/app/tests/test_minting_photo_display_iteration56.py:197: No photo minted in previous test</skipped></testcase><testcase classname="tests.test_minting_photo_display_iteration56.TestMintingPhotoDisplay" name="test_07_minting_feed_endpoint" time="0.267" /><testcase classname="tests.test_minting_photo_display_iteration56.TestMintingEdgeCases" name="test_mint_without_file" time="0.297" /><testcase classname="tests.test_minting_photo_display_iteration56.TestMintingEdgeCases" name="test_mint_without_name" time="0.294" /><testcase classname="tests.test_minting_photo_display_iteration56.TestMintingEdgeCases" name="test_mint_unauthenticated" time="0.304" /></testsuite></testsuites>