<?xml version="1.0" encoding="utf-8"?><testsuites name="pytest tests"><testsuite name="pytest" errors="0" failures="0" skipped="0" tests="18" time="4.328" timestamp="2026-02-14T20:28:20.379936+00:00" hostname="agent-env-4cb083fc-9a6f-4ae5-b63b-ce2f02c182fb"><testcase classname="backend.tests.test_subscription_stripe_iter157.TestSubscriptionTiersAPI" name="test_subscription_tiers_endpoint_exists" time="0.578" /><testcase classname="backend.tests.test_subscription_stripe_iter157.TestSubscriptionTiersAPI" name="test_all_five_tiers_exist" time="0.145" /><testcase classname="backend.tests.test_subscription_stripe_iter157.TestSubscriptionTiersAPI" name="test_bronze_tier_price" time="0.132" /><testcase classname="backend.tests.test_subscription_stripe_iter157.TestSubscriptionTiersAPI" name="test_silver_tier_price" time="0.194" /><testcase classname="backend.tests.test_subscription_stripe_iter157.TestSubscriptionTiersAPI" name="test_gold_tier_price" time="0.147" /><testcase classname="backend.tests.test_subscription_stripe_iter157.TestSubscriptionTiersAPI" name="test_diamond_tier_price" time="0.173" /><testcase classname="backend.tests.test_subscription_stripe_iter157.TestSubscriptionCheckoutAPI" name="test_subscription_checkout_requires_auth" time="0.115" /><testcase classname="backend.tests.test_subscription_stripe_iter157.TestSubscriptionCheckoutAPI" name="test_subscription_cancel_requires_auth" time="0.134" /><testcase classname="backend.tests.test_subscription_stripe_iter157.TestSubscriptionCheckoutAPI" name="test_my_subscription_requires_auth" time="0.150" /><testcase classname="backend.tests.test_subscription_stripe_iter157.TestStripePaymentEndpoints" name="test_stripe_connect_status_requires_auth" time="0.136" /><testcase classname="backend.tests.test_subscription_stripe_iter157.TestStripePaymentEndpoints" name="test_stripe_connect_onboard_requires_auth" time="0.122" /><testcase classname="backend.tests.test_subscription_stripe_iter157.TestStripePaymentEndpoints" name="test_bl_coins_checkout_requires_auth" time="0.119" /><testcase classname="backend.tests.test_subscription_stripe_iter157.TestStripePaymentEndpoints" name="test_stripe_withdraw_requires_auth" time="1.138" /><testcase classname="backend.tests.test_subscription_stripe_iter157.TestStripePaymentEndpoints" name="test_subscription_from_balance_requires_auth" time="0.497" /><testcase classname="backend.tests.test_subscription_stripe_iter157.TestStripePaymentEndpoints" name="test_coins_from_balance_requires_auth" time="0.133" /><testcase classname="backend.tests.test_subscription_stripe_iter157.TestAdminEndpoints" name="test_admin_custom_benefits_requires_auth" time="0.112" /><testcase classname="backend.tests.test_subscription_stripe_iter157.TestAdminEndpoints" name="test_admin_commission_adjustments_requires_auth" time="0.120" /><testcase classname="backend.tests.test_subscription_stripe_iter157.TestAPIHealth" name="test_api_health" time="0.108" /></testsuite></testsuites>