<?xml version="1.0" encoding="utf-8"?><testsuites name="pytest tests"><testsuite name="pytest" errors="0" failures="0" skipped="0" tests="13" time="0.946" timestamp="2026-02-09T11:08:52.647067+00:00" hostname="agent-env-45fe34e6-3516-43f3-905e-6c313a1e2d69"><testcase classname="backend.tests.test_quick_sale_orders.TestHealthCheck" name="test_api_health" time="0.091" /><testcase classname="backend.tests.test_quick_sale_orders.TestQuickSaleMode" name="test_barcode_search_valid" time="0.311" /><testcase classname="backend.tests.test_quick_sale_orders.TestQuickSaleMode" name="test_barcode_search_with_existing_barcode" time="0.053" /><testcase classname="backend.tests.test_quick_sale_orders.TestQuickSaleMode" name="test_pos_cash_transaction" time="0.043" /><testcase classname="backend.tests.test_quick_sale_orders.TestOrdersManager" name="test_get_pos_transactions" time="0.041" /><testcase classname="backend.tests.test_quick_sale_orders.TestOrdersManager" name="test_update_order_status_valid" time="0.044" /><testcase classname="backend.tests.test_quick_sale_orders.TestOrdersManager" name="test_update_order_invalid_status" time="0.043" /><testcase classname="backend.tests.test_quick_sale_orders.TestOrderStatusEndpointPath" name="test_frontend_order_status_path" time="0.041" /><testcase classname="backend.tests.test_quick_sale_orders.TestOrderStatusEndpointPath" name="test_backend_order_status_path" time="0.043" /><testcase classname="backend.tests.test_quick_sale_orders.TestMenuItemsSupport" name="test_get_menu_items" time="0.044" /><testcase classname="backend.tests.test_quick_sale_orders.TestMenuItemsSupport" name="test_create_menu_item" time="0.050" /><testcase classname="backend.tests.test_quick_sale_orders.TestReferralSystem" name="test_page_analytics_with_referral" time="0.045" /><testcase classname="backend.tests.test_quick_sale_orders.TestPOSSettings" name="test_get_pos_settings" time="0.040" /></testsuite></testsuites>