<?xml version="1.0" encoding="utf-8"?><testsuites name="pytest tests"><testsuite name="pytest" errors="0" failures="2" skipped="0" tests="10" time="2.573" timestamp="2026-02-01T19:00:39.270492+00:00" hostname="agent-env-52baa645-5327-425c-967d-ea20bd6bd2bf"><testcase classname="backend.tests.test_priority_fixes.TestPVPTapSync" name="test_tap_state_endpoint_exists" time="0.364" /><testcase classname="backend.tests.test_priority_fixes.TestPVPTapSync" name="test_pvp_session_model_has_tap_fields" time="0.335" /><testcase classname="backend.tests.test_priority_fixes.TestPVPTapSync" name="test_tap_submit_endpoint" time="0.274" /><testcase classname="backend.tests.test_priority_fixes.TestProfilePictureControls" name="test_profile_picture_update_endpoint" time="0.287" /><testcase classname="backend.tests.test_priority_fixes.TestProfilePictureControls" name="test_user_me_endpoint" time="0.271"><failure message="AssertionError: Failed to get user data: {&quot;detail&quot;:&quot;User not found&quot;}&#10;assert 404 == 200&#10; +  where 404 = &lt;Response [404]&gt;.status_code">backend/tests/test_priority_fixes.py:176: in test_user_me_endpoint
    assert response.status_code == 200, f"Failed to get user data: {response.text}"
E   AssertionError: Failed to get user data: {"detail":"User not found"}
E   assert 404 == 200
E    +  where 404 = &lt;Response [404]&gt;.status_code</failure></testcase><testcase classname="backend.tests.test_priority_fixes.TestImageOrientation" name="test_minting_config_endpoint" time="0.041" /><testcase classname="backend.tests.test_priority_fixes.TestImageOrientation" name="test_minting_status_endpoint" time="0.279" /><testcase classname="backend.tests.test_priority_fixes.TestSettingsPage" name="test_privacy_settings_endpoint" time="0.314" /><testcase classname="backend.tests.test_priority_fixes.TestPVPSessionCreation" name="test_open_games_list" time="0.272"><failure message="AssertionError: Failed to get open games: {&quot;detail&quot;:&quot;Not Found&quot;}&#10;assert 404 == 200&#10; +  where 404 = &lt;Response [404]&gt;.status_code">backend/tests/test_priority_fixes.py:295: in test_open_games_list
    assert response.status_code == 200, f"Failed to get open games: {response.text}"
E   AssertionError: Failed to get open games: {"detail":"Not Found"}
E   assert 404 == 200
E    +  where 404 = &lt;Response [404]&gt;.status_code</failure></testcase><testcase classname="backend.tests.test_priority_fixes.TestPVPSessionCreation" name="test_pvp_queue_status" time="0.037" /></testsuite></testsuites>