<?xml version="1.0" encoding="utf-8"?><testsuites name="pytest tests"><testsuite name="pytest" errors="0" failures="0" skipped="0" tests="11" time="10.780" timestamp="2026-02-15T06:04:06.364256+00:00" hostname="agent-env-e83a5e27-6cca-48f7-b57d-4b6c3fce8969"><testcase classname="backend.tests.test_stripe_live_payments_iteration160.TestLiveStripePayments" name="test_payments_config_returns_live_publishable_key" time="0.354" /><testcase classname="backend.tests.test_stripe_live_payments_iteration160.TestLiveStripePayments" name="test_subscription_checkout_bronze_returns_live_session" time="1.268" /><testcase classname="backend.tests.test_stripe_live_payments_iteration160.TestLiveStripePayments" name="test_subscription_checkout_silver_returns_live_session" time="0.963" /><testcase classname="backend.tests.test_stripe_live_payments_iteration160.TestLiveStripePayments" name="test_bl_coins_checkout_returns_live_session" time="1.567" /><testcase classname="backend.tests.test_stripe_live_payments_iteration160.TestLiveStripePayments" name="test_orders_checkout_returns_live_payment_url" time="0.383" /><testcase classname="backend.tests.test_stripe_live_payments_iteration160.TestLiveStripePayments" name="test_stripe_connect_onboard_returns_valid_url" time="4.153" /><testcase classname="backend.tests.test_stripe_live_payments_iteration160.TestLiveStripePayments" name="test_member_pages_create_no_401_error" time="1.007" /><testcase classname="backend.tests.test_stripe_live_payments_iteration160.TestLiveStripePayments" name="test_wallet_endpoint_returns_data" time="0.435" /><testcase classname="backend.tests.test_stripe_live_payments_iteration160.TestLiveStripePayments" name="test_api_health_check" time="0.127" /><testcase classname="backend.tests.test_stripe_live_payments_iteration160.TestAuthAndIntegration" name="test_login_with_test_credentials" time="0.357" /><testcase classname="backend.tests.test_stripe_live_payments_iteration160.TestAuthAndIntegration" name="test_subscriptions_page_data" time="0.101" /></testsuite></testsuites>