<?xml version="1.0" encoding="utf-8"?><testsuites name="pytest tests"><testsuite name="pytest" errors="0" failures="2" skipped="0" tests="11" time="59.944" timestamp="2026-02-15T06:02:36.348802+00:00" hostname="agent-env-e83a5e27-6cca-48f7-b57d-4b6c3fce8969"><testcase classname="backend.tests.test_stripe_live_payments_iteration160.TestLiveStripePayments" name="test_payments_config_returns_live_publishable_key" time="54.181" /><testcase classname="backend.tests.test_stripe_live_payments_iteration160.TestLiveStripePayments" name="test_subscription_checkout_bronze_returns_live_session" time="1.398" /><testcase classname="backend.tests.test_stripe_live_payments_iteration160.TestLiveStripePayments" name="test_subscription_checkout_silver_returns_live_session" time="1.048" /><testcase classname="backend.tests.test_stripe_live_payments_iteration160.TestLiveStripePayments" name="test_bl_coins_checkout_returns_live_session" time="0.632"><failure message="AssertionError: BL Coins checkout failed: {&quot;detail&quot;:&quot;Price mismatch. Please refresh and try again.&quot;}&#10;assert 400 in [200, 201]&#10; +  where 400 = &lt;Response [400]&gt;.status_code">backend/tests/test_stripe_live_payments_iteration160.py:120: in test_bl_coins_checkout_returns_live_session
    assert response.status_code in [200, 201], f"BL Coins checkout failed: {response.text}"
E   AssertionError: BL Coins checkout failed: {"detail":"Price mismatch. Please refresh and try again."}
E   assert 400 in [200, 201]
E    +  where 400 = &lt;Response [400]&gt;.status_code</failure></testcase><testcase classname="backend.tests.test_stripe_live_payments_iteration160.TestLiveStripePayments" name="test_orders_checkout_returns_live_payment_url" time="0.468" /><testcase classname="backend.tests.test_stripe_live_payments_iteration160.TestLiveStripePayments" name="test_stripe_connect_onboard_returns_valid_url" time="0.708" /><testcase classname="backend.tests.test_stripe_live_payments_iteration160.TestLiveStripePayments" name="test_member_pages_create_no_401_error" time="0.397" /><testcase classname="backend.tests.test_stripe_live_payments_iteration160.TestLiveStripePayments" name="test_wallet_endpoint_returns_data" time="0.399" /><testcase classname="backend.tests.test_stripe_live_payments_iteration160.TestLiveStripePayments" name="test_api_health_check" time="0.143" /><testcase classname="backend.tests.test_stripe_live_payments_iteration160.TestAuthAndIntegration" name="test_login_with_test_credentials" time="0.355" /><testcase classname="backend.tests.test_stripe_live_payments_iteration160.TestAuthAndIntegration" name="test_subscriptions_page_data" time="0.119"><failure message="AttributeError: 'str' object has no attribute 'get'">backend/tests/test_stripe_live_payments_iteration160.py:301: in test_subscriptions_page_data
    tier_names = [t.get("name", "").lower() for t in tiers]
                 ^^^^^^^^^^^^^^^^^^^^^^^^^^^^^^^^^^^^^^^^^^
backend/tests/test_stripe_live_payments_iteration160.py:301: in &lt;listcomp&gt;
    tier_names = [t.get("name", "").lower() for t in tiers]
                  ^^^^^
E   AttributeError: 'str' object has no attribute 'get'</failure></testcase></testsuite></testsuites>