<?xml version="1.0" encoding="utf-8"?><testsuites name="pytest tests"><testsuite name="pytest" errors="0" failures="0" skipped="0" tests="12" time="4.220" timestamp="2026-02-15T09:39:49.098436+00:00" hostname="agent-env-e83a5e27-6cca-48f7-b57d-4b6c3fce8969"><testcase classname="backend.tests.test_iteration163_body_stream_removal.TestCodebaseCloneRemoval" name="test_no_clone_in_api_js" time="0.003" /><testcase classname="backend.tests.test_iteration163_body_stream_removal.TestCodebaseCloneRemoval" name="test_no_clone_in_member_pages_api" time="0.003" /><testcase classname="backend.tests.test_iteration163_body_stream_removal.TestCodebaseCloneRemoval" name="test_no_clone_in_orphan_trends_widget" time="0.003" /><testcase classname="backend.tests.test_iteration163_body_stream_removal.TestCodebaseCloneRemoval" name="test_no_clone_in_admin_orphans" time="0.002" /><testcase classname="backend.tests.test_iteration163_body_stream_removal.TestCodebaseCloneRemoval" name="test_no_clone_in_entire_frontend" time="0.007" /><testcase classname="backend.tests.test_iteration163_body_stream_removal.TestStripeConnectAPI" name="test_stripe_connect_onboard" time="0.814" /><testcase classname="backend.tests.test_iteration163_body_stream_removal.TestStripeConnectAPI" name="test_stripe_connect_status" time="0.544" /><testcase classname="backend.tests.test_iteration163_body_stream_removal.TestSubscriptionCheckoutAPI" name="test_bronze_checkout" time="0.659" /><testcase classname="backend.tests.test_iteration163_body_stream_removal.TestSubscriptionCheckoutAPI" name="test_silver_checkout" time="0.665" /><testcase classname="backend.tests.test_iteration163_body_stream_removal.TestSubscriptionCheckoutAPI" name="test_gold_checkout" time="0.672" /><testcase classname="backend.tests.test_iteration163_body_stream_removal.TestSubscriptionCheckoutAPI" name="test_diamond_checkout" time="0.679" /><testcase classname="backend.tests.test_iteration163_body_stream_removal.TestWalletAPI" name="test_wallet_balance" time="0.114" /></testsuite></testsuites>