<?xml version="1.0" encoding="utf-8"?><testsuites name="pytest tests"><testsuite name="pytest" errors="0" failures="0" skipped="0" tests="19" time="3.245" timestamp="2026-01-11T09:38:55.561514+00:00" hostname="agent-env-d35ba5f0-d750-40e9-94a6-bd154cc121bd"><testcase classname="tests.test_admin_notifications_iteration19.TestAdminLogin" name="test_admin_login_success" time="0.295" /><testcase classname="tests.test_admin_notifications_iteration19.TestAdminLogin" name="test_admin_login_invalid_credentials" time="0.043" /><testcase classname="tests.test_admin_notifications_iteration19.TestAdminNotificationPreferences" name="test_get_notification_preferences" time="0.297" /><testcase classname="tests.test_admin_notifications_iteration19.TestAdminNotificationPreferences" name="test_update_notification_preferences" time="0.124" /><testcase classname="tests.test_admin_notifications_iteration19.TestAdminNotificationPreferences" name="test_update_quiet_hours" time="0.078" /><testcase classname="tests.test_admin_notifications_iteration19.TestAdminNotificationPreferences" name="test_update_priority_threshold" time="0.078" /><testcase classname="tests.test_admin_notifications_iteration19.TestAdminNotifications" name="test_get_admin_notifications" time="0.037" /><testcase classname="tests.test_admin_notifications_iteration19.TestAdminNotifications" name="test_get_unread_notifications_only" time="0.040" /><testcase classname="tests.test_admin_notifications_iteration19.TestAdminNotifications" name="test_send_test_notification" time="1.075" /><testcase classname="tests.test_admin_notifications_iteration19.TestAdminNotifications" name="test_mark_notifications_read" time="0.075" /><testcase classname="tests.test_admin_notifications_iteration19.TestAdminNotifications" name="test_mark_all_notifications_read" time="0.043" /><testcase classname="tests.test_admin_notifications_iteration19.TestAdminDelegates" name="test_get_available_delegates" time="0.035" /><testcase classname="tests.test_admin_notifications_iteration19.TestAdminNotificationAuth" name="test_preferences_requires_auth" time="0.035" /><testcase classname="tests.test_admin_notifications_iteration19.TestAdminNotificationAuth" name="test_notifications_requires_auth" time="0.042" /><testcase classname="tests.test_admin_notifications_iteration19.TestAdminNotificationAuth" name="test_test_notification_requires_auth" time="0.040" /><testcase classname="tests.test_admin_notifications_iteration19.TestSocialPages" name="test_friends_api" time="0.041" /><testcase classname="tests.test_admin_notifications_iteration19.TestSocialPages" name="test_groups_api" time="0.044" /><testcase classname="tests.test_admin_notifications_iteration19.TestSocialPages" name="test_events_api" time="0.044" /><testcase classname="tests.test_admin_notifications_iteration19.TestNotificationCategories" name="test_toggle_all_categories" time="0.582" /></testsuite></testsuites>