<?xml version="1.0" encoding="utf-8"?><testsuites name="pytest tests"><testsuite name="pytest" errors="0" failures="0" skipped="0" tests="13" time="4.166" timestamp="2026-02-09T11:52:22.259563+00:00" hostname="agent-env-45fe34e6-3516-43f3-905e-6c313a1e2d69"><testcase classname="backend.tests.test_email_report_settings.TestEmailReportSettings" name="test_get_email_settings_success" time="0.354" /><testcase classname="backend.tests.test_email_report_settings.TestEmailReportSettings" name="test_get_email_settings_unauthorized" time="0.302" /><testcase classname="backend.tests.test_email_report_settings.TestEmailReportSettings" name="test_update_email_settings_enable" time="0.286" /><testcase classname="backend.tests.test_email_report_settings.TestEmailReportSettings" name="test_update_email_settings_disable" time="0.282" /><testcase classname="backend.tests.test_email_report_settings.TestEmailReportSettings" name="test_update_email_settings_all_hours" time="0.369" /><testcase classname="backend.tests.test_email_report_settings.TestEmailReportSettings" name="test_update_email_settings_invalid_hour" time="0.292" /><testcase classname="backend.tests.test_email_report_settings.TestEmailReportSettings" name="test_update_email_settings_invalid_hour_negative" time="0.318" /><testcase classname="backend.tests.test_email_report_settings.TestEmailReportSettings" name="test_update_email_settings_with_empty_reports" time="0.288" /><testcase classname="backend.tests.test_email_report_settings.TestEmailReportSettings" name="test_send_test_report_success" time="0.408" /><testcase classname="backend.tests.test_email_report_settings.TestEmailReportSettings" name="test_send_test_report_unauthorized" time="0.301" /><testcase classname="backend.tests.test_email_report_settings.TestEmailReportSettings" name="test_settings_persistence" time="0.339" /><testcase classname="backend.tests.test_email_report_settings.TestEmailReportSettings" name="test_wrong_page_id_returns_403" time="0.274" /><testcase classname="backend.tests.test_email_report_settings.TestEmailReportSettings" name="test_cleanup_reset_settings" time="0.284" /></testsuite></testsuites>