<?xml version="1.0" encoding="utf-8"?><testsuites name="pytest tests"><testsuite name="pytest" errors="0" failures="8" skipped="0" tests="26" time="4.319" timestamp="2026-01-28T04:45:53.651841+00:00" hostname="agent-env-ad020409-bb6e-4a9c-8692-7c78369def79"><testcase classname="backend.tests.test_pvp_matchmaking.TestPVPMatchmakingSetup" name="test_base_url_configured" time="0.332" /><testcase classname="backend.tests.test_pvp_matchmaking.TestGameConfig" name="test_get_game_config" time="0.071" /><testcase classname="backend.tests.test_pvp_matchmaking.TestOpenGamesAPI" name="test_list_open_games_requires_auth" time="0.038" /><testcase classname="backend.tests.test_pvp_matchmaking.TestOpenGamesAPI" name="test_list_open_games_with_auth" time="0.363"><failure message="AssertionError: Expected 200, got 401: {&quot;detail&quot;:&quot;Invalid token&quot;}&#10;assert 401 == 200&#10; +  where 401 = &lt;Response [401]&gt;.status_code">backend/tests/test_pvp_matchmaking.py:114: in test_list_open_games_with_auth
    assert response.status_code == 200, f"Expected 200, got {response.status_code}: {response.text}"
E   AssertionError: Expected 200, got 401: {"detail":"Invalid token"}
E   assert 401 == 200
E    +  where 401 = &lt;Response [401]&gt;.status_code</failure></testcase><testcase classname="backend.tests.test_pvp_matchmaking.TestOpenGamesAPI" name="test_create_open_game_requires_5_photos" time="0.368"><failure message="AssertionError: Expected 400/422 for invalid photo count, got 401&#10;assert 401 in [400, 422]&#10; +  where 401 = &lt;Response [401]&gt;.status_code">backend/tests/test_pvp_matchmaking.py:136: in test_create_open_game_requires_5_photos
    assert response.status_code in [400, 422], f"Expected 400/422 for invalid photo count, got {response.status_code}"
E   AssertionError: Expected 400/422 for invalid photo count, got 401
E   assert 401 in [400, 422]
E    +  where 401 = &lt;Response [401]&gt;.status_code</failure></testcase><testcase classname="backend.tests.test_pvp_matchmaking.TestOpenGamesAPI" name="test_create_open_game_validates_photo_ownership" time="0.381"><failure message="AssertionError: Expected 400/404 for non-existent photos, got 401&#10;assert 401 in [400, 404]&#10; +  where 401 = &lt;Response [401]&gt;.status_code">backend/tests/test_pvp_matchmaking.py:153: in test_create_open_game_validates_photo_ownership
    assert response.status_code in [400, 404], f"Expected 400/404 for non-existent photos, got {response.status_code}"
E   AssertionError: Expected 400/404 for non-existent photos, got 401
E   assert 401 in [400, 404]
E    +  where 401 = &lt;Response [401]&gt;.status_code</failure></testcase><testcase classname="backend.tests.test_pvp_matchmaking.TestOpenGamesAPI" name="test_join_game_requires_auth" time="0.035" /><testcase classname="backend.tests.test_pvp_matchmaking.TestOpenGamesAPI" name="test_join_nonexistent_game" time="0.392"><failure message="AssertionError: Expected 404 for non-existent game, got 401&#10;assert 401 == 404&#10; +  where 401 = &lt;Response [401]&gt;.status_code">backend/tests/test_pvp_matchmaking.py:180: in test_join_nonexistent_game
    assert response.status_code == 404, f"Expected 404 for non-existent game, got {response.status_code}"
E   AssertionError: Expected 404 for non-existent game, got 401
E   assert 401 == 404
E    +  where 401 = &lt;Response [401]&gt;.status_code</failure></testcase><testcase classname="backend.tests.test_pvp_matchmaking.TestOpenGamesAPI" name="test_ready_requires_auth" time="0.036" /><testcase classname="backend.tests.test_pvp_matchmaking.TestOpenGamesAPI" name="test_get_game_details_requires_auth" time="0.037" /><testcase classname="backend.tests.test_pvp_matchmaking.TestOpenGamesAPI" name="test_get_nonexistent_game_details" time="0.374"><failure message="AssertionError: Expected 404 for non-existent game, got 401&#10;assert 401 == 404&#10; +  where 401 = &lt;Response [401]&gt;.status_code">backend/tests/test_pvp_matchmaking.py:207: in test_get_nonexistent_game_details
    assert response.status_code == 404, f"Expected 404 for non-existent game, got {response.status_code}"
E   AssertionError: Expected 404 for non-existent game, got 401
E   assert 401 == 404
E    +  where 401 = &lt;Response [401]&gt;.status_code</failure></testcase><testcase classname="backend.tests.test_pvp_matchmaking.TestOpenGamesAPI" name="test_cancel_game_requires_auth" time="0.041" /><testcase classname="backend.tests.test_pvp_matchmaking.TestBattlePhotosAPI" name="test_get_battle_photos_requires_auth" time="0.038" /><testcase classname="backend.tests.test_pvp_matchmaking.TestBattlePhotosAPI" name="test_get_battle_photos_with_auth" time="0.374"><failure message="AssertionError: Expected 200, got 401: {&quot;detail&quot;:&quot;Invalid token&quot;}&#10;assert 401 == 200&#10; +  where 401 = &lt;Response [401]&gt;.status_code">backend/tests/test_pvp_matchmaking.py:256: in test_get_battle_photos_with_auth
    assert response.status_code == 200, f"Expected 200, got {response.status_code}: {response.text}"
E   AssertionError: Expected 200, got 401: {"detail":"Invalid token"}
E   assert 401 == 200
E    +  where 401 = &lt;Response [401]&gt;.status_code</failure></testcase><testcase classname="backend.tests.test_pvp_matchmaking.TestPhotoStaminaAPI" name="test_get_photo_stamina_requires_auth" time="0.039" /><testcase classname="backend.tests.test_pvp_matchmaking.TestPhotoStaminaAPI" name="test_get_nonexistent_photo_stamina" time="0.370"><failure message="AssertionError: Expected 404 for non-existent photo, got 401&#10;assert 401 == 404&#10; +  where 401 = &lt;Response [401]&gt;.status_code">backend/tests/test_pvp_matchmaking.py:303: in test_get_nonexistent_photo_stamina
    assert response.status_code == 404, f"Expected 404 for non-existent photo, got {response.status_code}"
E   AssertionError: Expected 404 for non-existent photo, got 401
E   assert 401 == 404
E    +  where 401 = &lt;Response [401]&gt;.status_code</failure></testcase><testcase classname="backend.tests.test_pvp_matchmaking.TestLeaderboardAPI" name="test_get_wins_leaderboard" time="0.040" /><testcase classname="backend.tests.test_pvp_matchmaking.TestLeaderboardAPI" name="test_get_wins_leaderboard_with_period" time="0.039" /><testcase classname="backend.tests.test_pvp_matchmaking.TestLeaderboardAPI" name="test_get_wins_leaderboard_invalid_period" time="0.076" /><testcase classname="backend.tests.test_pvp_matchmaking.TestLeaderboardAPI" name="test_get_photos_leaderboard" time="0.188" /><testcase classname="backend.tests.test_pvp_matchmaking.TestPVPMatchmakingAPI" name="test_find_match_requires_auth" time="0.038" /><testcase classname="backend.tests.test_pvp_matchmaking.TestPVPMatchmakingAPI" name="test_match_status_requires_auth" time="0.034" /><testcase classname="backend.tests.test_pvp_matchmaking.TestPVPMatchmakingAPI" name="test_cancel_matchmaking_requires_auth" time="0.035" /><testcase classname="backend.tests.test_pvp_matchmaking.TestPVPMatchmakingAPI" name="test_queue_status_public" time="0.045" /><testcase classname="backend.tests.test_pvp_matchmaking.TestGameStatsAPI" name="test_get_my_stats_requires_auth" time="0.032" /><testcase classname="backend.tests.test_pvp_matchmaking.TestGameStatsAPI" name="test_get_my_stats_with_auth" time="0.362"><failure message="AssertionError: Expected 200, got 401: {&quot;detail&quot;:&quot;Invalid token&quot;}&#10;assert 401 == 200&#10; +  where 401 = &lt;Response [401]&gt;.status_code">backend/tests/test_pvp_matchmaking.py:446: in test_get_my_stats_with_auth
    assert response.status_code == 200, f"Expected 200, got {response.status_code}: {response.text}"
E   AssertionError: Expected 200, got 401: {"detail":"Invalid token"}
E   assert 401 == 200
E    +  where 401 = &lt;Response [401]&gt;.status_code</failure></testcase></testsuite></testsuites>