<?xml version="1.0" encoding="utf-8"?><testsuites name="pytest tests"><testsuite name="pytest" errors="0" failures="0" skipped="0" tests="15" time="5.609" timestamp="2026-02-15T19:40:47.471841+00:00" hostname="agent-env-e83a5e27-6cca-48f7-b57d-4b6c3fce8969"><testcase classname="backend.tests.test_iteration168_features.TestAuthEndpoints" name="test_login_existing_user_works" time="0.403" /><testcase classname="backend.tests.test_iteration168_features.TestAuthEndpoints" name="test_staff_check_returns_false_for_regular_user" time="0.509" /><testcase classname="backend.tests.test_iteration168_features.TestAuthEndpoints" name="test_staff_check_requires_auth" time="1.123" /><testcase classname="backend.tests.test_iteration168_features.TestAuthEndpoints" name="test_verify_email_invalid_token" time="0.417" /><testcase classname="backend.tests.test_iteration168_features.TestAuthEndpoints" name="test_verify_email_no_token" time="0.152" /><testcase classname="backend.tests.test_iteration168_features.TestAuthEndpoints" name="test_resend_verification_requires_auth" time="0.117" /><testcase classname="backend.tests.test_iteration168_features.TestAuthEndpoints" name="test_resend_verification_for_verified_user" time="0.144" /><testcase classname="backend.tests.test_iteration168_features.TestNewUserRegistration" name="test_registration_returns_email_verified_false" time="0.933" /><testcase classname="backend.tests.test_iteration168_features.TestNewUserRegistration" name="test_registration_with_referral_code" time="0.628" /><testcase classname="backend.tests.test_iteration168_features.TestSubscriptionAndPayment" name="test_subscription_tiers_endpoint" time="0.135" /><testcase classname="backend.tests.test_iteration168_features.TestSubscriptionAndPayment" name="test_wallet_balance_endpoint" time="0.516" /><testcase classname="backend.tests.test_iteration168_features.TestGoogleStaffPage" name="test_staff_check_without_auth_returns_401" time="0.132" /><testcase classname="backend.tests.test_iteration168_features.TestGoogleStaffPage" name="test_google_auth_endpoint_exists" time="0.115" /><testcase classname="backend.tests.test_iteration168_features.TestCoreAPIHealth" name="test_health_check" time="0.116" /><testcase classname="backend.tests.test_iteration168_features.TestCoreAPIHealth" name="test_auth_me_requires_token" time="0.116" /></testsuite></testsuites>