<?xml version="1.0" encoding="utf-8"?><testsuites name="pytest tests"><testsuite name="pytest" errors="0" failures="0" skipped="0" tests="21" time="4.154" timestamp="2026-01-19T22:58:58.987680+00:00" hostname="agent-env-530785ea-3f1b-4253-a990-58b219a8a6c0"><testcase classname="tests.test_photo_editor_bug_fixes_iteration41.TestPhotoEditorUpload" name="test_upload_requires_auth" time="0.077" /><testcase classname="tests.test_photo_editor_bug_fixes_iteration41.TestPhotoEditorUpload" name="test_upload_single_photo" time="0.296" /><testcase classname="tests.test_photo_editor_bug_fixes_iteration41.TestPhotoEditorUpload" name="test_upload_multiple_photos" time="0.011" /><testcase classname="tests.test_photo_editor_bug_fixes_iteration41.TestPhotoEditorUpload" name="test_upload_empty_list_fails" time="0.006" /><testcase classname="tests.test_photo_editor_bug_fixes_iteration41.TestPhotoEditorGetPhotos" name="test_get_photos_requires_auth" time="0.073" /><testcase classname="tests.test_photo_editor_bug_fixes_iteration41.TestPhotoEditorGetPhotos" name="test_get_photos_with_limit" time="0.010" /><testcase classname="tests.test_photo_editor_bug_fixes_iteration41.TestPhotoEditorGetPhotos" name="test_get_photos_default_limit" time="0.010" /><testcase classname="tests.test_photo_editor_bug_fixes_iteration41.TestBackgroundRemoval" name="test_remove_background_requires_auth" time="0.034" /><testcase classname="tests.test_photo_editor_bug_fixes_iteration41.TestBackgroundRemoval" name="test_remove_background_invalid_photo" time="0.041" /><testcase classname="tests.test_photo_editor_bug_fixes_iteration41.TestBackgroundRemoval" name="test_remove_background_returns_transparency" time="1.578" /><testcase classname="tests.test_photo_editor_bug_fixes_iteration41.TestBackgroundRemoval" name="test_remove_background_updates_photo" time="1.730" /><testcase classname="tests.test_photo_editor_bug_fixes_iteration41.TestBatchBackgroundRemoval" name="test_batch_remove_requires_auth" time="0.034" /><testcase classname="tests.test_photo_editor_bug_fixes_iteration41.TestBatchBackgroundRemoval" name="test_batch_remove_empty_list" time="0.008" /><testcase classname="tests.test_photo_editor_bug_fixes_iteration41.TestBatchBackgroundRemoval" name="test_batch_remove_max_10" time="0.007" /><testcase classname="tests.test_photo_editor_bug_fixes_iteration41.TestPhotoEditorFinalize" name="test_finalize_requires_auth" time="0.036" /><testcase classname="tests.test_photo_editor_bug_fixes_iteration41.TestPhotoEditorFinalize" name="test_finalize_returns_photos" time="0.056" /><testcase classname="tests.test_photo_editor_bug_fixes_iteration41.TestPhotoEditorBackgrounds" name="test_get_backgrounds_no_auth_required" time="0.041" /><testcase classname="tests.test_photo_editor_bug_fixes_iteration41.TestPhotoEditorCodeReview" name="test_frontend_edit_tab_default" time="0.000" /><testcase classname="tests.test_photo_editor_bug_fixes_iteration41.TestPhotoEditorCodeReview" name="test_frontend_photos_limit_10" time="0.000" /><testcase classname="tests.test_photo_editor_bug_fixes_iteration41.TestPhotoEditorCodeReview" name="test_frontend_navigate_to_ai_listing" time="0.000" /><testcase classname="tests.test_photo_editor_bug_fixes_iteration41.TestPhotoEditorCodeReview" name="test_frontend_ai_listing_receives_photos" time="0.001" /></testsuite></testsuites>