<?xml version="1.0" encoding="utf-8"?><testsuites name="pytest tests"><testsuite name="pytest" errors="0" failures="7" skipped="3" tests="19" time="5.776" timestamp="2026-02-14T17:19:26.441503+00:00" hostname="agent-env-8e8f0726-2f20-4e40-9763-679ff23376d9"><testcase classname="backend.tests.test_admin_membership_features.TestAdminMembershipTiers" name="test_get_membership_tiers" time="0.697"><skipped type="pytest.skip" message="User is not admin - cannot access admin endpoints">/app/backend/tests/test_admin_membership_features.py:78: User is not admin - cannot access admin endpoints</skipped></testcase><testcase classname="backend.tests.test_admin_membership_features.TestAdminMembershipTiers" name="test_tiers_without_auth_returns_401" time="0.091" /><testcase classname="backend.tests.test_admin_membership_features.TestAdminPromoCodes" name="test_get_promo_codes" time="0.415"><skipped type="pytest.skip" message="User is not admin - cannot access admin endpoints">/app/backend/tests/test_admin_membership_features.py:126: User is not admin - cannot access admin endpoints</skipped></testcase><testcase classname="backend.tests.test_admin_membership_features.TestAdminPromoCodes" name="test_promo_codes_without_auth_returns_401" time="0.062" /><testcase classname="backend.tests.test_admin_membership_features.TestAdminTransactions" name="test_get_transactions" time="0.447"><skipped type="pytest.skip" message="User is not admin - cannot access admin endpoints">/app/backend/tests/test_admin_membership_features.py:159: User is not admin - cannot access admin endpoints</skipped></testcase><testcase classname="backend.tests.test_admin_membership_features.TestAdminTransactions" name="test_transactions_without_auth_returns_401" time="0.065" /><testcase classname="backend.tests.test_admin_membership_features.TestBLCoinsFromBalance" name="test_purchase_coins_from_balance_requires_auth" time="0.110"><failure message="AssertionError: Expected 401 without auth, got 404&#10;assert 404 == 401&#10; +  where 404 = &lt;Response [404]&gt;.status_code">backend/tests/test_admin_membership_features.py:191: in test_purchase_coins_from_balance_requires_auth
    assert response.status_code == 401, f"Expected 401 without auth, got {response.status_code}"
E   AssertionError: Expected 401 without auth, got 404
E   assert 404 == 401
E    +  where 404 = &lt;Response [404]&gt;.status_code</failure></testcase><testcase classname="backend.tests.test_admin_membership_features.TestBLCoinsFromBalance" name="test_purchase_coins_with_insufficient_balance" time="1.815" /><testcase classname="backend.tests.test_admin_membership_features.TestSubscriptionFromBalance" name="test_subscribe_from_balance_requires_auth" time="0.122"><failure message="AssertionError: Expected 401 without auth, got 404&#10;assert 404 == 401&#10; +  where 404 = &lt;Response [404]&gt;.status_code">backend/tests/test_admin_membership_features.py:236: in test_subscribe_from_balance_requires_auth
    assert response.status_code == 401, f"Expected 401 without auth, got {response.status_code}"
E   AssertionError: Expected 401 without auth, got 404
E   assert 404 == 401
E    +  where 404 = &lt;Response [404]&gt;.status_code</failure></testcase><testcase classname="backend.tests.test_admin_membership_features.TestSubscriptionFromBalance" name="test_subscribe_invalid_tier" time="0.377"><failure message="AssertionError: Expected 400 for invalid tier, got 404&#10;assert 404 == 400&#10; +  where 404 = &lt;Response [404]&gt;.status_code">backend/tests/test_admin_membership_features.py:254: in test_subscribe_invalid_tier
    assert response.status_code == 400, f"Expected 400 for invalid tier, got {response.status_code}"
E   AssertionError: Expected 400 for invalid tier, got 404
E   assert 404 == 400
E    +  where 404 = &lt;Response [404]&gt;.status_code</failure></testcase><testcase classname="backend.tests.test_admin_membership_features.TestCurrentSubscription" name="test_get_current_subscription_requires_auth" time="0.118"><failure message="AssertionError: Expected 401 without auth, got 404&#10;assert 404 == 401&#10; +  where 404 = &lt;Response [404]&gt;.status_code">backend/tests/test_admin_membership_features.py:264: in test_get_current_subscription_requires_auth
    assert response.status_code == 401, f"Expected 401 without auth, got {response.status_code}"
E   AssertionError: Expected 401 without auth, got 404
E   assert 404 == 401
E    +  where 404 = &lt;Response [404]&gt;.status_code</failure></testcase><testcase classname="backend.tests.test_admin_membership_features.TestCurrentSubscription" name="test_get_current_subscription_with_auth" time="0.359" /><testcase classname="backend.tests.test_admin_membership_features.TestAPIEndpointsAccessibility" name="test_api_health" time="0.139" /><testcase classname="backend.tests.test_admin_membership_features.TestAPIEndpointsAccessibility" name="test_admin_membership_tiers_endpoint_exists" time="0.111" /><testcase classname="backend.tests.test_admin_membership_features.TestAPIEndpointsAccessibility" name="test_admin_promo_codes_endpoint_exists" time="0.130" /><testcase classname="backend.tests.test_admin_membership_features.TestAPIEndpointsAccessibility" name="test_admin_transactions_endpoint_exists" time="0.186" /><testcase classname="backend.tests.test_admin_membership_features.TestAPIEndpointsAccessibility" name="test_bl_coins_purchase_endpoint_exists" time="0.128"><failure message="AssertionError: Endpoint /api/payments/stripe/bl-coins/purchase-from-balance not found&#10;assert 404 != 404&#10; +  where 404 = &lt;Response [404]&gt;.status_code">backend/tests/test_admin_membership_features.py:322: in test_bl_coins_purchase_endpoint_exists
    assert response.status_code != 404, "Endpoint /api/payments/stripe/bl-coins/purchase-from-balance not found"
E   AssertionError: Endpoint /api/payments/stripe/bl-coins/purchase-from-balance not found
E   assert 404 != 404
E    +  where 404 = &lt;Response [404]&gt;.status_code</failure></testcase><testcase classname="backend.tests.test_admin_membership_features.TestAPIEndpointsAccessibility" name="test_subscribe_from_balance_endpoint_exists" time="0.107"><failure message="AssertionError: Endpoint /api/payments/stripe/subscriptions/subscribe-from-balance not found&#10;assert 404 != 404&#10; +  where 404 = &lt;Response [404]&gt;.status_code">backend/tests/test_admin_membership_features.py:328: in test_subscribe_from_balance_endpoint_exists
    assert response.status_code != 404, "Endpoint /api/payments/stripe/subscriptions/subscribe-from-balance not found"
E   AssertionError: Endpoint /api/payments/stripe/subscriptions/subscribe-from-balance not found
E   assert 404 != 404
E    +  where 404 = &lt;Response [404]&gt;.status_code</failure></testcase><testcase classname="backend.tests.test_admin_membership_features.TestAPIEndpointsAccessibility" name="test_current_subscription_endpoint_exists" time="0.169"><failure message="AssertionError: Endpoint /api/payments/stripe/subscriptions/current not found&#10;assert 404 != 404&#10; +  where 404 = &lt;Response [404]&gt;.status_code">backend/tests/test_admin_membership_features.py:334: in test_current_subscription_endpoint_exists
    assert response.status_code != 404, "Endpoint /api/payments/stripe/subscriptions/current not found"
E   AssertionError: Endpoint /api/payments/stripe/subscriptions/current not found
E   assert 404 != 404
E    +  where 404 = &lt;Response [404]&gt;.status_code</failure></testcase></testsuite></testsuites>