<?xml version="1.0" encoding="utf-8"?><testsuites name="pytest tests"><testsuite name="pytest" errors="0" failures="1" skipped="0" tests="13" time="53.597" timestamp="2026-01-16T06:10:09.923617+00:00" hostname="agent-env-fec7840d-3764-4678-9659-daa0dd4b8b68"><testcase classname="tests.test_poker_tournament.TestPokerTournamentAPI" name="test_get_tournaments_list" time="0.388" /><testcase classname="tests.test_poker_tournament.TestPokerTournamentAPI" name="test_get_my_tournament_status" time="0.330" /><testcase classname="tests.test_poker_tournament.TestPokerTournamentAPI" name="test_create_tournament" time="0.618" /><testcase classname="tests.test_poker_tournament.TestPokerTournamentAPI" name="test_register_for_tournament" time="0.312" /><testcase classname="tests.test_poker_tournament.TestPokerTournamentAPI" name="test_add_ai_bots" time="0.347" /><testcase classname="tests.test_poker_tournament.TestPokerTournamentAPI" name="test_force_start_tournament" time="0.372" /><testcase classname="tests.test_poker_tournament.TestPokerTournamentAPI" name="test_get_tournament_state" time="0.344" /><testcase classname="tests.test_poker_tournament.TestPokerTournamentAPI" name="test_player_action_fold" time="8.936" /><testcase classname="tests.test_poker_tournament.TestPokerTournamentAPI" name="test_full_game_flow" time="12.736" /><testcase classname="tests.test_poker_tournament.TestPokerTournamentAPI" name="test_leave_tournament" time="0.419" /><testcase classname="tests.test_poker_tournament.TestPokerTournamentAPI" name="test_get_leaderboard" time="0.329" /><testcase classname="tests.test_poker_tournament.TestPokerGameMechanics" name="test_bot_ai_makes_decisions" time="8.371"><failure message="AssertionError: Bots should have made decisions&#10;assert (0 &gt; 0 or 'pre_flop' != 'pre_flop')">tests/test_poker_tournament.py:475: in test_bot_ai_makes_decisions
    assert bots_acted &gt; 0 or state["phase"] != "pre_flop", "Bots should have made decisions"
E   AssertionError: Bots should have made decisions
E   assert (0 &gt; 0 or 'pre_flop' != 'pre_flop')</failure></testcase><testcase classname="tests.test_poker_tournament.TestPokerGameMechanics" name="test_game_phase_progression" time="19.995" /></testsuite></testsuites>