<?xml version="1.0" encoding="utf-8"?><testsuites name="pytest tests"><testsuite name="pytest" errors="0" failures="0" skipped="0" tests="22" time="2.862" timestamp="2026-01-16T04:29:31.662009+00:00" hostname="agent-env-fec7840d-3764-4678-9659-daa0dd4b8b68"><testcase classname="tests.test_admin_iteration23.TestAdminAuthentication" name="test_admin_login_success" time="0.300" /><testcase classname="tests.test_admin_iteration23.TestAdminAuthentication" name="test_admin_login_invalid_credentials" time="0.076" /><testcase classname="tests.test_admin_iteration23.TestAdminUsersPage" name="test_search_users" time="0.319" /><testcase classname="tests.test_admin_iteration23.TestAdminUsersPage" name="test_search_users_with_query" time="0.050" /><testcase classname="tests.test_admin_iteration23.TestAdminUsersPage" name="test_search_users_with_status_filter" time="0.048" /><testcase classname="tests.test_admin_iteration23.TestAdminUsersPage" name="test_get_user_details" time="0.088" /><testcase classname="tests.test_admin_iteration23.TestAdminOrphansPage" name="test_get_orphans_list" time="0.302" /><testcase classname="tests.test_admin_iteration23.TestAdminOrphansPage" name="test_get_orphans_stats" time="0.046" /><testcase classname="tests.test_admin_iteration23.TestAdminOrphansPage" name="test_get_potential_parents" time="0.048" /><testcase classname="tests.test_admin_iteration23.TestAdminOrphansPage" name="test_get_unassigned_orphans" time="0.043" /><testcase classname="tests.test_admin_iteration23.TestAdminOrphansPage" name="test_auto_assign_orphan_no_parents" time="0.086" /><testcase classname="tests.test_admin_iteration23.TestAdminDiamondLeadersPage" name="test_get_diamond_leaders" time="0.294" /><testcase classname="tests.test_admin_iteration23.TestAdminDiamondLeadersPage" name="test_get_diamond_stats" time="0.039" /><testcase classname="tests.test_admin_iteration23.TestAdminDiamondLeadersPage" name="test_get_diamond_candidates" time="0.039" /><testcase classname="tests.test_admin_iteration23.TestAdminDiamondLeadersPage" name="test_get_pending_demotions" time="0.038" /><testcase classname="tests.test_admin_iteration23.TestAdminDiamondLeadersPage" name="test_promote_user_not_found" time="0.036" /><testcase classname="tests.test_admin_iteration23.TestOtherAdminPages" name="test_admin_dashboard" time="0.302" /><testcase classname="tests.test_admin_iteration23.TestOtherAdminPages" name="test_admin_genealogy" time="0.053" /><testcase classname="tests.test_admin_iteration23.TestOtherAdminPages" name="test_admin_analytics" time="0.043" /><testcase classname="tests.test_admin_iteration23.TestOtherAdminPages" name="test_themes_endpoint" time="0.055" /><testcase classname="tests.test_admin_iteration23.TestOrphanAssignmentLogic" name="test_orphan_stats_consistency" time="0.375" /><testcase classname="tests.test_admin_iteration23.TestOrphanAssignmentLogic" name="test_potential_parents_have_tier_info" time="0.043" /></testsuite></testsuites>