<?xml version="1.0" encoding="utf-8"?><testsuites name="pytest tests"><testsuite name="pytest" errors="0" failures="0" skipped="0" tests="23" time="6.672" timestamp="2026-01-28T08:05:27.847200+00:00" hostname="agent-env-19b8676c-8c5d-487e-927b-e4db0b270532"><testcase classname="backend.tests.test_pvp_game_websocket.TestPVPGameAPIs" name="test_game_config_returns_valid_config" time="0.320" /><testcase classname="backend.tests.test_pvp_game_websocket.TestPVPGameAPIs" name="test_list_open_games" time="0.279" /><testcase classname="backend.tests.test_pvp_game_websocket.TestPVPGameAPIs" name="test_get_open_game_details_invalid_id" time="0.270" /><testcase classname="backend.tests.test_pvp_game_websocket.TestPVPGameAPIs" name="test_create_open_game_requires_5_photos" time="0.274" /><testcase classname="backend.tests.test_pvp_game_websocket.TestPVPGameAPIs" name="test_join_open_game_invalid_id" time="0.272" /><testcase classname="backend.tests.test_pvp_game_websocket.TestPVPGameAPIs" name="test_ready_invalid_game" time="0.306" /><testcase classname="backend.tests.test_pvp_game_websocket.TestPVPGameAPIs" name="test_start_pvp_game_invalid_id" time="0.305" /><testcase classname="backend.tests.test_pvp_game_websocket.TestPVPGameAPIs" name="test_cancel_open_game_invalid_id" time="0.276" /><testcase classname="backend.tests.test_pvp_game_websocket.TestPVPGameAPIs" name="test_get_battle_photos" time="0.307" /><testcase classname="backend.tests.test_pvp_game_websocket.TestPVPGameAPIs" name="test_photo_stamina_invalid_id" time="0.267" /><testcase classname="backend.tests.test_pvp_game_websocket.TestPVPGameAPIs" name="test_get_my_stats" time="0.268" /><testcase classname="backend.tests.test_pvp_game_websocket.TestPVPGameAPIs" name="test_wins_leaderboard" time="0.266" /><testcase classname="backend.tests.test_pvp_game_websocket.TestPVPGameAPIs" name="test_photos_leaderboard" time="0.270" /><testcase classname="backend.tests.test_pvp_game_websocket.TestPVPGameAPIs" name="test_pvp_queue_status" time="0.267" /><testcase classname="backend.tests.test_pvp_game_websocket.TestPVPGameAPIs" name="test_pvp_match_status" time="0.306" /><testcase classname="backend.tests.test_pvp_game_websocket.TestPVPGameAPIs" name="test_start_bot_game_requires_photo" time="0.265" /><testcase classname="backend.tests.test_pvp_game_websocket.TestPVPGameAPIs" name="test_create_auction_battle_requires_photo" time="0.312" /><testcase classname="backend.tests.test_pvp_game_websocket.TestPVPGameAPIs" name="test_match_history" time="0.331" /><testcase classname="backend.tests.test_pvp_game_websocket.TestPVPGameAPIs" name="test_record_round_result_invalid_photo" time="0.286" /><testcase classname="backend.tests.test_pvp_game_websocket.TestWebSocketEndpoints" name="test_pvp_game_websocket_endpoint_exists" time="0.291" /><testcase classname="backend.tests.test_pvp_game_websocket.TestWebSocketEndpoints" name="test_lobby_websocket_endpoint_exists" time="0.296" /><testcase classname="backend.tests.test_pvp_game_websocket.TestPVPRoomCreation" name="test_start_pvp_game_returns_pvp_room_id" time="0.305" /><testcase classname="backend.tests.test_pvp_game_websocket.TestPVPRoomCreation" name="test_pvp_room_id_format" time="0.261" /></testsuite></testsuites>