<?xml version="1.0" encoding="utf-8"?><testsuites name="pytest tests"><testsuite name="pytest" errors="0" failures="0" skipped="0" tests="6" time="1.435" timestamp="2026-02-11T02:30:43.534059+00:00" hostname="agent-env-3717014a-0480-40c1-8f89-ccc4456aa6ed"><testcase classname="backend.tests.test_iteration_139_crm_subscription.TestAuthAndLogin" name="test_login_works" time="0.307" /><testcase classname="backend.tests.test_iteration_139_crm_subscription.TestCustomerCRMEndpoint" name="test_customers_endpoint_exists" time="0.335" /><testcase classname="backend.tests.test_iteration_139_crm_subscription.TestCustomerCRMEndpoint" name="test_customers_response_structure" time="0.052" /><testcase classname="backend.tests.test_iteration_139_crm_subscription.TestCustomerCRMEndpoint" name="test_customers_unauthorized_without_token" time="0.044" /><testcase classname="backend.tests.test_iteration_139_crm_subscription.TestProductSubscriptionFields" name="test_get_existing_products" time="0.314" /><testcase classname="backend.tests.test_iteration_139_crm_subscription.TestPageEndpoint" name="test_get_page_has_logo_field" time="0.328" /></testsuite></testsuites>