<?xml version="1.0" encoding="utf-8"?><testsuites name="pytest tests"><testsuite name="pytest" errors="0" failures="0" skipped="0" tests="16" time="2.348" timestamp="2026-01-07T06:18:25.206659+00:00" hostname="agent-env-70ad286d-74e7-40d5-89f8-c6d81f206554"><testcase classname="tests.test_referral_system.TestReferralNetwork" name="test_get_my_network" time="0.375" /><testcase classname="tests.test_referral_system.TestReferralNetwork" name="test_get_referral_stats" time="0.077" /><testcase classname="tests.test_referral_system.TestReferralNetwork" name="test_network_unauthorized" time="0.036" /><testcase classname="tests.test_referral_system.TestCommissions" name="test_get_my_commissions" time="0.293" /><testcase classname="tests.test_referral_system.TestCommissions" name="test_get_pending_commissions" time="0.037" /><testcase classname="tests.test_referral_system.TestDiamondLeader" name="test_get_diamond_status" time="0.293" /><testcase classname="tests.test_referral_system.TestDiamondLeader" name="test_check_diamond_qualification" time="0.037" /><testcase classname="tests.test_referral_system.TestWithdrawals" name="test_check_withdrawal_eligibility" time="0.300" /><testcase classname="tests.test_referral_system.TestWithdrawals" name="test_get_withdrawal_history" time="0.039" /><testcase classname="tests.test_referral_system.TestWithdrawals" name="test_get_id_verification_status" time="0.034" /><testcase classname="tests.test_referral_system.TestOrphanQueue" name="test_get_orphan_queue_status" time="0.332" /><testcase classname="tests.test_referral_system.TestAdminEndpoints" name="test_admin_dashboard_requires_admin" time="0.295" /><testcase classname="tests.test_referral_system.TestAdminEndpoints" name="test_admin_pending_withdrawals" time="0.039" /><testcase classname="tests.test_referral_system.TestAdminEndpoints" name="test_admin_analytics" time="0.038" /><testcase classname="tests.test_referral_system.TestHealthAndBasicEndpoints" name="test_health_check" time="0.032" /><testcase classname="tests.test_referral_system.TestHealthAndBasicEndpoints" name="test_root_endpoint" time="0.033" /></testsuite></testsuites>