<?xml version="1.0" encoding="utf-8"?><testsuites name="pytest tests"><testsuite name="pytest" errors="0" failures="2" skipped="3" tests="13" time="6.817" timestamp="2026-01-11T15:51:35.701882+00:00" hostname="agent-env-e9b611ca-2bbf-4934-a313-c97c87db6f17"><testcase classname="tests.test_admin_otp_auth_iteration20.TestAdminOTPAuthStep1" name="test_step1_valid_credentials" time="2.072"><skipped type="pytest.skip" message="Rate limited - skipping test">/app/tests/test_admin_otp_auth_iteration20.py:33: Rate limited - skipping test</skipped></testcase><testcase classname="tests.test_admin_otp_auth_iteration20.TestAdminOTPAuthStep1" name="test_step1_invalid_email" time="0.071" /><testcase classname="tests.test_admin_otp_auth_iteration20.TestAdminOTPAuthStep1" name="test_step1_invalid_password" time="0.044"><failure message="assert 429 == 401&#10; +  where 429 = &lt;Response [429]&gt;.status_code">tests/test_admin_otp_auth_iteration20.py:64: in test_step1_invalid_password
    assert response.status_code == 401
E   assert 429 == 401
E    +  where 429 = &lt;Response [429]&gt;.status_code</failure></testcase><testcase classname="tests.test_admin_otp_auth_iteration20.TestAdminOTPAuthStep1" name="test_step1_non_admin_user" time="0.049" /><testcase classname="tests.test_admin_otp_auth_iteration20.TestAdminOTPAuthStep1" name="test_step1_missing_fields" time="0.052" /><testcase classname="tests.test_admin_otp_auth_iteration20.TestAdminOTPAuthStep2" name="test_step2_invalid_session_token" time="0.081" /><testcase classname="tests.test_admin_otp_auth_iteration20.TestAdminOTPAuthStep2" name="test_step2_missing_fields" time="0.038" /><testcase classname="tests.test_admin_otp_auth_iteration20.TestAdminOTPResend" name="test_resend_invalid_session" time="0.078"><failure message="assert 429 == 401&#10; +  where 429 = &lt;Response [429]&gt;.status_code">tests/test_admin_otp_auth_iteration20.py:130: in test_resend_invalid_session
    assert response.status_code == 401
E   assert 429 == 401
E    +  where 429 = &lt;Response [429]&gt;.status_code</failure></testcase><testcase classname="tests.test_admin_otp_auth_iteration20.TestAdminSessionCheck" name="test_check_session_no_token" time="0.038" /><testcase classname="tests.test_admin_otp_auth_iteration20.TestAdminSessionCheck" name="test_check_session_invalid_token" time="0.037" /><testcase classname="tests.test_admin_otp_auth_iteration20.TestAdminAuthResponseStructure" name="test_step1_response_structure" time="2.042"><skipped type="pytest.skip" message="Rate limited">/app/tests/test_admin_otp_auth_iteration20.py:169: Rate limited</skipped></testcase><testcase classname="tests.test_admin_otp_auth_iteration20.TestRateLimiting" name="test_rate_limit_message_format" time="0.038" /><testcase classname="tests.test_admin_otp_auth_iteration20.TestAdminAuthIntegration" name="test_full_flow_step1_to_step2_invalid_otp" time="2.040"><skipped type="pytest.skip" message="Rate limited">/app/tests/test_admin_otp_auth_iteration20.py:227: Rate limited</skipped></testcase></testsuite></testsuites>