<?xml version="1.0" encoding="utf-8"?><testsuites name="pytest tests"><testsuite name="pytest" errors="0" failures="0" skipped="1" tests="14" time="5.103" timestamp="2026-02-10T17:18:39.972436+00:00" hostname="agent-env-5939bbc8-8286-4ae0-a0a3-5e30f8abda71"><testcase classname="backend.tests.test_stripe_payments.TestStripeCheckoutSession" name="test_create_checkout_session_existing_order" time="1.191" /><testcase classname="backend.tests.test_stripe_payments.TestStripeCheckoutSession" name="test_create_checkout_session_missing_order_id" time="0.039" /><testcase classname="backend.tests.test_stripe_payments.TestStripeCheckoutSession" name="test_create_checkout_session_invalid_order" time="0.049" /><testcase classname="backend.tests.test_stripe_payments.TestStripeCheckoutStatus" name="test_get_checkout_status_existing_session" time="0.283" /><testcase classname="backend.tests.test_stripe_payments.TestStripeCheckoutStatus" name="test_get_checkout_status_invalid_session" time="0.413" /><testcase classname="backend.tests.test_stripe_payments.TestStripeRefund" name="test_refund_endpoint_exists" time="0.047" /><testcase classname="backend.tests.test_stripe_payments.TestStripeRefund" name="test_refund_missing_order_id" time="0.039" /><testcase classname="backend.tests.test_stripe_payments.TestStripeRefund" name="test_refund_unpaid_order" time="0.414"><skipped type="pytest.skip" message="Could not create test order: 200">/app/backend/tests/test_stripe_payments.py:246: Could not create test order: 200</skipped></testcase><testcase classname="backend.tests.test_stripe_payments.TestStripeRefund" name="test_refund_with_partial_amount" time="0.084" /><testcase classname="backend.tests.test_stripe_payments.TestGuestOrderPaymentFlow" name="test_create_guest_order_and_stripe_session" time="1.085" /><testcase classname="backend.tests.test_stripe_payments.TestGuestOrderPaymentFlow" name="test_verify_payment_transaction_record" time="0.837" /><testcase classname="backend.tests.test_stripe_payments.TestPlatformFeeCalculation" name="test_platform_fee_in_checkout_metadata" time="0.470" /><testcase classname="backend.tests.test_stripe_payments.TestWebhookEndpoint" name="test_webhook_endpoint_exists" time="0.037" /><testcase classname="backend.tests.test_stripe_payments.TestWebhookEndpoint" name="test_stripe_payments_webhook_endpoint" time="0.038" /></testsuite></testsuites>