<?xml version="1.0" encoding="utf-8"?><testsuites name="pytest tests"><testsuite name="pytest" errors="0" failures="0" skipped="0" tests="15" time="9.456" timestamp="2026-01-19T05:16:53.410636+00:00" hostname="agent-env-87a718ad-60d9-4e94-be93-d4a9cea05d3f"><testcase classname="tests.test_rps_auction_iteration34.TestAuth" name="test_login_success" time="0.319" /><testcase classname="tests.test_rps_auction_iteration34.TestGameConfig" name="test_game_config_has_rps_auction" time="0.040" /><testcase classname="tests.test_rps_auction_iteration34.TestMintingConfig" name="test_minting_config_has_light_types" time="0.040" /><testcase classname="tests.test_rps_auction_iteration34.TestMintingConfig" name="test_minting_config_has_rating_criteria" time="0.041" /><testcase classname="tests.test_rps_auction_iteration34.TestMinting" name="test_minting_status" time="0.299" /><testcase classname="tests.test_rps_auction_iteration34.TestBattlePhotos" name="test_battle_photos_sorted_by_dollar_value" time="0.301" /><testcase classname="tests.test_rps_auction_iteration34.TestPvPMatchmaking" name="test_pvp_queue_status" time="0.037" /><testcase classname="tests.test_rps_auction_iteration34.TestPvPMatchmaking" name="test_find_match_and_cancel_refund" time="0.490" /><testcase classname="tests.test_rps_auction_iteration34.TestRPSAuction" name="test_start_game_with_bot" time="0.356" /><testcase classname="tests.test_rps_auction_iteration34.TestRPSAuction" name="test_rps_auction_round" time="0.082" /><testcase classname="tests.test_rps_auction_iteration34.TestRPSAuction" name="test_rps_auction_invalid_bid" time="0.118" /><testcase classname="tests.test_rps_auction_iteration34.TestPhotoBattle" name="test_full_game_flow" time="0.607" /><testcase classname="tests.test_rps_auction_iteration34.TestMatchmakingTimeout" name="test_matchmaking_timeout_creates_bot_match" time="6.429" /><testcase classname="tests.test_rps_auction_iteration34.TestLeaderboards" name="test_wins_leaderboard" time="0.043" /><testcase classname="tests.test_rps_auction_iteration34.TestLeaderboards" name="test_photos_leaderboard" time="0.042" /></testsuite></testsuites>