<?xml version="1.0" encoding="utf-8"?><testsuites name="pytest tests"><testsuite name="pytest" errors="0" failures="0" skipped="0" tests="14" time="1.715" timestamp="2026-02-09T10:42:51.505959+00:00" hostname="agent-env-45fe34e6-3516-43f3-905e-6c313a1e2d69"><testcase classname="tests.test_member_pages_extended.TestHealthCheck" name="test_health_endpoint" time="0.061" /><testcase classname="tests.test_member_pages_extended.TestInventoryManagement" name="test_get_inventory" time="0.354" /><testcase classname="tests.test_member_pages_extended.TestInventoryManagement" name="test_get_inventory_low_stock_filter" time="0.047" /><testcase classname="tests.test_member_pages_extended.TestInventoryManagement" name="test_update_inventory_quantity" time="0.108" /><testcase classname="tests.test_member_pages_extended.TestBarcodeScanning" name="test_barcode_search" time="0.105" /><testcase classname="tests.test_member_pages_extended.TestBarcodeScanning" name="test_barcode_assign" time="0.096" /><testcase classname="tests.test_member_pages_extended.TestPOSSystem" name="test_get_pos_settings" time="0.042" /><testcase classname="tests.test_member_pages_extended.TestPOSSystem" name="test_pos_cash_transaction" time="0.073" /><testcase classname="tests.test_member_pages_extended.TestPOSSystem" name="test_pos_stripe_checkout_create" time="0.502" /><testcase classname="tests.test_member_pages_extended.TestPOSSystem" name="test_pos_get_transactions" time="0.049" /><testcase classname="tests.test_member_pages_extended.TestAnalytics" name="test_get_page_analytics" time="0.053" /><testcase classname="tests.test_member_pages_extended.TestAnalytics" name="test_get_analytics_30d_period" time="0.049" /><testcase classname="tests.test_member_pages_extended.TestPageProductsIntegration" name="test_get_page_products" time="0.045" /><testcase classname="tests.test_member_pages_extended.TestMemberPageDashboard" name="test_get_member_page" time="0.049" /></testsuite></testsuites>