<?xml version="1.0" encoding="utf-8"?><testsuites name="pytest tests"><testsuite name="pytest" errors="0" failures="0" skipped="0" tests="12" time="45.131" timestamp="2026-02-14T02:05:46.685704+00:00" hostname="agent-env-b9da0134-5ce4-4a1c-b53c-b7720207ff87"><testcase classname="backend.tests.test_topup_coins.TestBLCoinsPurchaseFeature" name="test_health_endpoint" time="39.331" /><testcase classname="backend.tests.test_topup_coins.TestBLCoinsPurchaseFeature" name="test_listing_fee_endpoint" time="0.188" /><testcase classname="backend.tests.test_topup_coins.TestBLCoinsPurchaseFeature" name="test_bl_coins_checkout_requires_auth" time="0.133" /><testcase classname="backend.tests.test_topup_coins.TestBLCoinsPurchaseFeature" name="test_bl_coins_checkout_with_auth" time="0.813" /><testcase classname="backend.tests.test_topup_coins.TestBLCoinsPurchaseFeature" name="test_bl_coins_checkout_all_tiers" time="1.804" /><testcase classname="backend.tests.test_topup_coins.TestBLCoinsPurchaseFeature" name="test_bl_coins_checkout_invalid_tier" time="0.419" /><testcase classname="backend.tests.test_topup_coins.TestBLCoinsPurchaseFeature" name="test_bl_coins_checkout_price_mismatch" time="0.673" /><testcase classname="backend.tests.test_topup_coins.TestBLCoinsPurchaseFeature" name="test_bl_coins_status_invalid_session" time="0.561" /><testcase classname="backend.tests.test_topup_coins.TestInsufficientBalanceTrigger" name="test_create_listing_checks_balance" time="0.377" /><testcase classname="backend.tests.test_topup_coins.TestBLCoinsEndpointsIntegration" name="test_stripe_checkout_endpoint_exists" time="0.123" /><testcase classname="backend.tests.test_topup_coins.TestBLCoinsEndpointsIntegration" name="test_stripe_status_endpoint_exists" time="0.134" /><testcase classname="backend.tests.test_topup_coins.TestBLCoinsEndpointsIntegration" name="test_wallet_balance_endpoint" time="0.510" /></testsuite></testsuites>