<?xml version="1.0" encoding="utf-8"?><testsuites name="pytest tests"><testsuite name="pytest" errors="0" failures="3" skipped="0" tests="21" time="6.496" timestamp="2026-01-10T05:45:35.830590+00:00" hostname="agent-env-588a4406-bbdc-4378-a810-41a32800dbe2"><testcase classname="tests.test_album_ai_listing_iteration11.TestAlbumSystem" name="test_album_create_requires_auth" time="0.335" /><testcase classname="tests.test_album_ai_listing_iteration11.TestAlbumSystem" name="test_album_create_success" time="0.329" /><testcase classname="tests.test_album_ai_listing_iteration11.TestAlbumSystem" name="test_album_create_private" time="0.373" /><testcase classname="tests.test_album_ai_listing_iteration11.TestAlbumSystem" name="test_get_my_albums" time="0.382" /><testcase classname="tests.test_album_ai_listing_iteration11.TestAlbumSystem" name="test_get_album_detail" time="0.403" /><testcase classname="tests.test_album_ai_listing_iteration11.TestAlbumSystem" name="test_get_album_not_found" time="0.299" /><testcase classname="tests.test_album_ai_listing_iteration11.TestAlbumSystem" name="test_delete_album" time="0.364" /><testcase classname="tests.test_album_ai_listing_iteration11.TestAlbumSystem" name="test_delete_album_not_found" time="0.290" /><testcase classname="tests.test_album_ai_listing_iteration11.TestAlbumMediaUpload" name="test_upload_image_to_album" time="0.358" /><testcase classname="tests.test_album_ai_listing_iteration11.TestAlbumMediaUpload" name="test_upload_requires_auth" time="0.415" /><testcase classname="tests.test_album_ai_listing_iteration11.TestVideoThumbnailGeneration" name="test_generate_thumbnail_requires_auth" time="0.288" /><testcase classname="tests.test_album_ai_listing_iteration11.TestVideoThumbnailGeneration" name="test_generate_thumbnail_video_not_found" time="0.339"><failure message="assert 422 in [404, 500]&#10; +  where 422 = &lt;Response [422]&gt;.status_code">tests/test_album_ai_listing_iteration11.py:335: in test_generate_thumbnail_video_not_found
    assert response.status_code in [404, 500]
E   assert 422 in [404, 500]
E    +  where 422 = &lt;Response [422]&gt;.status_code</failure></testcase><testcase classname="tests.test_album_ai_listing_iteration11.TestThumbnailFileServing" name="test_thumbnail_not_found" time="0.032" /><testcase classname="tests.test_album_ai_listing_iteration11.TestThumbnailFileServing" name="test_thumbnail_endpoint_exists" time="0.032" /><testcase classname="tests.test_album_ai_listing_iteration11.TestAIListingCreator" name="test_ai_analyze_listing_requires_auth" time="0.293" /><testcase classname="tests.test_album_ai_listing_iteration11.TestAIListingCreator" name="test_ai_suggest_price_requires_auth" time="0.289"><failure message="assert 404 == 401&#10; +  where 404 = &lt;Response [404]&gt;.status_code">tests/test_album_ai_listing_iteration11.py:393: in test_ai_suggest_price_requires_auth
    assert response.status_code == 401
E   assert 404 == 401
E    +  where 404 = &lt;Response [404]&gt;.status_code</failure></testcase><testcase classname="tests.test_album_ai_listing_iteration11.TestAIListingCreator" name="test_ai_analyze_listing_endpoint_exists" time="0.326" /><testcase classname="tests.test_album_ai_listing_iteration11.TestAIListingCreator" name="test_ai_suggest_price_endpoint_exists" time="0.296"><failure message="AssertionError: Unexpected status: 404&#10;assert 404 in [200, 400, 422, 500]&#10; +  where 404 = &lt;Response [404]&gt;.status_code">tests/test_album_ai_listing_iteration11.py:425: in test_ai_suggest_price_endpoint_exists
    assert response.status_code in [200, 400, 422, 500], f"Unexpected status: {response.status_code}"
E   AssertionError: Unexpected status: 404
E   assert 404 in [200, 400, 422, 500]
E    +  where 404 = &lt;Response [404]&gt;.status_code</failure></testcase><testcase classname="tests.test_album_ai_listing_iteration11.TestExistingAlbum" name="test_get_existing_album" time="0.288" /><testcase classname="tests.test_album_ai_listing_iteration11.TestMarketplaceListingCreation" name="test_create_listing_requires_auth" time="0.299" /><testcase classname="tests.test_album_ai_listing_iteration11.TestMarketplaceListingCreation" name="test_create_listing_success" time="0.297" /></testsuite></testsuites>