<?xml version="1.0" encoding="utf-8"?><testsuites name="pytest tests"><testsuite name="pytest" errors="0" failures="1" skipped="1" tests="14" time="0.636" timestamp="2026-01-21T07:07:10.919119+00:00" hostname="agent-env-1b727b1c-0359-4190-a560-d43c77aefdb9"><testcase classname="tests.test_iteration51_features.TestBackendFeatures" name="test_create_listing_with_share_to_feed" time="0.328" /><testcase classname="tests.test_iteration51_features.TestBackendFeatures" name="test_create_listing_without_share_to_feed" time="0.052" /><testcase classname="tests.test_iteration51_features.TestBackendFeatures" name="test_create_auction_listing_with_share_to_feed" time="0.017" /><testcase classname="tests.test_iteration51_features.TestBackendFeatures" name="test_bidding_requires_authentication" time="0.011"><skipped type="pytest.skip" message="No auction listings available to test bidding">/app/tests/test_iteration51_features.py:180: No auction listings available to test bidding</skipped></testcase><testcase classname="tests.test_iteration51_features.TestBackendFeatures" name="test_bidding_with_bearer_token" time="0.064" /><testcase classname="tests.test_iteration51_features.TestBackendFeatures" name="test_listing_shows_seller_username_not_name" time="0.011" /><testcase classname="tests.test_iteration51_features.TestBackendFeatures" name="test_single_listing_seller_privacy" time="0.020" /><testcase classname="tests.test_iteration51_features.TestBackendFeatures" name="test_feed_contains_marketplace_listing_posts" time="0.030" /><testcase classname="tests.test_iteration51_features.TestAuctionSettingsFormLabels" name="test_auction_toggle_labels_in_code" time="0.001"><failure message="AssertionError: Should have 'Auction' label&#10;assert -1 &gt; 0">tests/test_iteration51_features.py:409: in test_auction_toggle_labels_in_code
    assert auction_label_idx &gt; 0, "Should have 'Auction' label"
E   AssertionError: Should have 'Auction' label
E   assert -1 &gt; 0</failure></testcase><testcase classname="tests.test_iteration51_features.TestProfilePageBLCoinsHidden" name="test_bl_coins_section_commented_out" time="0.000" /><testcase classname="tests.test_iteration51_features.TestMyTeamPageBLCoinsHidden" name="test_daily_claim_section_commented_out" time="0.000" /><testcase classname="tests.test_iteration51_features.TestMyTeamPageBLCoinsHidden" name="test_bl_coins_stat_hidden" time="0.000" /><testcase classname="tests.test_iteration51_features.TestAuctionBidPanelLocalStorageToken" name="test_uses_localstorage_token" time="0.000" /><testcase classname="tests.test_iteration51_features.TestAuctionBidPanelLocalStorageToken" name="test_bid_function_uses_token" time="0.000" /></testsuite></testsuites>