<?xml version="1.0" encoding="utf-8"?><testsuites name="pytest tests"><testsuite name="pytest" errors="0" failures="0" skipped="0" tests="11" time="14.736" timestamp="2026-01-16T07:19:08.103999+00:00" hostname="agent-env-fec7840d-3764-4678-9659-daa0dd4b8b68"><testcase classname="tests.test_poker_mongodb_persistence.TestPokerMongoPersistence" name="test_01_create_tournament_saves_to_mongodb" time="0.379" /><testcase classname="tests.test_poker_mongodb_persistence.TestPokerMongoPersistence" name="test_02_register_player_saves_to_mongodb" time="0.321" /><testcase classname="tests.test_poker_mongodb_persistence.TestPokerMongoPersistence" name="test_03_add_bots_saves_to_mongodb" time="0.412" /><testcase classname="tests.test_poker_mongodb_persistence.TestPokerMongoPersistence" name="test_04_force_leave_removes_from_db_mapping" time="0.416" /><testcase classname="tests.test_poker_mongodb_persistence.TestPokerMongoPersistence" name="test_05_my_tournament_returns_from_db" time="0.398" /><testcase classname="tests.test_poker_mongodb_persistence.TestPokerMongoPersistence" name="test_06_list_tournaments_from_db" time="0.384" /><testcase classname="tests.test_poker_mongodb_persistence.TestPokerMongoPersistence" name="test_07_tournament_state_persists_after_actions" time="2.459" /><testcase classname="tests.test_poker_mongodb_persistence.TestPokerMongoPersistence" name="test_08_concurrent_tournament_creation" time="0.382" /><testcase classname="tests.test_poker_mongodb_persistence.TestPokerAPIEndpoints" name="test_leaderboard_endpoint" time="0.383" /><testcase classname="tests.test_poker_mongodb_persistence.TestPokerAPIEndpoints" name="test_full_tournament_flow" time="8.751" /><testcase classname="tests.test_poker_mongodb_persistence.TestPersistenceAfterRestart" name="test_tournament_survives_restart" time="0.386" /></testsuite></testsuites>