<?xml version="1.0" encoding="utf-8"?><testsuites name="pytest tests"><testsuite name="pytest" errors="0" failures="0" skipped="0" tests="24" time="5.205" timestamp="2026-01-07T05:17:06.543365+00:00" hostname="agent-env-70ad286d-74e7-40d5-89f8-c6d81f206554"><testcase classname="tests.test_media_sales.TestAuth" name="test_health_check" time="0.082" /><testcase classname="tests.test_media_sales.TestAuth" name="test_login_success" time="0.259" /><testcase classname="tests.test_media_sales.TestAuth" name="test_login_invalid_credentials" time="0.043" /><testcase classname="tests.test_media_sales.TestAuth" name="test_get_profile" time="0.304" /><testcase classname="tests.test_media_sales.TestWatermarks" name="test_create_watermark_template" time="0.294" /><testcase classname="tests.test_media_sales.TestWatermarks" name="test_get_watermark_templates" time="0.297" /><testcase classname="tests.test_media_sales.TestWatermarks" name="test_watermark_crud_flow" time="0.472" /><testcase classname="tests.test_media_sales.TestMedia" name="test_upload_media" time="0.345" /><testcase classname="tests.test_media_sales.TestMedia" name="test_get_my_media" time="0.298" /><testcase classname="tests.test_media_sales.TestMedia" name="test_get_media_for_sale" time="0.034" /><testcase classname="tests.test_media_sales.TestOffers" name="test_create_offer_as_guest" time="0.374" /><testcase classname="tests.test_media_sales.TestOffers" name="test_get_received_offers" time="0.295" /><testcase classname="tests.test_media_sales.TestOffers" name="test_get_sent_offers" time="0.296" /><testcase classname="tests.test_media_sales.TestContracts" name="test_get_seller_contracts" time="0.290" /><testcase classname="tests.test_media_sales.TestContracts" name="test_get_buyer_contracts" time="0.294" /><testcase classname="tests.test_media_sales.TestExistingEndpoints" name="test_wallet_balance" time="0.292" /><testcase classname="tests.test_media_sales.TestExistingEndpoints" name="test_wallet_transactions" time="0.291" /><testcase classname="tests.test_media_sales.TestExistingEndpoints" name="test_posts_feed" time="0.287" /><testcase classname="tests.test_media_sales.TestExistingEndpoints" name="test_posts_explore" time="0.033" /><testcase classname="tests.test_media_sales.TestExistingEndpoints" name="test_marketplace_listings" time="0.039" /><testcase classname="tests.test_media_sales.TestExistingEndpoints" name="test_marketplace_categories" time="0.035" /><testcase classname="tests.test_media_sales.TestExistingEndpoints" name="test_services_list" time="0.036" /><testcase classname="tests.test_media_sales.TestExistingEndpoints" name="test_rentals_properties" time="0.047" /><testcase classname="tests.test_media_sales.TestExistingEndpoints" name="test_raffles_list" time="0.040" /></testsuite></testsuites>