<?xml version="1.0" encoding="utf-8"?><testsuites name="pytest tests"><testsuite name="pytest" errors="0" failures="0" skipped="0" tests="16" time="1.342" timestamp="2026-01-18T22:13:08.272418+00:00" hostname="agent-env-87a718ad-60d9-4e94-be93-d4a9cea05d3f"><testcase classname="tests.test_minting_pvp_battle_iteration33.TestHealthAndAuth" name="test_health_check" time="0.071" /><testcase classname="tests.test_minting_pvp_battle_iteration33.TestHealthAndAuth" name="test_login_test_user" time="0.234" /><testcase classname="tests.test_minting_pvp_battle_iteration33.TestMintingSystem" name="test_minting_status" time="0.313" /><testcase classname="tests.test_minting_pvp_battle_iteration33.TestMintingSystem" name="test_minting_config" time="0.010" /><testcase classname="tests.test_minting_pvp_battle_iteration33.TestMintingSystem" name="test_get_user_minted_photos" time="0.015" /><testcase classname="tests.test_minting_pvp_battle_iteration33.TestBattlePhotosEndpoint" name="test_battle_photos_endpoint_exists" time="0.053" /><testcase classname="tests.test_minting_pvp_battle_iteration33.TestBattlePhotosEndpoint" name="test_battle_photos_sorted_by_dollar_value" time="0.013" /><testcase classname="tests.test_minting_pvp_battle_iteration33.TestBattlePhotosEndpoint" name="test_battle_photos_include_stamina" time="0.012" /><testcase classname="tests.test_minting_pvp_battle_iteration33.TestPhotoGameStats" name="test_game_stats" time="0.052" /><testcase classname="tests.test_minting_pvp_battle_iteration33.TestPhotoGameStats" name="test_game_config" time="0.010" /><testcase classname="tests.test_minting_pvp_battle_iteration33.TestPvPMatchmaking" name="test_queue_status" time="0.010" /><testcase classname="tests.test_minting_pvp_battle_iteration33.TestPvPMatchmaking" name="test_find_match_requires_photo" time="0.118" /><testcase classname="tests.test_minting_pvp_battle_iteration33.TestBLCoinBetFlow" name="test_bet_deduction_on_find_match" time="0.145" /><testcase classname="tests.test_minting_pvp_battle_iteration33.TestBattleStart" name="test_start_bot_match" time="0.078" /><testcase classname="tests.test_minting_pvp_battle_iteration33.TestLeaderboards" name="test_wins_leaderboard" time="0.051" /><testcase classname="tests.test_minting_pvp_battle_iteration33.TestLeaderboards" name="test_photos_leaderboard" time="0.015" /></testsuite></testsuites>