<?xml version="1.0" encoding="utf-8"?><testsuites name="pytest tests"><testsuite name="pytest" errors="0" failures="0" skipped="0" tests="8" time="2.582" timestamp="2026-02-05T09:05:36.344335+00:00" hostname="agent-env-f102a490-374a-4447-9a89-0b000bb60732"><testcase classname="tests.test_selfie_match.TestSelfieMatchAuthenticity" name="test_authenticity_status_returns_correct_max_attempts" time="0.342" /><testcase classname="tests.test_selfie_match.TestSelfieMatchAuthenticity" name="test_authenticity_status_shows_free_attempt_status" time="0.309" /><testcase classname="tests.test_selfie_match.TestSelfieMatchAuthenticity" name="test_authenticity_status_has_face_true" time="0.307" /><testcase classname="tests.test_selfie_match.TestSelfieMatchAuthenticity" name="test_selfie_match_endpoint_exists" time="0.302" /><testcase classname="tests.test_selfie_match.TestSelfieMatchAuthenticity" name="test_selfie_match_validates_input" time="0.310" /><testcase classname="tests.test_selfie_match.TestSelfieMatchAuthenticity" name="test_selfie_match_rejects_non_owner" time="0.311" /><testcase classname="tests.test_selfie_match.TestSelfieMatchAuthenticity" name="test_photo_not_found_returns_404" time="0.340" /><testcase classname="tests.test_selfie_match.TestSelfieMatchConstants" name="test_backend_constants_via_authenticity_status" time="0.307" /></testsuite></testsuites>