<?xml version="1.0" encoding="utf-8"?><testsuites name="pytest tests"><testsuite name="pytest" errors="0" failures="0" skipped="0" tests="32" time="8.464" timestamp="2026-01-10T08:08:33.998886+00:00" hostname="agent-env-424ab1d4-5a8b-448e-beb1-9b33c2e7c358"><testcase classname="tests.test_casino_iteration12.TestCasinoAuth" name="test_slots_requires_auth" time="0.052" /><testcase classname="tests.test_casino_iteration12.TestCasinoAuth" name="test_blackjack_requires_auth" time="0.037" /><testcase classname="tests.test_casino_iteration12.TestCasinoAuth" name="test_roulette_requires_auth" time="0.076" /><testcase classname="tests.test_casino_iteration12.TestCasinoAuth" name="test_poker_requires_auth" time="0.036" /><testcase classname="tests.test_casino_iteration12.TestCasinoAuth" name="test_baccarat_requires_auth" time="0.036" /><testcase classname="tests.test_casino_iteration12.TestCasinoAuth" name="test_craps_requires_auth" time="0.035" /><testcase classname="tests.test_casino_iteration12.TestCasinoAuth" name="test_wheel_requires_auth" time="0.033" /><testcase classname="tests.test_casino_iteration12.TestCasinoAuth" name="test_stats_requires_auth" time="0.036" /><testcase classname="tests.test_casino_iteration12.TestCasinoAuth" name="test_history_requires_auth" time="0.033" /><testcase classname="tests.test_casino_iteration12.TestCasinoGames" name="test_slots_spin_success" time="0.330" /><testcase classname="tests.test_casino_iteration12.TestCasinoGames" name="test_slots_bet_limits" time="0.356" /><testcase classname="tests.test_casino_iteration12.TestCasinoGames" name="test_blackjack_start_success" time="0.327" /><testcase classname="tests.test_casino_iteration12.TestCasinoGames" name="test_blackjack_hit_action" time="0.405" /><testcase classname="tests.test_casino_iteration12.TestCasinoGames" name="test_blackjack_stand_action" time="0.368" /><testcase classname="tests.test_casino_iteration12.TestCasinoGames" name="test_roulette_red_bet" time="0.322" /><testcase classname="tests.test_casino_iteration12.TestCasinoGames" name="test_roulette_black_bet" time="0.321" /><testcase classname="tests.test_casino_iteration12.TestCasinoGames" name="test_roulette_odd_even_bet" time="0.326" /><testcase classname="tests.test_casino_iteration12.TestCasinoGames" name="test_wheel_spin_success" time="0.368" /><testcase classname="tests.test_casino_iteration12.TestCasinoGames" name="test_poker_deal_success" time="0.373" /><testcase classname="tests.test_casino_iteration12.TestCasinoGames" name="test_poker_draw_success" time="0.362" /><testcase classname="tests.test_casino_iteration12.TestCasinoGames" name="test_baccarat_player_bet" time="0.359" /><testcase classname="tests.test_casino_iteration12.TestCasinoGames" name="test_baccarat_banker_bet" time="0.333" /><testcase classname="tests.test_casino_iteration12.TestCasinoGames" name="test_baccarat_tie_bet" time="0.339" /><testcase classname="tests.test_casino_iteration12.TestCasinoGames" name="test_craps_pass_bet" time="0.323" /><testcase classname="tests.test_casino_iteration12.TestCasinoGames" name="test_craps_dont_pass_bet" time="0.369" /><testcase classname="tests.test_casino_iteration12.TestCasinoGames" name="test_craps_field_bet" time="0.329" /><testcase classname="tests.test_casino_iteration12.TestCasinoGames" name="test_craps_any_seven_bet" time="0.361" /><testcase classname="tests.test_casino_iteration12.TestCasinoGames" name="test_casino_stats" time="0.327" /><testcase classname="tests.test_casino_iteration12.TestCasinoGames" name="test_casino_history" time="0.361" /><testcase classname="tests.test_casino_iteration12.TestCasinoGames" name="test_casino_leaderboard" time="0.363" /><testcase classname="tests.test_casino_iteration12.TestCasinoBalanceUpdates" name="test_balance_decreases_on_loss" time="0.413" /><testcase classname="tests.test_casino_iteration12.TestCasinoBalanceUpdates" name="test_insufficient_balance_error" time="0.289" /></testsuite></testsuites>