<?xml version="1.0" encoding="utf-8"?><testsuites name="pytest tests"><testsuite name="pytest" errors="0" failures="0" skipped="0" tests="19" time="7.684" timestamp="2026-02-06T08:38:10.980171+00:00" hostname="agent-env-f102a490-374a-4447-9a89-0b000bb60732"><testcase classname="backend.tests.test_pvp_critical_fixes.TestPVPCriticalFixes" name="test_health_check" time="0.068" /><testcase classname="backend.tests.test_pvp_critical_fixes.TestPVPCriticalFixes" name="test_user1_login" time="0.261" /><testcase classname="backend.tests.test_pvp_critical_fixes.TestPVPCriticalFixes" name="test_user2_login" time="0.296" /><testcase classname="backend.tests.test_pvp_critical_fixes.TestPVPCriticalFixes" name="test_game_config_endpoint" time="0.033" /><testcase classname="backend.tests.test_pvp_critical_fixes.TestPVPCriticalFixes" name="test_open_games_list_endpoint" time="0.277" /><testcase classname="backend.tests.test_pvp_critical_fixes.TestPVPCriticalFixes" name="test_battle_photos_endpoint" time="0.287" /><testcase classname="backend.tests.test_pvp_critical_fixes.TestPVPCriticalFixes" name="test_photo_stamina_endpoint" time="0.308" /><testcase classname="backend.tests.test_pvp_critical_fixes.TestPVPCriticalFixes" name="test_pvp_session_state_endpoint" time="3.349" /><testcase classname="backend.tests.test_pvp_critical_fixes.TestPVPCriticalFixes" name="test_pvp_tap_endpoint" time="0.309" /><testcase classname="backend.tests.test_pvp_critical_fixes.TestPVPCriticalFixes" name="test_pvp_finish_round_endpoint" time="0.284" /><testcase classname="backend.tests.test_pvp_critical_fixes.TestPVPCriticalFixes" name="test_pvp_select_photo_endpoint" time="0.275" /><testcase classname="backend.tests.test_pvp_critical_fixes.TestPVPCriticalFixes" name="test_pvp_next_round_endpoint" time="0.278" /><testcase classname="backend.tests.test_pvp_critical_fixes.TestPVPCriticalFixes" name="test_open_game_create_no_bot_fallback" time="0.632" /><testcase classname="backend.tests.test_pvp_critical_fixes.TestPVPCriticalFixes" name="test_xp_level_info_endpoint" time="0.036" /><testcase classname="backend.tests.test_pvp_critical_fixes.TestPVPCriticalFixes" name="test_leaderboard_wins_endpoint" time="0.037" /><testcase classname="backend.tests.test_pvp_critical_fixes.TestPVPCriticalFixes" name="test_match_history_endpoint" time="0.318" /><testcase classname="backend.tests.test_pvp_critical_fixes.TestPVPDoubleWinPrevention" name="test_finish_round_idempotency" time="0.283" /><testcase classname="backend.tests.test_pvp_critical_fixes.TestPVPDoubleWinPrevention" name="test_submit_round_result_endpoint" time="0.270" /><testcase classname="backend.tests.test_pvp_critical_fixes.TestQuickBetPresets" name="test_quick_bet_values" time="0.000" /></testsuite></testsuites>