<?xml version="1.0" encoding="utf-8"?><testsuites name="pytest tests"><testsuite name="pytest" errors="0" failures="0" skipped="0" tests="25" time="5.136" timestamp="2026-01-07T06:38:03.800490+00:00" hostname="agent-env-a121437e-2c71-4639-b192-36cefd089ffc"><testcase classname="tests.test_referral_system.TestReferralNetwork" name="test_get_my_network" time="0.343" /><testcase classname="tests.test_referral_system.TestReferralNetwork" name="test_get_referral_stats" time="0.040" /><testcase classname="tests.test_referral_system.TestReferralNetwork" name="test_network_unauthorized" time="0.039" /><testcase classname="tests.test_referral_system.TestCommissions" name="test_get_my_commissions" time="0.301" /><testcase classname="tests.test_referral_system.TestCommissions" name="test_get_pending_commissions" time="0.038" /><testcase classname="tests.test_referral_system.TestDiamondLeader" name="test_get_diamond_status" time="0.294" /><testcase classname="tests.test_referral_system.TestDiamondLeader" name="test_check_diamond_qualification" time="0.039" /><testcase classname="tests.test_referral_system.TestWithdrawals" name="test_check_withdrawal_eligibility" time="0.294" /><testcase classname="tests.test_referral_system.TestWithdrawals" name="test_get_withdrawal_history" time="0.034" /><testcase classname="tests.test_referral_system.TestWithdrawals" name="test_get_id_verification_status" time="0.036" /><testcase classname="tests.test_referral_system.TestOrphanQueue" name="test_get_orphan_queue_status" time="0.292" /><testcase classname="tests.test_referral_system.TestAdminEndpoints" name="test_admin_dashboard_requires_admin" time="0.291" /><testcase classname="tests.test_referral_system.TestAdminEndpoints" name="test_admin_pending_withdrawals" time="0.032" /><testcase classname="tests.test_referral_system.TestAdminEndpoints" name="test_admin_analytics" time="0.037" /><testcase classname="tests.test_referral_system.TestHealthAndBasicEndpoints" name="test_health_check" time="0.030" /><testcase classname="tests.test_referral_system.TestHealthAndBasicEndpoints" name="test_root_endpoint" time="0.033" /><testcase classname="tests.test_referral_features.TestUserRegistration" name="test_register_new_user_creates_referral_code" time="0.342" /><testcase classname="tests.test_referral_features.TestUserRegistration" name="test_register_with_referral_code" time="0.627" /><testcase classname="tests.test_referral_features.TestOrphanQueue" name="test_orphan_queue_status_shows_eligibility" time="0.295" /><testcase classname="tests.test_referral_features.TestOrphanQueue" name="test_orphan_queue_join_for_new_user" time="0.297" /><testcase classname="tests.test_referral_features.TestOrphanAssignment" name="test_orphan_assignment_on_registration" time="0.593" /><testcase classname="tests.test_referral_features.TestCommissionRates" name="test_regular_user_commission_rates" time="0.287" /><testcase classname="tests.test_referral_features.TestCommissionRates" name="test_diamond_status_shows_correct_benefits" time="0.075" /><testcase classname="tests.test_referral_features.TestWithdrawalEligibility" name="test_withdrawal_eligibility_requires_id_verification" time="0.290" /><testcase classname="tests.test_referral_features.TestWithdrawalEligibility" name="test_withdrawal_request_without_verification_fails" time="0.090" /></testsuite></testsuites>