<?xml version="1.0" encoding="utf-8"?><testsuites name="pytest tests"><testsuite name="pytest" errors="0" failures="0" skipped="3" tests="10" time="2.885" timestamp="2026-01-22T07:17:23.356855+00:00" hostname="agent-env-fd9ef904-fe3a-44f7-b04e-0ff4734efb6f"><testcase classname="tests.test_minting_photo_display_iteration56.TestMintingPhotoDisplay" name="test_01_minting_config_endpoint" time="0.326" /><testcase classname="tests.test_minting_photo_display_iteration56.TestMintingPhotoDisplay" name="test_02_minting_status_endpoint" time="0.278" /><testcase classname="tests.test_minting_photo_display_iteration56.TestMintingPhotoDisplay" name="test_03_get_user_photos_endpoint" time="0.290" /><testcase classname="tests.test_minting_photo_display_iteration56.TestMintingPhotoDisplay" name="test_04_photo_minting_upload_flow" time="0.270"><skipped type="pytest.skip" message="Cannot mint: Daily limit reached (3 mints). Resets at midnight UTC.">/app/tests/test_minting_photo_display_iteration56.py:110: Cannot mint: Daily limit reached (3 mints). Resets at midnight UTC.</skipped></testcase><testcase classname="tests.test_minting_photo_display_iteration56.TestMintingPhotoDisplay" name="test_05_verify_minted_photo_in_list" time="0.256"><skipped type="pytest.skip" message="No photo minted in previous test">/app/tests/test_minting_photo_display_iteration56.py:176: No photo minted in previous test</skipped></testcase><testcase classname="tests.test_minting_photo_display_iteration56.TestMintingPhotoDisplay" name="test_06_get_single_photo_details" time="0.254"><skipped type="pytest.skip" message="No photo minted in previous test">/app/tests/test_minting_photo_display_iteration56.py:201: No photo minted in previous test</skipped></testcase><testcase classname="tests.test_minting_photo_display_iteration56.TestMintingPhotoDisplay" name="test_07_minting_feed_endpoint" time="0.265" /><testcase classname="tests.test_minting_photo_display_iteration56.TestMintingEdgeCases" name="test_mint_without_file" time="0.300" /><testcase classname="tests.test_minting_photo_display_iteration56.TestMintingEdgeCases" name="test_mint_without_name" time="0.290" /><testcase classname="tests.test_minting_photo_display_iteration56.TestMintingEdgeCases" name="test_mint_unauthenticated" time="0.289" /></testsuite></testsuites>