<?xml version="1.0" encoding="utf-8"?><testsuites name="pytest tests"><testsuite name="pytest" errors="0" failures="0" skipped="0" tests="9" time="5.859" timestamp="2026-02-15T10:41:56.798962+00:00" hostname="agent-env-e83a5e27-6cca-48f7-b57d-4b6c3fce8969"><testcase classname="backend.tests.test_stripe_redirect_endpoints.TestStripeRedirectEndpoints" name="test_subscription_checkout_redirect_bronze" time="1.714" /><testcase classname="backend.tests.test_stripe_redirect_endpoints.TestStripeRedirectEndpoints" name="test_subscription_checkout_redirect_diamond" time="0.661" /><testcase classname="backend.tests.test_stripe_redirect_endpoints.TestStripeRedirectEndpoints" name="test_subscription_checkout_redirect_silver" time="0.696" /><testcase classname="backend.tests.test_stripe_redirect_endpoints.TestStripeRedirectEndpoints" name="test_subscription_checkout_redirect_gold" time="0.717" /><testcase classname="backend.tests.test_stripe_redirect_endpoints.TestStripeRedirectEndpoints" name="test_stripe_connect_onboard_redirect" time="0.589" /><testcase classname="backend.tests.test_stripe_redirect_endpoints.TestStripeRedirectEndpoints" name="test_post_subscription_checkout_backward_compat" time="0.700" /><testcase classname="backend.tests.test_stripe_redirect_endpoints.TestStripeRedirectEndpoints" name="test_post_stripe_connect_onboard_backward_compat" time="0.459" /><testcase classname="backend.tests.test_stripe_redirect_endpoints.TestStripeRedirectEndpoints" name="test_invalid_tier_returns_400" time="0.150" /><testcase classname="backend.tests.test_stripe_redirect_endpoints.TestStripeRedirectEndpoints" name="test_missing_token_returns_401" time="0.108" /></testsuite></testsuites>