<?xml version="1.0" encoding="utf-8"?><testsuites name="pytest tests"><testsuite name="pytest" errors="0" failures="0" skipped="0" tests="35" time="1.071" timestamp="2026-01-29T00:19:03.819724+00:00" hostname="agent-env-19b8676c-8c5d-487e-927b-e4db0b270532"><testcase classname="backend.tests.test_phase4_subscriptions_upgrades.TestSubscriptionTiersEndpoint" name="test_get_subscription_tiers_returns_200" time="0.115" /><testcase classname="backend.tests.test_phase4_subscriptions_upgrades.TestSubscriptionTiersEndpoint" name="test_get_subscription_tiers_has_all_five_tiers" time="0.015" /><testcase classname="backend.tests.test_phase4_subscriptions_upgrades.TestSubscriptionTiersEndpoint" name="test_free_tier_correct_values" time="0.015" /><testcase classname="backend.tests.test_phase4_subscriptions_upgrades.TestSubscriptionTiersEndpoint" name="test_bronze_tier_correct_values" time="0.014" /><testcase classname="backend.tests.test_phase4_subscriptions_upgrades.TestSubscriptionTiersEndpoint" name="test_silver_tier_correct_values" time="0.014" /><testcase classname="backend.tests.test_phase4_subscriptions_upgrades.TestSubscriptionTiersEndpoint" name="test_gold_tier_correct_values" time="0.010" /><testcase classname="backend.tests.test_phase4_subscriptions_upgrades.TestSubscriptionTiersEndpoint" name="test_platinum_tier_correct_values" time="0.012" /><testcase classname="backend.tests.test_phase4_subscriptions_upgrades.TestSubscriptionTiersEndpoint" name="test_tiers_have_stripe_price_ids" time="0.011" /><testcase classname="backend.tests.test_phase4_subscriptions_upgrades.TestUpgradePricesEndpoint" name="test_get_upgrade_prices_returns_200" time="0.010" /><testcase classname="backend.tests.test_phase4_subscriptions_upgrades.TestUpgradePricesEndpoint" name="test_get_upgrade_prices_has_10_options" time="0.015" /><testcase classname="backend.tests.test_phase4_subscriptions_upgrades.TestUpgradePricesEndpoint" name="test_upgrade_prices_correct_amounts" time="0.010" /><testcase classname="backend.tests.test_phase4_subscriptions_upgrades.TestUpgradePricesEndpoint" name="test_upgrade_costs_1_to_1_ratio" time="0.009" /><testcase classname="backend.tests.test_phase4_subscriptions_upgrades.TestUpgradePricesEndpoint" name="test_upgrade_has_formatted_values" time="0.010" /><testcase classname="backend.tests.test_phase4_subscriptions_upgrades.TestSubscriptionInfoEndpoint" name="test_get_subscription_info_returns_200" time="0.304" /><testcase classname="backend.tests.test_phase4_subscriptions_upgrades.TestSubscriptionInfoEndpoint" name="test_get_subscription_info_has_current_tier" time="0.015" /><testcase classname="backend.tests.test_phase4_subscriptions_upgrades.TestSubscriptionInfoEndpoint" name="test_get_subscription_info_has_benefits" time="0.016" /><testcase classname="backend.tests.test_phase4_subscriptions_upgrades.TestSubscriptionInfoEndpoint" name="test_get_subscription_info_has_all_tiers" time="0.010" /><testcase classname="backend.tests.test_phase4_subscriptions_upgrades.TestSubscriptionInfoEndpoint" name="test_get_subscription_info_has_can_claim_flag" time="0.010" /><testcase classname="backend.tests.test_phase4_subscriptions_upgrades.TestSubscriptionInfoEndpoint" name="test_get_subscription_info_requires_auth" time="0.012" /><testcase classname="backend.tests.test_phase4_subscriptions_upgrades.TestDailyBLClaimEndpoint" name="test_claim_daily_bl_requires_auth" time="0.009" /><testcase classname="backend.tests.test_phase4_subscriptions_upgrades.TestDailyBLClaimEndpoint" name="test_claim_daily_bl_fails_for_free_tier" time="0.051" /><testcase classname="backend.tests.test_phase4_subscriptions_upgrades.TestPhotoUpgradeEndpoint" name="test_upgrade_requires_auth" time="0.011" /><testcase classname="backend.tests.test_phase4_subscriptions_upgrades.TestPhotoUpgradeEndpoint" name="test_upgrade_returns_404_for_nonexistent_photo" time="0.011" /><testcase classname="backend.tests.test_phase4_subscriptions_upgrades.TestPhotoUpgradeEndpoint" name="test_upgrade_returns_400_for_invalid_amount" time="0.015" /><testcase classname="backend.tests.test_phase4_subscriptions_upgrades.TestMySubscriptionEndpoint" name="test_my_subscription_requires_auth" time="0.014" /><testcase classname="backend.tests.test_phase4_subscriptions_upgrades.TestMySubscriptionEndpoint" name="test_my_subscription_returns_200" time="0.011" /><testcase classname="backend.tests.test_phase4_subscriptions_upgrades.TestMySubscriptionEndpoint" name="test_my_subscription_has_tier" time="0.055" /><testcase classname="backend.tests.test_phase4_subscriptions_upgrades.TestMySubscriptionEndpoint" name="test_my_subscription_has_tier_details" time="0.052" /><testcase classname="backend.tests.test_phase4_subscriptions_upgrades.TestRankedLeaderboard" name="test_leaderboard_returns_200" time="0.012" /><testcase classname="backend.tests.test_phase4_subscriptions_upgrades.TestRankedLeaderboard" name="test_leaderboard_returns_list" time="0.011" /><testcase classname="backend.tests.test_phase4_subscriptions_upgrades.TestRankedProfile" name="test_ranked_profile_requires_auth" time="0.011" /><testcase classname="backend.tests.test_phase4_subscriptions_upgrades.TestRankedProfile" name="test_ranked_profile_returns_200" time="0.011" /><testcase classname="backend.tests.test_phase4_subscriptions_upgrades.TestRankedProfile" name="test_ranked_profile_has_rating" time="0.011" /><testcase classname="backend.tests.test_phase4_subscriptions_upgrades.TestAvailableUpgradesEndpoint" name="test_available_upgrades_requires_auth" time="0.014" /><testcase classname="backend.tests.test_phase4_subscriptions_upgrades.TestAvailableUpgradesEndpoint" name="test_available_upgrades_returns_404_for_nonexistent" time="0.051" /></testsuite></testsuites>