<?xml version="1.0" encoding="utf-8"?><testsuites name="pytest tests"><testsuite name="pytest" errors="0" failures="0" skipped="7" tests="12" time="40.969" timestamp="2026-02-14T01:59:04.719895+00:00" hostname="agent-env-b9da0134-5ce4-4a1c-b53c-b7720207ff87"><testcase classname="backend.tests.test_topup_coins.TestBLCoinsPurchaseFeature" name="test_health_endpoint" time="39.251" /><testcase classname="backend.tests.test_topup_coins.TestBLCoinsPurchaseFeature" name="test_listing_fee_endpoint" time="0.280" /><testcase classname="backend.tests.test_topup_coins.TestBLCoinsPurchaseFeature" name="test_bl_coins_checkout_requires_auth" time="0.145" /><testcase classname="backend.tests.test_topup_coins.TestBLCoinsPurchaseFeature" name="test_bl_coins_checkout_with_auth" time="0.109"><skipped type="pytest.skip" message="Could not login test user - skipping authenticated test">/app/backend/tests/test_topup_coins.py:73: Could not login test user - skipping authenticated test</skipped></testcase><testcase classname="backend.tests.test_topup_coins.TestBLCoinsPurchaseFeature" name="test_bl_coins_checkout_all_tiers" time="0.115"><skipped type="pytest.skip" message="Could not login test user">/app/backend/tests/test_topup_coins.py:98: Could not login test user</skipped></testcase><testcase classname="backend.tests.test_topup_coins.TestBLCoinsPurchaseFeature" name="test_bl_coins_checkout_invalid_tier" time="0.141"><skipped type="pytest.skip" message="Could not login test user">/app/backend/tests/test_topup_coins.py:124: Could not login test user</skipped></testcase><testcase classname="backend.tests.test_topup_coins.TestBLCoinsPurchaseFeature" name="test_bl_coins_checkout_price_mismatch" time="0.178"><skipped type="pytest.skip" message="Could not login test user">/app/backend/tests/test_topup_coins.py:140: Could not login test user</skipped></testcase><testcase classname="backend.tests.test_topup_coins.TestBLCoinsPurchaseFeature" name="test_bl_coins_status_invalid_session" time="0.119"><skipped type="pytest.skip" message="Could not login test user">/app/backend/tests/test_topup_coins.py:157: Could not login test user</skipped></testcase><testcase classname="backend.tests.test_topup_coins.TestInsufficientBalanceTrigger" name="test_create_listing_checks_balance" time="0.115"><skipped type="pytest.skip" message="Could not login test user">/app/backend/tests/test_topup_coins.py:198: Could not login test user</skipped></testcase><testcase classname="backend.tests.test_topup_coins.TestBLCoinsEndpointsIntegration" name="test_stripe_checkout_endpoint_exists" time="0.129" /><testcase classname="backend.tests.test_topup_coins.TestBLCoinsEndpointsIntegration" name="test_stripe_status_endpoint_exists" time="0.207" /><testcase classname="backend.tests.test_topup_coins.TestBLCoinsEndpointsIntegration" name="test_wallet_balance_endpoint" time="0.118"><skipped type="pytest.skip" message="Could not login test user">/app/backend/tests/test_topup_coins.py:254: Could not login test user</skipped></testcase></testsuite></testsuites>