<?xml version="1.0" encoding="utf-8"?><testsuites name="pytest tests"><testsuite name="pytest" errors="0" failures="0" skipped="0" tests="11" time="61.647" timestamp="2026-02-10T16:55:53.425291+00:00" hostname="agent-env-5939bbc8-8286-4ae0-a0a3-5e30f8abda71"><testcase classname="backend.tests.test_bug_fixes_iteration135.TestPublicPageSlugLookup" name="test_public_page_exact_slug" time="7.534" /><testcase classname="backend.tests.test_bug_fixes_iteration135.TestPublicPageSlugLookup" name="test_public_page_uppercase_slug" time="6.999" /><testcase classname="backend.tests.test_bug_fixes_iteration135.TestPublicPageSlugLookup" name="test_public_page_mixed_case_slug" time="8.591" /><testcase classname="backend.tests.test_bug_fixes_iteration135.TestPublicPageSlugLookup" name="test_nonexistent_page_returns_404" time="5.976" /><testcase classname="backend.tests.test_bug_fixes_iteration135.TestImageUploadEndpoint" name="test_image_upload_requires_auth" time="0.067" /><testcase classname="backend.tests.test_bug_fixes_iteration135.TestImageUploadEndpoint" name="test_image_upload_with_auth" time="0.292" /><testcase classname="backend.tests.test_bug_fixes_iteration135.TestImageUploadEndpoint" name="test_image_upload_rejects_invalid_type" time="0.038" /><testcase classname="backend.tests.test_bug_fixes_iteration135.TestPOSRefundEndpoint" name="test_refund_endpoint_exists" time="31.875" /><testcase classname="backend.tests.test_bug_fixes_iteration135.TestPOSRefundEndpoint" name="test_refund_validates_order_id" time="0.016" /><testcase classname="backend.tests.test_bug_fixes_iteration135.TestPlatformFeeDisplay" name="test_guest_order_includes_platform_fee" time="0.108" /><testcase classname="backend.tests.test_bug_fixes_iteration135.TestCreateListingButtonLink" name="test_seller_dashboard_accessible" time="0.084" /></testsuite></testsuites>