<?xml version="1.0" encoding="utf-8"?><testsuites name="pytest tests"><testsuite name="pytest" errors="0" failures="0" skipped="0" tests="16" time="6.646" timestamp="2026-01-28T06:16:24.863194+00:00" hostname="agent-env-ad020409-bb6e-4a9c-8692-7c78369def79"><testcase classname="backend.tests.test_medals.TestMedalSystem" name="test_record_round_result_endpoint_exists" time="0.328" /><testcase classname="backend.tests.test_medals.TestMedalSystem" name="test_photo_medals_endpoint_exists" time="0.316" /><testcase classname="backend.tests.test_medals.TestMedalSystem" name="test_battle_photos_includes_medals" time="0.268" /><testcase classname="backend.tests.test_medals.TestMedalSystem" name="test_win_increments_streak" time="0.358" /><testcase classname="backend.tests.test_medals.TestMedalSystem" name="test_loss_resets_streak_to_zero" time="0.350" /><testcase classname="backend.tests.test_medals.TestMedalSystem" name="test_medal_earned_at_10_wins" time="0.639" /><testcase classname="backend.tests.test_medals.TestMedalSystem" name="test_medals_permanent_after_loss" time="0.342" /><testcase classname="backend.tests.test_medals.TestMedalSystem" name="test_multiple_medals_can_be_earned" time="1.145" /><testcase classname="backend.tests.test_medals.TestMedalSystem" name="test_photo_stamina_includes_medals" time="0.276" /><testcase classname="backend.tests.test_medals.TestMedalSystem" name="test_next_medal_at_calculation" time="0.312" /><testcase classname="backend.tests.test_medals.TestMedalSystem" name="test_record_result_invalid_photo" time="0.269" /><testcase classname="backend.tests.test_medals.TestMedalSystem" name="test_record_result_not_owned_photo" time="0.313" /><testcase classname="backend.tests.test_medals.TestMedalSystem" name="test_photo_medals_invalid_photo" time="0.358" /><testcase classname="backend.tests.test_medals.TestMedalSystem" name="test_golden_hour_has_medal" time="0.292" /><testcase classname="backend.tests.test_medals.TestMedalSystem" name="test_golden_hour_medal_in_battle_photos" time="0.279" /><testcase classname="backend.tests.test_medals.TestMedalFullFlow" name="test_full_medal_flow" time="0.709" /></testsuite></testsuites>