<?xml version="1.0" encoding="utf-8"?><testsuites name="pytest tests"><testsuite name="pytest" errors="0" failures="0" skipped="0" tests="24" time="1.476" timestamp="2026-01-09T22:00:45.697306+00:00" hostname="agent-env-588a4406-bbdc-4378-a810-41a32800dbe2"><testcase classname="tests.test_seller_watermark_iteration10.TestSellerDashboard" name="test_seller_stats_requires_auth" time="0.073" /><testcase classname="tests.test_seller_watermark_iteration10.TestSellerDashboard" name="test_seller_stats_returns_data" time="0.308" /><testcase classname="tests.test_seller_watermark_iteration10.TestSellerDashboard" name="test_seller_listings_endpoint" time="0.045" /><testcase classname="tests.test_seller_watermark_iteration10.TestSellerDashboard" name="test_seller_performance_endpoint" time="0.041" /><testcase classname="tests.test_seller_watermark_iteration10.TestImageWatermarking" name="test_watermark_requires_auth" time="0.044" /><testcase classname="tests.test_seller_watermark_iteration10.TestImageWatermarking" name="test_watermark_apply_to_image_success" time="0.039" /><testcase classname="tests.test_seller_watermark_iteration10.TestImageWatermarking" name="test_watermark_with_center_position" time="0.046" /><testcase classname="tests.test_seller_watermark_iteration10.TestImageWatermarking" name="test_watermark_with_data_url_prefix" time="0.044" /><testcase classname="tests.test_seller_watermark_iteration10.TestAIImageGeneration" name="test_ai_estimate_cost_requires_auth" time="0.036" /><testcase classname="tests.test_seller_watermark_iteration10.TestAIImageGeneration" name="test_ai_estimate_cost_for_image" time="0.045" /><testcase classname="tests.test_seller_watermark_iteration10.TestAIImageGeneration" name="test_ai_estimate_cost_for_video" time="0.041" /><testcase classname="tests.test_seller_watermark_iteration10.TestFileUpload" name="test_upload_requires_auth" time="0.034" /><testcase classname="tests.test_seller_watermark_iteration10.TestFileUpload" name="test_upload_image_success" time="0.039" /><testcase classname="tests.test_seller_watermark_iteration10.TestFileUpload" name="test_upload_rejects_unsupported_type" time="0.037" /><testcase classname="tests.test_seller_watermark_iteration10.TestGuestMarketplace" name="test_marketplace_listings_no_auth" time="0.038" /><testcase classname="tests.test_seller_watermark_iteration10.TestGuestMarketplace" name="test_marketplace_categories_no_auth" time="0.035" /><testcase classname="tests.test_seller_watermark_iteration10.TestGuestMarketplace" name="test_marketplace_search" time="0.036" /><testcase classname="tests.test_seller_watermark_iteration10.TestGuestMarketplace" name="test_marketplace_category_filter" time="0.041" /><testcase classname="tests.test_seller_watermark_iteration10.TestWatermarkTemplates" name="test_create_watermark_template" time="0.058" /><testcase classname="tests.test_seller_watermark_iteration10.TestWatermarkTemplates" name="test_get_watermark_templates" time="0.040" /><testcase classname="tests.test_seller_watermark_iteration10.TestAISellerTools" name="test_ai_analyze_listing_requires_auth" time="0.035" /><testcase classname="tests.test_seller_watermark_iteration10.TestAISellerTools" name="test_ai_price_suggestions_requires_auth" time="0.036" /><testcase classname="tests.test_seller_watermark_iteration10.TestAISellerTools" name="test_ai_shipping_estimate_requires_auth" time="0.041" /><testcase classname="tests.test_seller_watermark_iteration10.TestAISellerTools" name="test_ai_shipping_estimate_success" time="0.038" /></testsuite></testsuites>