<?xml version="1.0" encoding="utf-8"?><testsuites name="pytest tests"><testsuite name="pytest" errors="0" failures="3" skipped="1" tests="11" time="3.151" timestamp="2026-02-10T16:55:00.411576+00:00" hostname="agent-env-5939bbc8-8286-4ae0-a0a3-5e30f8abda71"><testcase classname="backend.tests.test_bug_fixes_iteration135.TestPublicPageSlugLookup" name="test_public_page_exact_slug" time="0.083"><failure message="AssertionError: Expected 200, got 404: {&quot;detail&quot;:&quot;Not Found&quot;}&#10;assert 404 == 200&#10; +  where 404 = &lt;Response [404]&gt;.status_code">backend/tests/test_bug_fixes_iteration135.py:54: in test_public_page_exact_slug
    assert response.status_code == 200, f"Expected 200, got {response.status_code}: {response.text}"
E   AssertionError: Expected 200, got 404: {"detail":"Not Found"}
E   assert 404 == 200
E    +  where 404 = &lt;Response [404]&gt;.status_code</failure></testcase><testcase classname="backend.tests.test_bug_fixes_iteration135.TestPublicPageSlugLookup" name="test_public_page_uppercase_slug" time="0.014"><failure message="AssertionError: Expected 200 for uppercase slug, got 404: {&quot;detail&quot;:&quot;Not Found&quot;}&#10;assert 404 == 200&#10; +  where 404 = &lt;Response [404]&gt;.status_code">backend/tests/test_bug_fixes_iteration135.py:64: in test_public_page_uppercase_slug
    assert response.status_code == 200, f"Expected 200 for uppercase slug, got {response.status_code}: {response.text}"
E   AssertionError: Expected 200 for uppercase slug, got 404: {"detail":"Not Found"}
E   assert 404 == 200
E    +  where 404 = &lt;Response [404]&gt;.status_code</failure></testcase><testcase classname="backend.tests.test_bug_fixes_iteration135.TestPublicPageSlugLookup" name="test_public_page_mixed_case_slug" time="1.038"><failure message="AssertionError: Expected 200 for mixed case slug, got 404: {&quot;detail&quot;:&quot;Not Found&quot;}&#10;assert 404 == 200&#10; +  where 404 = &lt;Response [404]&gt;.status_code">backend/tests/test_bug_fixes_iteration135.py:74: in test_public_page_mixed_case_slug
    assert response.status_code == 200, f"Expected 200 for mixed case slug, got {response.status_code}: {response.text}"
E   AssertionError: Expected 200 for mixed case slug, got 404: {"detail":"Not Found"}
E   assert 404 == 200
E    +  where 404 = &lt;Response [404]&gt;.status_code</failure></testcase><testcase classname="backend.tests.test_bug_fixes_iteration135.TestPublicPageSlugLookup" name="test_nonexistent_page_returns_404" time="1.069" /><testcase classname="backend.tests.test_bug_fixes_iteration135.TestImageUploadEndpoint" name="test_image_upload_requires_auth" time="0.038" /><testcase classname="backend.tests.test_bug_fixes_iteration135.TestImageUploadEndpoint" name="test_image_upload_with_auth" time="0.478" /><testcase classname="backend.tests.test_bug_fixes_iteration135.TestImageUploadEndpoint" name="test_image_upload_rejects_invalid_type" time="0.049" /><testcase classname="backend.tests.test_bug_fixes_iteration135.TestPOSRefundEndpoint" name="test_refund_endpoint_exists" time="0.174" /><testcase classname="backend.tests.test_bug_fixes_iteration135.TestPOSRefundEndpoint" name="test_refund_validates_order_id" time="0.016" /><testcase classname="backend.tests.test_bug_fixes_iteration135.TestPlatformFeeDisplay" name="test_guest_order_includes_platform_fee" time="0.014"><skipped type="pytest.skip" message="Test page not available">/app/backend/tests/test_bug_fixes_iteration135.py:213: Test page not available</skipped></testcase><testcase classname="backend.tests.test_bug_fixes_iteration135.TestCreateListingButtonLink" name="test_seller_dashboard_accessible" time="0.087" /></testsuite></testsuites>