<?xml version="1.0" encoding="utf-8"?><testsuites name="pytest tests"><testsuite name="pytest" errors="0" failures="2" skipped="0" tests="17" time="3.304" timestamp="2026-02-14T21:04:56.047661+00:00" hostname="agent-env-5f253046-fae6-46bb-a01e-675f9819a9f7"><testcase classname="backend.tests.test_blendlink_fixes_iter158.TestHealthCheck" name="test_api_health" time="0.189" /><testcase classname="backend.tests.test_blendlink_fixes_iter158.TestUserAuthentication" name="test_user_login_success" time="0.380" /><testcase classname="backend.tests.test_blendlink_fixes_iter158.TestSubscriptionTiers" name="test_get_subscription_tiers" time="0.070"><failure message="AttributeError: 'str' object has no attribute 'get'">backend/tests/test_blendlink_fixes_iter158.py:78: in test_get_subscription_tiers
    tier_ids = [t.get("tier") or t.get("id") for t in tiers]
               ^^^^^^^^^^^^^^^^^^^^^^^^^^^^^^^^^^^^^^^^^^^^^
backend/tests/test_blendlink_fixes_iter158.py:78: in &lt;listcomp&gt;
    tier_ids = [t.get("tier") or t.get("id") for t in tiers]
                ^^^^^
E   AttributeError: 'str' object has no attribute 'get'</failure></testcase><testcase classname="backend.tests.test_blendlink_fixes_iter158.TestSubscriptionCheckout" name="test_subscription_checkout_bronze" time="0.738" /><testcase classname="backend.tests.test_blendlink_fixes_iter158.TestWalletEndpoints" name="test_wallet_balance" time="0.066" /><testcase classname="backend.tests.test_blendlink_fixes_iter158.TestWalletEndpoints" name="test_wallet_transactions" time="0.066" /><testcase classname="backend.tests.test_blendlink_fixes_iter158.TestWalletEndpoints" name="test_stripe_connect_status" time="0.071" /><testcase classname="backend.tests.test_blendlink_fixes_iter158.TestWalletEndpoints" name="test_stripe_connect_onboard" time="0.237"><failure message="AssertionError: Unexpected: 520&#10;assert 520 in [200, 400, 500, 503]&#10; +  where 520 = &lt;Response [520]&gt;.status_code">backend/tests/test_blendlink_fixes_iter158.py:202: in test_stripe_connect_onboard
    assert response.status_code in [200, 400, 500, 503], f"Unexpected: {response.status_code}"
E   AssertionError: Unexpected: 520
E   assert 520 in [200, 400, 500, 503]
E    +  where 520 = &lt;Response [520]&gt;.status_code</failure></testcase><testcase classname="backend.tests.test_blendlink_fixes_iter158.TestBLCoinsEndpoints" name="test_bl_coins_checkout" time="0.375" /><testcase classname="backend.tests.test_blendlink_fixes_iter158.TestAdminAuthentication" name="test_admin_login" time="0.405" /><testcase classname="backend.tests.test_blendlink_fixes_iter158.TestAdminDashboard" name="test_admin_dashboard_endpoint_exists" time="0.087" /><testcase classname="backend.tests.test_blendlink_fixes_iter158.TestAdminDashboard" name="test_admin_custom_benefits_endpoint" time="0.067" /><testcase classname="backend.tests.test_blendlink_fixes_iter158.TestAdminDashboard" name="test_admin_users_endpoint" time="0.065" /><testcase classname="backend.tests.test_blendlink_fixes_iter158.TestReferralEndpoints" name="test_daily_claim_status" time="0.085" /><testcase classname="backend.tests.test_blendlink_fixes_iter158.TestReferralEndpoints" name="test_commission_history" time="0.094" /><testcase classname="backend.tests.test_blendlink_fixes_iter158.TestSubscriptionEndpoints" name="test_my_subscription" time="0.082" /><testcase classname="backend.tests.test_blendlink_fixes_iter158.TestSubscriptionEndpoints" name="test_current_subscription" time="0.139" /></testsuite></testsuites>