<?xml version="1.0" encoding="utf-8"?><testsuites name="pytest tests"><testsuite name="pytest" errors="0" failures="0" skipped="2" tests="13" time="7.135" timestamp="2026-01-11T15:52:02.254970+00:00" hostname="agent-env-e9b611ca-2bbf-4934-a313-c97c87db6f17"><testcase classname="tests.test_admin_otp_auth_iteration20.TestAdminOTPAuthStep1" name="test_step1_valid_credentials" time="2.543" /><testcase classname="tests.test_admin_otp_auth_iteration20.TestAdminOTPAuthStep1" name="test_step1_invalid_email" time="0.040" /><testcase classname="tests.test_admin_otp_auth_iteration20.TestAdminOTPAuthStep1" name="test_step1_invalid_password" time="0.034" /><testcase classname="tests.test_admin_otp_auth_iteration20.TestAdminOTPAuthStep1" name="test_step1_non_admin_user" time="0.043" /><testcase classname="tests.test_admin_otp_auth_iteration20.TestAdminOTPAuthStep1" name="test_step1_missing_fields" time="0.036" /><testcase classname="tests.test_admin_otp_auth_iteration20.TestAdminOTPAuthStep2" name="test_step2_invalid_session_token" time="0.039" /><testcase classname="tests.test_admin_otp_auth_iteration20.TestAdminOTPAuthStep2" name="test_step2_missing_fields" time="0.037" /><testcase classname="tests.test_admin_otp_auth_iteration20.TestAdminOTPResend" name="test_resend_invalid_session" time="0.036" /><testcase classname="tests.test_admin_otp_auth_iteration20.TestAdminSessionCheck" name="test_check_session_no_token" time="0.037" /><testcase classname="tests.test_admin_otp_auth_iteration20.TestAdminSessionCheck" name="test_check_session_invalid_token" time="0.035" /><testcase classname="tests.test_admin_otp_auth_iteration20.TestAdminAuthResponseStructure" name="test_step1_response_structure" time="2.037"><skipped type="pytest.skip" message="Rate limited">/app/tests/test_admin_otp_auth_iteration20.py:179: Rate limited</skipped></testcase><testcase classname="tests.test_admin_otp_auth_iteration20.TestRateLimiting" name="test_rate_limit_message_format" time="0.080" /><testcase classname="tests.test_admin_otp_auth_iteration20.TestAdminAuthIntegration" name="test_full_flow_step1_to_step2_invalid_otp" time="2.070"><skipped type="pytest.skip" message="Rate limited">/app/tests/test_admin_otp_auth_iteration20.py:237: Rate limited</skipped></testcase></testsuite></testsuites>