<?xml version="1.0" encoding="utf-8"?><testsuites name="pytest tests"><testsuite name="pytest" errors="0" failures="0" skipped="0" tests="17" time="102.943" timestamp="2026-02-15T12:32:19.880162+00:00" hostname="agent-env-e83a5e27-6cca-48f7-b57d-4b6c3fce8969"><testcase classname="tests.test_stripe_subscription_verify.TestSubscriptionEndpoints" name="test_get_subscription_tiers" time="60.087" /><testcase classname="tests.test_stripe_subscription_verify.TestSubscriptionEndpoints" name="test_checkout_redirect_bronze" time="32.454" /><testcase classname="tests.test_stripe_subscription_verify.TestSubscriptionEndpoints" name="test_checkout_redirect_silver" time="1.159" /><testcase classname="tests.test_stripe_subscription_verify.TestSubscriptionEndpoints" name="test_checkout_redirect_gold" time="1.148" /><testcase classname="tests.test_stripe_subscription_verify.TestSubscriptionEndpoints" name="test_checkout_redirect_diamond" time="1.133" /><testcase classname="tests.test_stripe_subscription_verify.TestSubscriptionEndpoints" name="test_checkout_redirect_invalid_tier" time="0.459" /><testcase classname="tests.test_stripe_subscription_verify.TestSubscriptionEndpoints" name="test_verify_latest_endpoint" time="0.619" /><testcase classname="tests.test_stripe_subscription_verify.TestSubscriptionEndpoints" name="test_verify_session_invalid" time="0.526" /><testcase classname="tests.test_stripe_subscription_verify.TestSubscriptionEndpoints" name="test_my_subscription" time="0.460" /><testcase classname="tests.test_stripe_subscription_verify.TestStripeConnectEndpoints" name="test_connect_onboard_redirect" time="1.186" /><testcase classname="tests.test_stripe_subscription_verify.TestStripeConnectEndpoints" name="test_connect_status" time="0.868" /><testcase classname="tests.test_stripe_subscription_verify.TestStripeConnectEndpoints" name="test_connect_onboard_post" time="1.170" /><testcase classname="tests.test_stripe_subscription_verify.TestBackwardCompatibility" name="test_subscription_checkout_post" time="1.124" /><testcase classname="tests.test_stripe_subscription_verify.TestErrorHandling" name="test_checkout_redirect_missing_token" time="0.102" /><testcase classname="tests.test_stripe_subscription_verify.TestErrorHandling" name="test_checkout_redirect_invalid_token" time="0.100" /><testcase classname="tests.test_stripe_subscription_verify.TestErrorHandling" name="test_verify_latest_no_auth" time="0.157" /><testcase classname="tests.test_stripe_subscription_verify.TestErrorHandling" name="test_verify_session_no_auth" time="0.118" /></testsuite></testsuites>