<?xml version="1.0" encoding="utf-8"?><testsuites name="pytest tests"><testsuite name="pytest" errors="0" failures="0" skipped="0" tests="8" time="2.772" timestamp="2026-01-29T21:08:51.130418+00:00" hostname="agent-env-089bf061-4630-454d-8212-fd1def79db54"><testcase classname="backend.tests.test_bot_battle_tracking.TestBotBattleTracking" name="test_get_bot_battle_stats" time="0.366" /><testcase classname="backend.tests.test_bot_battle_tracking.TestBotBattleTracking" name="test_start_bot_battle" time="0.376" /><testcase classname="backend.tests.test_bot_battle_tracking.TestBotBattleTracking" name="test_record_bot_battle_result_win" time="0.308" /><testcase classname="backend.tests.test_bot_battle_tracking.TestBotBattleTracking" name="test_record_bot_battle_result_loss" time="0.304" /><testcase classname="backend.tests.test_bot_battle_tracking.TestRoundResultRecording" name="test_record_round_win" time="0.342" /><testcase classname="backend.tests.test_bot_battle_tracking.TestRoundResultRecording" name="test_record_round_loss" time="0.358" /><testcase classname="backend.tests.test_bot_battle_tracking.TestRoundResultRecording" name="test_xp_multiplier_with_subscription" time="0.348" /><testcase classname="backend.tests.test_bot_battle_tracking.TestBattlePhotos" name="test_get_battle_photos" time="0.319" /></testsuite></testsuites>