<?xml version="1.0" encoding="utf-8"?><testsuites name="pytest tests"><testsuite name="pytest" errors="0" failures="0" skipped="0" tests="17" time="3.822" timestamp="2026-01-19T07:12:51.458122+00:00" hostname="agent-env-b3cf2798-b4ab-4200-a31c-8cb158b0d779"><testcase classname="tests.test_minting_fix_iteration36.TestMintingConfig" name="test_minting_config_returns_correct_structure" time="0.073" /><testcase classname="tests.test_minting_fix_iteration36.TestMintingConfig" name="test_scenery_types_have_strength_weakness" time="0.043" /><testcase classname="tests.test_minting_fix_iteration36.TestMintingStatus" name="test_minting_status_requires_auth" time="0.037" /><testcase classname="tests.test_minting_fix_iteration36.TestMintingStatus" name="test_minting_status_returns_correct_fields" time="0.307" /><testcase classname="tests.test_minting_fix_iteration36.TestMintingStatus" name="test_test_user_daily_limit_reached" time="0.302" /><testcase classname="tests.test_minting_fix_iteration36.TestPhotoMinting" name="test_minting_upload_requires_auth" time="0.076" /><testcase classname="tests.test_minting_fix_iteration36.TestPhotoMinting" name="test_minting_upload_requires_file" time="0.304" /><testcase classname="tests.test_minting_fix_iteration36.TestPhotoMinting" name="test_minting_upload_requires_name" time="0.637" /><testcase classname="tests.test_minting_fix_iteration36.TestUserPhotos" name="test_get_my_photos_requires_auth" time="0.037" /><testcase classname="tests.test_minting_fix_iteration36.TestUserPhotos" name="test_get_my_photos_returns_list" time="0.299" /><testcase classname="tests.test_minting_fix_iteration36.TestUserPhotos" name="test_minted_photos_have_ai_analysis_fields" time="0.301" /><testcase classname="tests.test_minting_fix_iteration36.TestUserPhotos" name="test_minted_photos_have_strength_weakness" time="0.299" /><testcase classname="tests.test_minting_fix_iteration36.TestPhotoFeed" name="test_feed_returns_public_photos" time="0.042" /><testcase classname="tests.test_minting_fix_iteration36.TestPhotoDetails" name="test_get_photo_by_id" time="0.338" /><testcase classname="tests.test_minting_fix_iteration36.TestPhotoDetails" name="test_get_nonexistent_photo_returns_404" time="0.037" /><testcase classname="tests.test_minting_fix_iteration36.TestDollarValueCalculation" name="test_dollar_value_in_valid_range" time="0.297" /><testcase classname="tests.test_minting_fix_iteration36.TestDollarValueCalculation" name="test_higher_ratings_give_higher_value" time="0.303" /></testsuite></testsuites>