<?xml version="1.0" encoding="utf-8"?><testsuites name="pytest tests"><testsuite name="pytest" errors="0" failures="0" skipped="0" tests="15" time="9.402" timestamp="2026-02-10T07:00:29.664545+00:00" hostname="agent-env-5939bbc8-8286-4ae0-a0a3-5e30f8abda71"><testcase classname="backend.tests.test_member_pages_new_features.TestSupportedCurrencies" name="test_get_supported_currencies" time="0.888" /><testcase classname="backend.tests.test_member_pages_new_features.TestCurrencyUpdate" name="test_update_currency_php" time="1.083" /><testcase classname="backend.tests.test_member_pages_new_features.TestCurrencyUpdate" name="test_update_currency_eur" time="0.748" /><testcase classname="backend.tests.test_member_pages_new_features.TestCurrencyUpdate" name="test_invalid_currency_code" time="0.885" /><testcase classname="backend.tests.test_member_pages_new_features.TestPlatformFees" name="test_get_platform_fees" time="0.454" /><testcase classname="backend.tests.test_member_pages_new_features.TestTeamMembers" name="test_get_team_members_empty" time="0.517" /><testcase classname="backend.tests.test_member_pages_new_features.TestTeamMembers" name="test_add_team_member_invalid_email" time="0.455" /><testcase classname="backend.tests.test_member_pages_new_features.TestTeamMembers" name="test_add_self_as_team_member_fails" time="0.568" /><testcase classname="backend.tests.test_member_pages_new_features.TestAuthorizationCheck" name="test_owner_authorization" time="0.439" /><testcase classname="backend.tests.test_member_pages_new_features.TestPOSTransactionWithFee" name="test_pos_cash_transaction_fee_accumulation" time="0.471" /><testcase classname="backend.tests.test_member_pages_new_features.TestPOSTransactionWithFee" name="test_pos_card_transaction_fee_auto_deducted" time="0.535" /><testcase classname="backend.tests.test_member_pages_new_features.TestPublicPageView" name="test_public_page_includes_owner_referral_code" time="0.539" /><testcase classname="backend.tests.test_member_pages_new_features.TestPageCreationWithContactInfo" name="test_page_has_contact_fields" time="0.441" /><testcase classname="backend.tests.test_member_pages_new_features.TestPageCreationWithContactInfo" name="test_update_page_contact_info" time="0.435" /><testcase classname="backend.tests.test_member_pages_new_features.TestFeeHistoryVerification" name="test_fee_history_after_transaction" time="0.886" /></testsuite></testsuites>