<?xml version="1.0" encoding="utf-8"?><testsuites name="pytest tests"><testsuite name="pytest" errors="0" failures="0" skipped="6" tests="24" time="2.723" timestamp="2026-01-28T23:58:32.637251+00:00" hostname="agent-env-19b8676c-8c5d-487e-927b-e4db0b270532"><testcase classname="backend.tests.test_xp_level_system.TestXPLevelInfoEndpoint" name="test_xp_level_info_returns_200" time="0.087" /><testcase classname="backend.tests.test_xp_level_system.TestXPLevelInfoEndpoint" name="test_xp_per_round_is_one" time="0.050" /><testcase classname="backend.tests.test_xp_level_system.TestXPLevelInfoEndpoint" name="test_subscription_xp_multipliers_correct" time="0.042" /><testcase classname="backend.tests.test_xp_level_system.TestXPLevelInfoEndpoint" name="test_level_thresholds_follow_50_percent_formula" time="0.039" /><testcase classname="backend.tests.test_xp_level_system.TestXPLevelInfoEndpoint" name="test_streak_multipliers_correct" time="0.038" /><testcase classname="backend.tests.test_xp_level_system.TestXPLevelInfoEndpoint" name="test_lose_streak_immunity_threshold_is_3" time="0.044" /><testcase classname="backend.tests.test_xp_level_system.TestXPLevelInfoEndpoint" name="test_stamina_info_correct" time="0.042" /><testcase classname="backend.tests.test_xp_level_system.TestXPLevelInfoEndpoint" name="test_level_bonuses_correct" time="0.038" /><testcase classname="backend.tests.test_xp_level_system.TestRecordRoundResultEndpoint" name="test_record_round_result_requires_auth" time="0.045" /><testcase classname="backend.tests.test_xp_level_system.TestRecordRoundResultEndpoint" name="test_record_round_result_returns_xp_gained" time="0.358"><skipped type="pytest.skip" message="No minted photos available for testing record-round-result">/app/backend/tests/test_xp_level_system.py:215: No minted photos available for testing record-round-result</skipped></testcase><testcase classname="backend.tests.test_xp_level_system.TestRecordRoundResultEndpoint" name="test_record_round_result_returns_stamina_info" time="0.298"><skipped type="pytest.skip" message="No minted photos available for testing record-round-result">/app/backend/tests/test_xp_level_system.py:245: No minted photos available for testing record-round-result</skipped></testcase><testcase classname="backend.tests.test_xp_level_system.TestRecordRoundResultEndpoint" name="test_record_round_result_win_stamina_cost_is_1" time="0.298"><skipped type="pytest.skip" message="No minted photos available for testing record-round-result">/app/backend/tests/test_xp_level_system.py:274: No minted photos available for testing record-round-result</skipped></testcase><testcase classname="backend.tests.test_xp_level_system.TestRecordRoundResultEndpoint" name="test_record_round_result_loss_stamina_cost_is_2" time="0.301"><skipped type="pytest.skip" message="No minted photos available for testing record-round-result">/app/backend/tests/test_xp_level_system.py:294: No minted photos available for testing record-round-result</skipped></testcase><testcase classname="backend.tests.test_xp_level_system.TestRecordRoundResultEndpoint" name="test_record_round_result_returns_level_info" time="0.299"><skipped type="pytest.skip" message="No minted photos available for testing record-round-result">/app/backend/tests/test_xp_level_system.py:314: No minted photos available for testing record-round-result</skipped></testcase><testcase classname="backend.tests.test_xp_level_system.TestRecordRoundResultEndpoint" name="test_record_round_result_returns_streak_info" time="0.309"><skipped type="pytest.skip" message="No minted photos available for testing record-round-result">/app/backend/tests/test_xp_level_system.py:344: No minted photos available for testing record-round-result</skipped></testcase><testcase classname="backend.tests.test_xp_level_system.TestSubscriptionTiersInfo" name="test_subscription_tiers_have_xp_multiplier" time="0.039" /><testcase classname="backend.tests.test_xp_level_system.TestSubscriptionTiersInfo" name="test_subscription_tiers_have_daily_mint_limit" time="0.039" /><testcase classname="backend.tests.test_xp_level_system.TestSubscriptionTiersInfo" name="test_subscription_tiers_have_daily_bl_claim" time="0.036" /><testcase classname="backend.tests.test_xp_level_system.TestLevelThresholdsFormula" name="test_level_1_is_0_xp" time="0.035" /><testcase classname="backend.tests.test_xp_level_system.TestLevelThresholdsFormula" name="test_level_2_is_10_xp" time="0.043" /><testcase classname="backend.tests.test_xp_level_system.TestLevelThresholdsFormula" name="test_level_3_is_25_xp" time="0.037" /><testcase classname="backend.tests.test_xp_level_system.TestLevelThresholdsFormula" name="test_level_4_is_47_xp" time="0.038" /><testcase classname="backend.tests.test_xp_level_system.TestLevelThresholdsFormula" name="test_level_5_is_80_xp" time="0.037" /><testcase classname="backend.tests.test_xp_level_system.TestLevelThresholdsFormula" name="test_all_60_levels_present" time="0.039" /></testsuite></testsuites>