<?xml version="1.0" encoding="utf-8"?><testsuites name="pytest tests"><testsuite name="pytest" errors="0" failures="0" skipped="0" tests="18" time="2.771" timestamp="2026-01-09T08:20:11.732380+00:00" hostname="agent-env-588a4406-bbdc-4378-a810-41a32800dbe2"><testcase classname="tests.test_bug_fixes_iteration9.TestAuthentication" name="test_login_success" time="0.286" /><testcase classname="tests.test_bug_fixes_iteration9.TestFileUpload" name="test_upload_file_requires_auth" time="0.043" /><testcase classname="tests.test_bug_fixes_iteration9.TestFileUpload" name="test_upload_image_file" time="0.299" /><testcase classname="tests.test_bug_fixes_iteration9.TestFileUpload" name="test_upload_unsupported_file_type" time="0.039" /><testcase classname="tests.test_bug_fixes_iteration9.TestPostCreationWithMedia" name="test_create_post_with_image" time="0.339" /><testcase classname="tests.test_bug_fixes_iteration9.TestPostSharing" name="test_share_post" time="0.341" /><testcase classname="tests.test_bug_fixes_iteration9.TestPostSharing" name="test_cannot_share_private_post" time="0.115" /><testcase classname="tests.test_bug_fixes_iteration9.TestReferralNetwork" name="test_get_my_network" time="0.300" /><testcase classname="tests.test_bug_fixes_iteration9.TestReferralNetwork" name="test_referral_stats" time="0.040" /><testcase classname="tests.test_bug_fixes_iteration9.TestGuestMarketplace" name="test_get_marketplace_listings_no_auth" time="0.034" /><testcase classname="tests.test_bug_fixes_iteration9.TestGuestMarketplace" name="test_get_rentals_no_auth" time="0.046" /><testcase classname="tests.test_bug_fixes_iteration9.TestGuestMarketplace" name="test_get_services_no_auth" time="0.038" /><testcase classname="tests.test_bug_fixes_iteration9.TestGuestCheckout" name="test_guest_checkout_success" time="0.399" /><testcase classname="tests.test_bug_fixes_iteration9.TestGuestCheckout" name="test_guest_checkout_missing_required_fields" time="0.039" /><testcase classname="tests.test_bug_fixes_iteration9.TestGuestCheckout" name="test_guest_checkout_multiple_items" time="0.111" /><testcase classname="tests.test_bug_fixes_iteration9.TestLandingPageFeaturedListings" name="test_marketplace_listings_endpoint" time="0.034" /><testcase classname="tests.test_bug_fixes_iteration9.TestLandingPageFeaturedListings" name="test_rentals_endpoint" time="0.039" /><testcase classname="tests.test_bug_fixes_iteration9.TestLandingPageFeaturedListings" name="test_services_endpoint" time="0.037" /></testsuite></testsuites>