<?xml version="1.0" encoding="utf-8"?><testsuites name="pytest tests"><testsuite name="pytest" errors="0" failures="0" skipped="0" tests="13" time="4.144" timestamp="2026-02-16T00:39:34.821668+00:00" hostname="agent-env-e83a5e27-6cca-48f7-b57d-4b6c3fce8969"><testcase classname="backend.tests.test_email_verification_removal.TestEmailVerificationRemoval" name="test_verify_email_endpoint_returns_404" time="0.351" /><testcase classname="backend.tests.test_email_verification_removal.TestEmailVerificationRemoval" name="test_resend_verification_endpoint_returns_404" time="0.137" /><testcase classname="backend.tests.test_email_verification_removal.TestEmailVerificationRemoval" name="test_resend_verification_public_endpoint_returns_404" time="0.112" /><testcase classname="backend.tests.test_email_verification_removal.TestLoginWithoutVerification" name="test_existing_user_login_success" time="0.351" /><testcase classname="backend.tests.test_email_verification_removal.TestLoginWithoutVerification" name="test_login_response_has_no_verification_required_error" time="0.368" /><testcase classname="backend.tests.test_email_verification_removal.TestRegistrationWithoutVerification" name="test_register_returns_token_immediately" time="0.596" /><testcase classname="backend.tests.test_email_verification_removal.TestRegistrationWithoutVerification" name="test_register_no_verification_email_sent" time="0.520" /><testcase classname="backend.tests.test_email_verification_removal.TestAuthEndpointsExist" name="test_login_endpoint_exists" time="0.131" /><testcase classname="backend.tests.test_email_verification_removal.TestAuthEndpointsExist" name="test_register_endpoint_exists" time="0.111" /><testcase classname="backend.tests.test_email_verification_removal.TestAuthEndpointsExist" name="test_google_auth_endpoint_exists" time="0.128" /><testcase classname="backend.tests.test_email_verification_removal.TestAuthEndpointsExist" name="test_me_endpoint_exists" time="0.137" /><testcase classname="backend.tests.test_email_verification_removal.TestProtectedRoutesWork" name="test_wallet_accessible_after_login" time="0.516" /><testcase classname="backend.tests.test_email_verification_removal.TestProtectedRoutesWork" name="test_profile_accessible_after_login" time="0.613" /></testsuite></testsuites>