<?xml version="1.0" encoding="utf-8"?><testsuites name="pytest tests"><testsuite name="pytest" errors="0" failures="0" skipped="0" tests="15" time="5.074" timestamp="2026-01-21T05:13:03.893831+00:00" hostname="agent-env-1b727b1c-0359-4190-a560-d43c77aefdb9"><testcase classname="tests.test_privacy_toggle_iteration49.TestPrivacyToggleFeature" name="test_privacy_settings_endpoint_exists" time="0.355" /><testcase classname="tests.test_privacy_toggle_iteration49.TestPrivacyToggleFeature" name="test_enable_privacy_setting" time="0.302" /><testcase classname="tests.test_privacy_toggle_iteration49.TestPrivacyToggleFeature" name="test_disable_privacy_setting" time="0.298" /><testcase classname="tests.test_privacy_toggle_iteration49.TestPrivacyToggleFeature" name="test_privacy_setting_requires_auth" time="0.299" /><testcase classname="tests.test_privacy_toggle_iteration49.TestPrivacyToggleFeature" name="test_privacy_setting_persists" time="0.359" /><testcase classname="tests.test_privacy_toggle_iteration49.TestPrivacyToggleFeature" name="test_get_user_with_privacy_enabled_as_non_friend" time="0.305" /><testcase classname="tests.test_privacy_toggle_iteration49.TestPrivacyToggleFeature" name="test_get_user_with_privacy_disabled" time="0.316" /><testcase classname="tests.test_privacy_toggle_iteration49.TestPrivacyToggleFeature" name="test_user_can_see_own_name" time="0.329" /><testcase classname="tests.test_privacy_toggle_iteration49.TestPrivacyToggleFeature" name="test_marketplace_listings_respect_privacy" time="0.306" /><testcase classname="tests.test_privacy_toggle_iteration49.TestPrivacyToggleFeature" name="test_single_listing_respects_privacy" time="0.454" /><testcase classname="tests.test_privacy_toggle_iteration49.TestPrivacyToggleFeature" name="test_listing_shows_real_name_when_privacy_disabled" time="0.323" /><testcase classname="tests.test_privacy_toggle_iteration49.TestPrivacyToggleFeature" name="test_friends_endpoint_exists" time="0.283" /><testcase classname="tests.test_privacy_toggle_iteration49.TestPrivacyToggleEdgeCases" name="test_invalid_privacy_value" time="0.312" /><testcase classname="tests.test_privacy_toggle_iteration49.TestPrivacyToggleEdgeCases" name="test_missing_privacy_field" time="0.275" /><testcase classname="tests.test_privacy_toggle_iteration49.TestPrivacyToggleEdgeCases" name="test_privacy_toggle_multiple_times" time="0.483" /></testsuite></testsuites>