<?xml version="1.0" encoding="utf-8"?><testsuites name="pytest tests"><testsuite name="pytest" errors="0" failures="0" skipped="0" tests="13" time="3.810" timestamp="2026-01-10T08:55:51.129889+00:00" hostname="agent-env-424ab1d4-5a8b-448e-beb1-9b33c2e7c358"><testcase classname="tests.test_daily_spin_iteration13.TestDailySpinAPI" name="test_daily_spin_status_returns_correct_structure" time="0.308" /><testcase classname="tests.test_daily_spin_iteration13.TestDailySpinAPI" name="test_daily_spin_rewards_match_specification" time="0.268" /><testcase classname="tests.test_daily_spin_iteration13.TestDailySpinAPI" name="test_daily_spin_claim_already_claimed_today" time="0.275" /><testcase classname="tests.test_daily_spin_iteration13.TestDailySpinAPI" name="test_daily_spin_status_requires_auth" time="0.365" /><testcase classname="tests.test_daily_spin_iteration13.TestDailySpinAPI" name="test_daily_spin_claim_requires_auth" time="0.289" /><testcase classname="tests.test_daily_spin_iteration13.TestDailySpinAPI" name="test_daily_spin_status_shows_next_spin_time_when_claimed" time="0.267" /><testcase classname="tests.test_daily_spin_iteration13.TestCasinoGamesStillWork" name="test_slots_still_works" time="0.306" /><testcase classname="tests.test_daily_spin_iteration13.TestCasinoGamesStillWork" name="test_blackjack_still_works" time="0.265" /><testcase classname="tests.test_daily_spin_iteration13.TestCasinoGamesStillWork" name="test_roulette_still_works" time="0.267" /><testcase classname="tests.test_daily_spin_iteration13.TestCasinoGamesStillWork" name="test_wheel_still_works" time="0.309" /><testcase classname="tests.test_daily_spin_iteration13.TestCasinoGamesStillWork" name="test_casino_stats_still_works" time="0.269" /><testcase classname="tests.test_daily_spin_iteration13.TestCasinoGamesStillWork" name="test_casino_history_still_works" time="0.273" /><testcase classname="tests.test_daily_spin_iteration13.TestDailySpinInHistory" name="test_daily_spin_recorded_in_history" time="0.277" /></testsuite></testsuites>