<?xml version="1.0" encoding="utf-8"?><testsuites name="pytest tests"><testsuite name="pytest" errors="0" failures="0" skipped="0" tests="3" time="1.710" timestamp="2026-02-01T02:20:39.942337+00:00" hostname="agent-env-270426b2-d932-4140-8c0a-f9d675df1a83"><testcase classname="backend.tests.test_pvp_photo_selection_fix.TestPVPPhotoSelectionFix" name="test_full_pvp_flow_with_photo_selection_fix" time="1.339" /><testcase classname="backend.tests.test_pvp_photo_selection_fix.TestPhotoSelectionEdgeCases" name="test_cannot_select_opponent_photo" time="0.309" /><testcase classname="backend.tests.test_pvp_photo_selection_fix.TestPhotoSelectionEdgeCases" name="test_session_status_transitions" time="0.010" /></testsuite></testsuites>