<?xml version="1.0" encoding="utf-8"?><testsuites name="pytest tests"><testsuite name="pytest" errors="0" failures="0" skipped="1" tests="10" time="9.126" timestamp="2026-01-19T06:26:45.021202+00:00" hostname="agent-env-b3cf2798-b4ab-4200-a31c-8cb158b0d779"><testcase classname="tests.test_minting_matchmaking_iteration35.TestMintingAndMatchmaking" name="test_minting_status_endpoint" time="0.356" /><testcase classname="tests.test_minting_matchmaking_iteration35.TestMintingAndMatchmaking" name="test_minting_config_endpoint" time="0.411" /><testcase classname="tests.test_minting_matchmaking_iteration35.TestMintingAndMatchmaking" name="test_minting_photo_upload_with_formdata" time="0.327" /><testcase classname="tests.test_minting_matchmaking_iteration35.TestMintingAndMatchmaking" name="test_get_user_minted_photos" time="0.280" /><testcase classname="tests.test_minting_matchmaking_iteration35.TestMintingAndMatchmaking" name="test_battle_photos_endpoint" time="0.268" /><testcase classname="tests.test_minting_matchmaking_iteration35.TestMintingAndMatchmaking" name="test_pvp_queue_status" time="0.273" /><testcase classname="tests.test_minting_matchmaking_iteration35.TestMintingAndMatchmaking" name="test_find_match_and_start_game" time="6.009" /><testcase classname="tests.test_minting_matchmaking_iteration35.TestMintingAndMatchmaking" name="test_rps_auction_move" time="0.321" /><testcase classname="tests.test_minting_matchmaking_iteration35.TestMintingAndMatchmaking" name="test_cancel_matchmaking" time="0.376" /><testcase classname="tests.test_minting_matchmaking_iteration35.TestFormDataBooleanHandling" name="test_formdata_string_true" time="0.271"><skipped type="pytest.skip" message="User cannot mint: Daily limit reached (3 mints). Resets at midnight UTC.">/app/tests/test_minting_matchmaking_iteration35.py:365: User cannot mint: Daily limit reached (3 mints). Resets at midnight UTC.</skipped></testcase></testsuite></testsuites>