<?xml version="1.0" encoding="utf-8"?><testsuites name="pytest tests"><testsuite name="pytest" errors="0" failures="0" skipped="0" tests="15" time="2.591" timestamp="2026-02-06T04:20:32.224246+00:00" hostname="agent-env-f102a490-374a-4447-9a89-0b000bb60732"><testcase classname="backend.tests.test_pvp_round_transition.TestPVPRoundTransition" name="test_01_health_check" time="0.058" /><testcase classname="backend.tests.test_pvp_round_transition.TestPVPRoundTransition" name="test_02_user1_login" time="0.351" /><testcase classname="backend.tests.test_pvp_round_transition.TestPVPRoundTransition" name="test_03_user2_login" time="0.265" /><testcase classname="backend.tests.test_pvp_round_transition.TestPVPRoundTransition" name="test_04_submit_round_result_api_endpoint_exists" time="0.307" /><testcase classname="backend.tests.test_pvp_round_transition.TestPVPRoundTransition" name="test_05_pvp_session_endpoint" time="0.298" /><testcase classname="backend.tests.test_pvp_round_transition.TestPVPRoundTransition" name="test_06_pvp_tap_endpoint" time="0.287" /><testcase classname="backend.tests.test_pvp_round_transition.TestPVPRoundTransition" name="test_07_pvp_tap_state_endpoint" time="0.327" /><testcase classname="backend.tests.test_pvp_round_transition.TestPVPRoundTransition" name="test_08_pvp_finish_round_endpoint" time="0.286" /><testcase classname="backend.tests.test_pvp_round_transition.TestPVPRoundTransition" name="test_09_pvp_next_round_endpoint" time="0.333" /><testcase classname="backend.tests.test_pvp_round_transition.TestPVPRoundTransition" name="test_10_round_types_sequence" time="0.000" /><testcase classname="backend.tests.test_pvp_round_transition.TestPVPScoreCalculation" name="test_score_calculation_player1_wins" time="0.000" /><testcase classname="backend.tests.test_pvp_round_transition.TestPVPScoreCalculation" name="test_score_calculation_player2_wins" time="0.000" /><testcase classname="backend.tests.test_pvp_round_transition.TestPVPScoreCalculation" name="test_score_calculation_opponent_wins_as_player1" time="0.000" /><testcase classname="backend.tests.test_pvp_round_transition.TestPVPScoreCalculation" name="test_score_calculation_opponent_wins_as_player2" time="0.000" /><testcase classname="backend.tests.test_pvp_round_transition.TestPVPWebSocketConstants" name="test_websocket_endpoint_accessible" time="0.000" /></testsuite></testsuites>